<?xml version="1.0" encoding="UTF-8"?>
<testsuite xmlns:xsi="http://www.w3.org/2001/XMLSchema-instance" xsi:noNamespaceSchemaLocation="https://maven.apache.org/surefire/maven-surefire-plugin/xsd/surefire-test-report.xsd" name="org.apache.zookeeper.test.randoop.c0.keeperexception.RegressionTest1" time="6.319" tests="500" errors="0" skipped="0" failures="0">
  <properties>
[...]
</properties>
  <testcase name="test0501" classname="org.apache.zookeeper.test.randoop.c0.keeperexception.RegressionTest1" time="0.24"/>
  <testcase name="test0502" classname="org.apache.zookeeper.test.randoop.c0.keeperexception.RegressionTest1" time="0"/>
  <testcase name="test0503" classname="org.apache.zookeeper.test.randoop.c0.keeperexception.RegressionTest1" time="0.049"/>
  <testcase name="test0504" classname="org.apache.zookeeper.test.randoop.c0.keeperexception.RegressionTest1" time="0.039"/>
  <testcase name="test0505" classname="org.apache.zookeeper.test.randoop.c0.keeperexception.RegressionTest1" time="0.068"/>
  <testcase name="test0506" classname="org.apache.zookeeper.test.randoop.c0.keeperexception.RegressionTest1" time="0.023"/>
  <testcase name="test0507" classname="org.apache.zookeeper.test.randoop.c0.keeperexception.RegressionTest1" time="0.069"/>
  <testcase name="test0508" classname="org.apache.zookeeper.test.randoop.c0.keeperexception.RegressionTest1" time="0"/>
  <testcase name="test0509" classname="org.apache.zookeeper.test.randoop.c0.keeperexception.RegressionTest1" time="0.051"/>
  <testcase name="test0510" classname="org.apache.zookeeper.test.randoop.c0.keeperexception.RegressionTest1" time="0"/>
  <testcase name="test0511" classname="org.apache.zookeeper.test.randoop.c0.keeperexception.RegressionTest1" time="0"/>
  <testcase name="test0512" classname="org.apache.zookeeper.test.randoop.c0.keeperexception.RegressionTest1" time="0"/>
  <testcase name="test0513" classname="org.apache.zookeeper.test.randoop.c0.keeperexception.RegressionTest1" time="0.049"/>
  <testcase name="test0514" classname="org.apache.zookeeper.test.randoop.c0.keeperexception.RegressionTest1" time="0"/>
  <testcase name="test0515" classname="org.apache.zookeeper.test.randoop.c0.keeperexception.RegressionTest1" time="0"/>
  <testcase name="test0516" classname="org.apache.zookeeper.test.randoop.c0.keeperexception.RegressionTest1" time="0"/>
  <testcase name="test0517" classname="org.apache.zookeeper.test.randoop.c0.keeperexception.RegressionTest1" time="0"/>
  <testcase name="test0518" classname="org.apache.zookeeper.test.randoop.c0.keeperexception.RegressionTest1" time="0"/>
  <testcase name="test0519" classname="org.apache.zookeeper.test.randoop.c0.keeperexception.RegressionTest1" time="0"/>
  <testcase name="test0520" classname="org.apache.zookeeper.test.randoop.c0.keeperexception.RegressionTest1" time="0.083"/>
  <testcase name="test0521" classname="org.apache.zookeeper.test.randoop.c0.keeperexception.RegressionTest1" time="0"/>
  <testcase name="test0522" classname="org.apache.zookeeper.test.randoop.c0.keeperexception.RegressionTest1" time="0"/>
  <testcase name="test0523" classname="org.apache.zookeeper.test.randoop.c0.keeperexception.RegressionTest1" time="0"/>
  <testcase name="test0524" classname="org.apache.zookeeper.test.randoop.c0.keeperexception.RegressionTest1" time="0"/>
  <testcase name="test0525" classname="org.apache.zookeeper.test.randoop.c0.keeperexception.RegressionTest1" time="0.069"/>
  <testcase name="test0526" classname="org.apache.zookeeper.test.randoop.c0.keeperexception.RegressionTest1" time="0"/>
  <testcase name="test0527" classname="org.apache.zookeeper.test.randoop.c0.keeperexception.RegressionTest1" time="0.024"/>
  <testcase name="test0528" classname="org.apache.zookeeper.test.randoop.c0.keeperexception.RegressionTest1" time="0"/>
  <testcase name="test0529" classname="org.apache.zookeeper.test.randoop.c0.keeperexception.RegressionTest1" time="0"/>
  <testcase name="test0530" classname="org.apache.zookeeper.test.randoop.c0.keeperexception.RegressionTest1" time="0"/>
  <testcase name="test0531" classname="org.apache.zookeeper.test.randoop.c0.keeperexception.RegressionTest1" time="0"/>
  <testcase name="test0532" classname="org.apache.zookeeper.test.randoop.c0.keeperexception.RegressionTest1" time="0"/>
  <testcase name="test0533" classname="org.apache.zookeeper.test.randoop.c0.keeperexception.RegressionTest1" time="0.054"/>
  <testcase name="test0534" classname="org.apache.zookeeper.test.randoop.c0.keeperexception.RegressionTest1" time="0.005"/>
  <testcase name="test0535" classname="org.apache.zookeeper.test.randoop.c0.keeperexception.RegressionTest1" time="0"/>
  <testcase name="test0536" classname="org.apache.zookeeper.test.randoop.c0.keeperexception.RegressionTest1" time="0"/>
  <testcase name="test0537" classname="org.apache.zookeeper.test.randoop.c0.keeperexception.RegressionTest1" time="0.066"/>
  <testcase name="test0538" classname="org.apache.zookeeper.test.randoop.c0.keeperexception.RegressionTest1" time="0"/>
  <testcase name="test0539" classname="org.apache.zookeeper.test.randoop.c0.keeperexception.RegressionTest1" time="0"/>
  <testcase name="test0540" classname="org.apache.zookeeper.test.randoop.c0.keeperexception.RegressionTest1" time="0.001"/>
  <testcase name="test0541" classname="org.apache.zookeeper.test.randoop.c0.keeperexception.RegressionTest1" time="0.002"/>
  <testcase name="test0542" classname="org.apache.zookeeper.test.randoop.c0.keeperexception.RegressionTest1" time="0"/>
  <testcase name="test0543" classname="org.apache.zookeeper.test.randoop.c0.keeperexception.RegressionTest1" time="0.001"/>
  <testcase name="test0544" classname="org.apache.zookeeper.test.randoop.c0.keeperexception.RegressionTest1" time="0.005"/>
  <testcase name="test0545" classname="org.apache.zookeeper.test.randoop.c0.keeperexception.RegressionTest1" time="0"/>
  <testcase name="test0546" classname="org.apache.zookeeper.test.randoop.c0.keeperexception.RegressionTest1" time="0.032"/>
  <testcase name="test0547" classname="org.apache.zookeeper.test.randoop.c0.keeperexception.RegressionTest1" time="0"/>
  <testcase name="test0548" classname="org.apache.zookeeper.test.randoop.c0.keeperexception.RegressionTest1" time="0"/>
  <testcase name="test0549" classname="org.apache.zookeeper.test.randoop.c0.keeperexception.RegressionTest1" time="0"/>
  <testcase name="test0550" classname="org.apache.zookeeper.test.randoop.c0.keeperexception.RegressionTest1" time="0.051"/>
  <testcase name="test0551" classname="org.apache.zookeeper.test.randoop.c0.keeperexception.RegressionTest1" time="0"/>
  <testcase name="test0552" classname="org.apache.zookeeper.test.randoop.c0.keeperexception.RegressionTest1" time="0.003"/>
  <testcase name="test0553" classname="org.apache.zookeeper.test.randoop.c0.keeperexception.RegressionTest1" time="0"/>
  <testcase name="test0554" classname="org.apache.zookeeper.test.randoop.c0.keeperexception.RegressionTest1" time="0"/>
  <testcase name="test0555" classname="org.apache.zookeeper.test.randoop.c0.keeperexception.RegressionTest1" time="0"/>
  <testcase name="test0556" classname="org.apache.zookeeper.test.randoop.c0.keeperexception.RegressionTest1" time="0"/>
  <testcase name="test0557" classname="org.apache.zookeeper.test.randoop.c0.keeperexception.RegressionTest1" time="0"/>
  <testcase name="test0558" classname="org.apache.zookeeper.test.randoop.c0.keeperexception.RegressionTest1" time="0.027"/>
  <testcase name="test0559" classname="org.apache.zookeeper.test.randoop.c0.keeperexception.RegressionTest1" time="0.003"/>
  <testcase name="test0560" classname="org.apache.zookeeper.test.randoop.c0.keeperexception.RegressionTest1" time="0.009"/>
  <testcase name="test0561" classname="org.apache.zookeeper.test.randoop.c0.keeperexception.RegressionTest1" time="0"/>
  <testcase name="test0562" classname="org.apache.zookeeper.test.randoop.c0.keeperexception.RegressionTest1" time="0"/>
  <testcase name="test0563" classname="org.apache.zookeeper.test.randoop.c0.keeperexception.RegressionTest1" time="0"/>
  <testcase name="test0564" classname="org.apache.zookeeper.test.randoop.c0.keeperexception.RegressionTest1" time="0.052"/>
  <testcase name="test0565" classname="org.apache.zookeeper.test.randoop.c0.keeperexception.RegressionTest1" time="0"/>
  <testcase name="test0566" classname="org.apache.zookeeper.test.randoop.c0.keeperexception.RegressionTest1" time="0"/>
  <testcase name="test0567" classname="org.apache.zookeeper.test.randoop.c0.keeperexception.RegressionTest1" time="0.013"/>
  <testcase name="test0568" classname="org.apache.zookeeper.test.randoop.c0.keeperexception.RegressionTest1" time="0"/>
  <testcase name="test0569" classname="org.apache.zookeeper.test.randoop.c0.keeperexception.RegressionTest1" time="0.043"/>
  <testcase name="test0570" classname="org.apache.zookeeper.test.randoop.c0.keeperexception.RegressionTest1" time="0"/>
  <testcase name="test0571" classname="org.apache.zookeeper.test.randoop.c0.keeperexception.RegressionTest1" time="0.006"/>
  <testcase name="test0572" classname="org.apache.zookeeper.test.randoop.c0.keeperexception.RegressionTest1" time="0.017"/>
  <testcase name="test0573" classname="org.apache.zookeeper.test.randoop.c0.keeperexception.RegressionTest1" time="0"/>
  <testcase name="test0574" classname="org.apache.zookeeper.test.randoop.c0.keeperexception.RegressionTest1" time="0.012"/>
  <testcase name="test0575" classname="org.apache.zookeeper.test.randoop.c0.keeperexception.RegressionTest1" time="0.041"/>
  <testcase name="test0576" classname="org.apache.zookeeper.test.randoop.c0.keeperexception.RegressionTest1" time="0"/>
  <testcase name="test0577" classname="org.apache.zookeeper.test.randoop.c0.keeperexception.RegressionTest1" time="0"/>
  <testcase name="test0578" classname="org.apache.zookeeper.test.randoop.c0.keeperexception.RegressionTest1" time="0"/>
  <testcase name="test0579" classname="org.apache.zookeeper.test.randoop.c0.keeperexception.RegressionTest1" time="0"/>
  <testcase name="test0580" classname="org.apache.zookeeper.test.randoop.c0.keeperexception.RegressionTest1" time="0"/>
  <testcase name="test0581" classname="org.apache.zookeeper.test.randoop.c0.keeperexception.RegressionTest1" time="0"/>
  <testcase name="test0582" classname="org.apache.zookeeper.test.randoop.c0.keeperexception.RegressionTest1" time="0"/>
  <testcase name="test0583" classname="org.apache.zookeeper.test.randoop.c0.keeperexception.RegressionTest1" time="0"/>
  <testcase name="test0584" classname="org.apache.zookeeper.test.randoop.c0.keeperexception.RegressionTest1" time="0"/>
  <testcase name="test0585" classname="org.apache.zookeeper.test.randoop.c0.keeperexception.RegressionTest1" time="0"/>
  <testcase name="test0586" classname="org.apache.zookeeper.test.randoop.c0.keeperexception.RegressionTest1" time="0"/>
  <testcase name="test0587" classname="org.apache.zookeeper.test.randoop.c0.keeperexception.RegressionTest1" time="0.057"/>
  <testcase name="test0588" classname="org.apache.zookeeper.test.randoop.c0.keeperexception.RegressionTest1" time="0"/>
  <testcase name="test0589" classname="org.apache.zookeeper.test.randoop.c0.keeperexception.RegressionTest1" time="0.026"/>
  <testcase name="test0590" classname="org.apache.zookeeper.test.randoop.c0.keeperexception.RegressionTest1" time="0"/>
  <testcase name="test0591" classname="org.apache.zookeeper.test.randoop.c0.keeperexception.RegressionTest1" time="0"/>
  <testcase name="test0592" classname="org.apache.zookeeper.test.randoop.c0.keeperexception.RegressionTest1" time="0"/>
  <testcase name="test0593" classname="org.apache.zookeeper.test.randoop.c0.keeperexception.RegressionTest1" time="0"/>
  <testcase name="test0594" classname="org.apache.zookeeper.test.randoop.c0.keeperexception.RegressionTest1" time="0"/>
  <testcase name="test0595" classname="org.apache.zookeeper.test.randoop.c0.keeperexception.RegressionTest1" time="0"/>
  <testcase name="test0596" classname="org.apache.zookeeper.test.randoop.c0.keeperexception.RegressionTest1" time="0.051"/>
  <testcase name="test0597" classname="org.apache.zookeeper.test.randoop.c0.keeperexception.RegressionTest1" time="0.004"/>
  <testcase name="test0598" classname="org.apache.zookeeper.test.randoop.c0.keeperexception.RegressionTest1" time="0"/>
  <testcase name="test0599" classname="org.apache.zookeeper.test.randoop.c0.keeperexception.RegressionTest1" time="0"/>
  <testcase name="test0600" classname="org.apache.zookeeper.test.randoop.c0.keeperexception.RegressionTest1" time="0"/>
  <testcase name="test0601" classname="org.apache.zookeeper.test.randoop.c0.keeperexception.RegressionTest1" time="0"/>
  <testcase name="test0602" classname="org.apache.zookeeper.test.randoop.c0.keeperexception.RegressionTest1" time="0"/>
  <testcase name="test0603" classname="org.apache.zookeeper.test.randoop.c0.keeperexception.RegressionTest1" time="0"/>
  <testcase name="test0604" classname="org.apache.zookeeper.test.randoop.c0.keeperexception.RegressionTest1" time="0"/>
  <testcase name="test0605" classname="org.apache.zookeeper.test.randoop.c0.keeperexception.RegressionTest1" time="0"/>
  <testcase name="test0606" classname="org.apache.zookeeper.test.randoop.c0.keeperexception.RegressionTest1" time="0"/>
  <testcase name="test0607" classname="org.apache.zookeeper.test.randoop.c0.keeperexception.RegressionTest1" time="0"/>
  <testcase name="test0608" classname="org.apache.zookeeper.test.randoop.c0.keeperexception.RegressionTest1" time="0.006"/>
  <testcase name="test0609" classname="org.apache.zookeeper.test.randoop.c0.keeperexception.RegressionTest1" time="0.002"/>
  <testcase name="test0610" classname="org.apache.zookeeper.test.randoop.c0.keeperexception.RegressionTest1" time="0.04"/>
  <testcase name="test0611" classname="org.apache.zookeeper.test.randoop.c0.keeperexception.RegressionTest1" time="0"/>
  <testcase name="test0612" classname="org.apache.zookeeper.test.randoop.c0.keeperexception.RegressionTest1" time="0"/>
  <testcase name="test0613" classname="org.apache.zookeeper.test.randoop.c0.keeperexception.RegressionTest1" time="0"/>
  <testcase name="test0614" classname="org.apache.zookeeper.test.randoop.c0.keeperexception.RegressionTest1" time="0.063"/>
  <testcase name="test0615" classname="org.apache.zookeeper.test.randoop.c0.keeperexception.RegressionTest1" time="0"/>
  <testcase name="test0616" classname="org.apache.zookeeper.test.randoop.c0.keeperexception.RegressionTest1" time="0"/>
  <testcase name="test0617" classname="org.apache.zookeeper.test.randoop.c0.keeperexception.RegressionTest1" time="0"/>
  <testcase name="test0618" classname="org.apache.zookeeper.test.randoop.c0.keeperexception.RegressionTest1" time="0.001"/>
  <testcase name="test0619" classname="org.apache.zookeeper.test.randoop.c0.keeperexception.RegressionTest1" time="0.07"/>
  <testcase name="test0620" classname="org.apache.zookeeper.test.randoop.c0.keeperexception.RegressionTest1" time="0"/>
  <testcase name="test0621" classname="org.apache.zookeeper.test.randoop.c0.keeperexception.RegressionTest1" time="0"/>
  <testcase name="test0622" classname="org.apache.zookeeper.test.randoop.c0.keeperexception.RegressionTest1" time="0"/>
  <testcase name="test0623" classname="org.apache.zookeeper.test.randoop.c0.keeperexception.RegressionTest1" time="0"/>
  <testcase name="test0624" classname="org.apache.zookeeper.test.randoop.c0.keeperexception.RegressionTest1" time="0.066"/>
  <testcase name="test0625" classname="org.apache.zookeeper.test.randoop.c0.keeperexception.RegressionTest1" time="0"/>
  <testcase name="test0626" classname="org.apache.zookeeper.test.randoop.c0.keeperexception.RegressionTest1" time="0"/>
  <testcase name="test0627" classname="org.apache.zookeeper.test.randoop.c0.keeperexception.RegressionTest1" time="0"/>
  <testcase name="test0628" classname="org.apache.zookeeper.test.randoop.c0.keeperexception.RegressionTest1" time="0.038"/>
  <testcase name="test0629" classname="org.apache.zookeeper.test.randoop.c0.keeperexception.RegressionTest1" time="0.042"/>
  <testcase name="test0630" classname="org.apache.zookeeper.test.randoop.c0.keeperexception.RegressionTest1" time="0"/>
  <testcase name="test0631" classname="org.apache.zookeeper.test.randoop.c0.keeperexception.RegressionTest1" time="0"/>
  <testcase name="test0632" classname="org.apache.zookeeper.test.randoop.c0.keeperexception.RegressionTest1" time="0"/>
  <testcase name="test0633" classname="org.apache.zookeeper.test.randoop.c0.keeperexception.RegressionTest1" time="0"/>
  <testcase name="test0634" classname="org.apache.zookeeper.test.randoop.c0.keeperexception.RegressionTest1" time="0.027"/>
  <testcase name="test0635" classname="org.apache.zookeeper.test.randoop.c0.keeperexception.RegressionTest1" time="0"/>
  <testcase name="test0636" classname="org.apache.zookeeper.test.randoop.c0.keeperexception.RegressionTest1" time="0.041"/>
  <testcase name="test0637" classname="org.apache.zookeeper.test.randoop.c0.keeperexception.RegressionTest1" time="0"/>
  <testcase name="test0638" classname="org.apache.zookeeper.test.randoop.c0.keeperexception.RegressionTest1" time="0"/>
  <testcase name="test0639" classname="org.apache.zookeeper.test.randoop.c0.keeperexception.RegressionTest1" time="0"/>
  <testcase name="test0640" classname="org.apache.zookeeper.test.randoop.c0.keeperexception.RegressionTest1" time="0.051"/>
  <testcase name="test0641" classname="org.apache.zookeeper.test.randoop.c0.keeperexception.RegressionTest1" time="0"/>
  <testcase name="test0642" classname="org.apache.zookeeper.test.randoop.c0.keeperexception.RegressionTest1" time="0"/>
  <testcase name="test0643" classname="org.apache.zookeeper.test.randoop.c0.keeperexception.RegressionTest1" time="0"/>
  <testcase name="test0644" classname="org.apache.zookeeper.test.randoop.c0.keeperexception.RegressionTest1" time="0"/>
  <testcase name="test0645" classname="org.apache.zookeeper.test.randoop.c0.keeperexception.RegressionTest1" time="0"/>
  <testcase name="test0646" classname="org.apache.zookeeper.test.randoop.c0.keeperexception.RegressionTest1" time="0"/>
  <testcase name="test0647" classname="org.apache.zookeeper.test.randoop.c0.keeperexception.RegressionTest1" time="0.04"/>
  <testcase name="test0648" classname="org.apache.zookeeper.test.randoop.c0.keeperexception.RegressionTest1" time="0"/>
  <testcase name="test0649" classname="org.apache.zookeeper.test.randoop.c0.keeperexception.RegressionTest1" time="0"/>
  <testcase name="test0650" classname="org.apache.zookeeper.test.randoop.c0.keeperexception.RegressionTest1" time="0"/>
  <testcase name="test0651" classname="org.apache.zookeeper.test.randoop.c0.keeperexception.RegressionTest1" time="0"/>
  <testcase name="test0652" classname="org.apache.zookeeper.test.randoop.c0.keeperexception.RegressionTest1" time="0"/>
  <testcase name="test0653" classname="org.apache.zookeeper.test.randoop.c0.keeperexception.RegressionTest1" time="0"/>
  <testcase name="test0654" classname="org.apache.zookeeper.test.randoop.c0.keeperexception.RegressionTest1" time="0"/>
  <testcase name="test0655" classname="org.apache.zookeeper.test.randoop.c0.keeperexception.RegressionTest1" time="0"/>
  <testcase name="test0656" classname="org.apache.zookeeper.test.randoop.c0.keeperexception.RegressionTest1" time="0"/>
  <testcase name="test0657" classname="org.apache.zookeeper.test.randoop.c0.keeperexception.RegressionTest1" time="0.032"/>
  <testcase name="test0658" classname="org.apache.zookeeper.test.randoop.c0.keeperexception.RegressionTest1" time="0"/>
  <testcase name="test0659" classname="org.apache.zookeeper.test.randoop.c0.keeperexception.RegressionTest1" time="0.021"/>
  <testcase name="test0660" classname="org.apache.zookeeper.test.randoop.c0.keeperexception.RegressionTest1" time="0"/>
  <testcase name="test0661" classname="org.apache.zookeeper.test.randoop.c0.keeperexception.RegressionTest1" time="0"/>
  <testcase name="test0662" classname="org.apache.zookeeper.test.randoop.c0.keeperexception.RegressionTest1" time="0"/>
  <testcase name="test0663" classname="org.apache.zookeeper.test.randoop.c0.keeperexception.RegressionTest1" time="0"/>
  <testcase name="test0664" classname="org.apache.zookeeper.test.randoop.c0.keeperexception.RegressionTest1" time="0"/>
  <testcase name="test0665" classname="org.apache.zookeeper.test.randoop.c0.keeperexception.RegressionTest1" time="0"/>
  <testcase name="test0666" classname="org.apache.zookeeper.test.randoop.c0.keeperexception.RegressionTest1" time="0"/>
  <testcase name="test0667" classname="org.apache.zookeeper.test.randoop.c0.keeperexception.RegressionTest1" time="0"/>
  <testcase name="test0668" classname="org.apache.zookeeper.test.randoop.c0.keeperexception.RegressionTest1" time="0.055"/>
  <testcase name="test0669" classname="org.apache.zookeeper.test.randoop.c0.keeperexception.RegressionTest1" time="0"/>
  <testcase name="test0670" classname="org.apache.zookeeper.test.randoop.c0.keeperexception.RegressionTest1" time="0"/>
  <testcase name="test0671" classname="org.apache.zookeeper.test.randoop.c0.keeperexception.RegressionTest1" time="0.038"/>
  <testcase name="test0672" classname="org.apache.zookeeper.test.randoop.c0.keeperexception.RegressionTest1" time="0"/>
  <testcase name="test0673" classname="org.apache.zookeeper.test.randoop.c0.keeperexception.RegressionTest1" time="0.026"/>
  <testcase name="test0674" classname="org.apache.zookeeper.test.randoop.c0.keeperexception.RegressionTest1" time="0"/>
  <testcase name="test0675" classname="org.apache.zookeeper.test.randoop.c0.keeperexception.RegressionTest1" time="0"/>
  <testcase name="test0676" classname="org.apache.zookeeper.test.randoop.c0.keeperexception.RegressionTest1" time="0"/>
  <testcase name="test0677" classname="org.apache.zookeeper.test.randoop.c0.keeperexception.RegressionTest1" time="0"/>
  <testcase name="test0678" classname="org.apache.zookeeper.test.randoop.c0.keeperexception.RegressionTest1" time="0"/>
  <testcase name="test0679" classname="org.apache.zookeeper.test.randoop.c0.keeperexception.RegressionTest1" time="0"/>
  <testcase name="test0680" classname="org.apache.zookeeper.test.randoop.c0.keeperexception.RegressionTest1" time="0"/>
  <testcase name="test0681" classname="org.apache.zookeeper.test.randoop.c0.keeperexception.RegressionTest1" time="0.048"/>
  <testcase name="test0682" classname="org.apache.zookeeper.test.randoop.c0.keeperexception.RegressionTest1" time="0"/>
  <testcase name="test0683" classname="org.apache.zookeeper.test.randoop.c0.keeperexception.RegressionTest1" time="0"/>
  <testcase name="test0684" classname="org.apache.zookeeper.test.randoop.c0.keeperexception.RegressionTest1" time="0"/>
  <testcase name="test0685" classname="org.apache.zookeeper.test.randoop.c0.keeperexception.RegressionTest1" time="0.024"/>
  <testcase name="test0686" classname="org.apache.zookeeper.test.randoop.c0.keeperexception.RegressionTest1" time="0.044"/>
  <testcase name="test0687" classname="org.apache.zookeeper.test.randoop.c0.keeperexception.RegressionTest1" time="0"/>
  <testcase name="test0688" classname="org.apache.zookeeper.test.randoop.c0.keeperexception.RegressionTest1" time="0"/>
  <testcase name="test0689" classname="org.apache.zookeeper.test.randoop.c0.keeperexception.RegressionTest1" time="0"/>
  <testcase name="test0690" classname="org.apache.zookeeper.test.randoop.c0.keeperexception.RegressionTest1" time="0.011"/>
  <testcase name="test0691" classname="org.apache.zookeeper.test.randoop.c0.keeperexception.RegressionTest1" time="0.02"/>
  <testcase name="test0692" classname="org.apache.zookeeper.test.randoop.c0.keeperexception.RegressionTest1" time="0"/>
  <testcase name="test0693" classname="org.apache.zookeeper.test.randoop.c0.keeperexception.RegressionTest1" time="0"/>
  <testcase name="test0694" classname="org.apache.zookeeper.test.randoop.c0.keeperexception.RegressionTest1" time="0"/>
  <testcase name="test0695" classname="org.apache.zookeeper.test.randoop.c0.keeperexception.RegressionTest1" time="0.006"/>
  <testcase name="test0696" classname="org.apache.zookeeper.test.randoop.c0.keeperexception.RegressionTest1" time="0"/>
  <testcase name="test0697" classname="org.apache.zookeeper.test.randoop.c0.keeperexception.RegressionTest1" time="0"/>
  <testcase name="test0698" classname="org.apache.zookeeper.test.randoop.c0.keeperexception.RegressionTest1" time="0"/>
  <testcase name="test0699" classname="org.apache.zookeeper.test.randoop.c0.keeperexception.RegressionTest1" time="0"/>
  <testcase name="test0700" classname="org.apache.zookeeper.test.randoop.c0.keeperexception.RegressionTest1" time="0"/>
  <testcase name="test0701" classname="org.apache.zookeeper.test.randoop.c0.keeperexception.RegressionTest1" time="0"/>
  <testcase name="test0702" classname="org.apache.zookeeper.test.randoop.c0.keeperexception.RegressionTest1" time="0"/>
  <testcase name="test0703" classname="org.apache.zookeeper.test.randoop.c0.keeperexception.RegressionTest1" time="0.056"/>
  <testcase name="test0704" classname="org.apache.zookeeper.test.randoop.c0.keeperexception.RegressionTest1" time="0"/>
  <testcase name="test0705" classname="org.apache.zookeeper.test.randoop.c0.keeperexception.RegressionTest1" time="0"/>
  <testcase name="test0706" classname="org.apache.zookeeper.test.randoop.c0.keeperexception.RegressionTest1" time="0"/>
  <testcase name="test0707" classname="org.apache.zookeeper.test.randoop.c0.keeperexception.RegressionTest1" time="0"/>
  <testcase name="test0708" classname="org.apache.zookeeper.test.randoop.c0.keeperexception.RegressionTest1" time="0.046"/>
  <testcase name="test0709" classname="org.apache.zookeeper.test.randoop.c0.keeperexception.RegressionTest1" time="0"/>
  <testcase name="test0710" classname="org.apache.zookeeper.test.randoop.c0.keeperexception.RegressionTest1" time="0.014"/>
  <testcase name="test0711" classname="org.apache.zookeeper.test.randoop.c0.keeperexception.RegressionTest1" time="0"/>
  <testcase name="test0712" classname="org.apache.zookeeper.test.randoop.c0.keeperexception.RegressionTest1" time="0"/>
  <testcase name="test0713" classname="org.apache.zookeeper.test.randoop.c0.keeperexception.RegressionTest1" time="0"/>
  <testcase name="test0714" classname="org.apache.zookeeper.test.randoop.c0.keeperexception.RegressionTest1" time="0"/>
  <testcase name="test0715" classname="org.apache.zookeeper.test.randoop.c0.keeperexception.RegressionTest1" time="0"/>
  <testcase name="test0716" classname="org.apache.zookeeper.test.randoop.c0.keeperexception.RegressionTest1" time="0"/>
  <testcase name="test0717" classname="org.apache.zookeeper.test.randoop.c0.keeperexception.RegressionTest1" time="0"/>
  <testcase name="test0718" classname="org.apache.zookeeper.test.randoop.c0.keeperexception.RegressionTest1" time="0"/>
  <testcase name="test0719" classname="org.apache.zookeeper.test.randoop.c0.keeperexception.RegressionTest1" time="0"/>
  <testcase name="test0720" classname="org.apache.zookeeper.test.randoop.c0.keeperexception.RegressionTest1" time="0"/>
  <testcase name="test0721" classname="org.apache.zookeeper.test.randoop.c0.keeperexception.RegressionTest1" time="0"/>
  <testcase name="test0722" classname="org.apache.zookeeper.test.randoop.c0.keeperexception.RegressionTest1" time="0"/>
  <testcase name="test0723" classname="org.apache.zookeeper.test.randoop.c0.keeperexception.RegressionTest1" time="0"/>
  <testcase name="test0724" classname="org.apache.zookeeper.test.randoop.c0.keeperexception.RegressionTest1" time="0"/>
  <testcase name="test0725" classname="org.apache.zookeeper.test.randoop.c0.keeperexception.RegressionTest1" time="0"/>
  <testcase name="test0726" classname="org.apache.zookeeper.test.randoop.c0.keeperexception.RegressionTest1" time="0"/>
  <testcase name="test0727" classname="org.apache.zookeeper.test.randoop.c0.keeperexception.RegressionTest1" time="0"/>
  <testcase name="test0728" classname="org.apache.zookeeper.test.randoop.c0.keeperexception.RegressionTest1" time="0"/>
  <testcase name="test0729" classname="org.apache.zookeeper.test.randoop.c0.keeperexception.RegressionTest1" time="0"/>
  <testcase name="test0730" classname="org.apache.zookeeper.test.randoop.c0.keeperexception.RegressionTest1" time="0"/>
  <testcase name="test0731" classname="org.apache.zookeeper.test.randoop.c0.keeperexception.RegressionTest1" time="0"/>
  <testcase name="test0732" classname="org.apache.zookeeper.test.randoop.c0.keeperexception.RegressionTest1" time="0"/>
  <testcase name="test0733" classname="org.apache.zookeeper.test.randoop.c0.keeperexception.RegressionTest1" time="0.062"/>
  <testcase name="test0734" classname="org.apache.zookeeper.test.randoop.c0.keeperexception.RegressionTest1" time="0.04"/>
  <testcase name="test0735" classname="org.apache.zookeeper.test.randoop.c0.keeperexception.RegressionTest1" time="0"/>
  <testcase name="test0736" classname="org.apache.zookeeper.test.randoop.c0.keeperexception.RegressionTest1" time="0.007"/>
  <testcase name="test0737" classname="org.apache.zookeeper.test.randoop.c0.keeperexception.RegressionTest1" time="0.037"/>
  <testcase name="test0738" classname="org.apache.zookeeper.test.randoop.c0.keeperexception.RegressionTest1" time="0"/>
  <testcase name="test0739" classname="org.apache.zookeeper.test.randoop.c0.keeperexception.RegressionTest1" time="0.02"/>
  <testcase name="test0740" classname="org.apache.zookeeper.test.randoop.c0.keeperexception.RegressionTest1" time="0"/>
  <testcase name="test0741" classname="org.apache.zookeeper.test.randoop.c0.keeperexception.RegressionTest1" time="0"/>
  <testcase name="test0742" classname="org.apache.zookeeper.test.randoop.c0.keeperexception.RegressionTest1" time="0"/>
  <testcase name="test0743" classname="org.apache.zookeeper.test.randoop.c0.keeperexception.RegressionTest1" time="0.023"/>
  <testcase name="test0744" classname="org.apache.zookeeper.test.randoop.c0.keeperexception.RegressionTest1" time="0"/>
  <testcase name="test0745" classname="org.apache.zookeeper.test.randoop.c0.keeperexception.RegressionTest1" time="0"/>
  <testcase name="test0746" classname="org.apache.zookeeper.test.randoop.c0.keeperexception.RegressionTest1" time="0.045"/>
  <testcase name="test0747" classname="org.apache.zookeeper.test.randoop.c0.keeperexception.RegressionTest1" time="0"/>
  <testcase name="test0748" classname="org.apache.zookeeper.test.randoop.c0.keeperexception.RegressionTest1" time="0"/>
  <testcase name="test0749" classname="org.apache.zookeeper.test.randoop.c0.keeperexception.RegressionTest1" time="0.007"/>
  <testcase name="test0750" classname="org.apache.zookeeper.test.randoop.c0.keeperexception.RegressionTest1" time="0"/>
  <testcase name="test0751" classname="org.apache.zookeeper.test.randoop.c0.keeperexception.RegressionTest1" time="0"/>
  <testcase name="test0752" classname="org.apache.zookeeper.test.randoop.c0.keeperexception.RegressionTest1" time="0.014"/>
  <testcase name="test0753" classname="org.apache.zookeeper.test.randoop.c0.keeperexception.RegressionTest1" time="0"/>
  <testcase name="test0754" classname="org.apache.zookeeper.test.randoop.c0.keeperexception.RegressionTest1" time="0.041"/>
  <testcase name="test0755" classname="org.apache.zookeeper.test.randoop.c0.keeperexception.RegressionTest1" time="0"/>
  <testcase name="test0756" classname="org.apache.zookeeper.test.randoop.c0.keeperexception.RegressionTest1" time="0"/>
  <testcase name="test0757" classname="org.apache.zookeeper.test.randoop.c0.keeperexception.RegressionTest1" time="0"/>
  <testcase name="test0758" classname="org.apache.zookeeper.test.randoop.c0.keeperexception.RegressionTest1" time="0.037"/>
  <testcase name="test0759" classname="org.apache.zookeeper.test.randoop.c0.keeperexception.RegressionTest1" time="0"/>
  <testcase name="test0760" classname="org.apache.zookeeper.test.randoop.c0.keeperexception.RegressionTest1" time="0"/>
  <testcase name="test0761" classname="org.apache.zookeeper.test.randoop.c0.keeperexception.RegressionTest1" time="0"/>
  <testcase name="test0762" classname="org.apache.zookeeper.test.randoop.c0.keeperexception.RegressionTest1" time="0"/>
  <testcase name="test0763" classname="org.apache.zookeeper.test.randoop.c0.keeperexception.RegressionTest1" time="0"/>
  <testcase name="test0764" classname="org.apache.zookeeper.test.randoop.c0.keeperexception.RegressionTest1" time="0.034"/>
  <testcase name="test0765" classname="org.apache.zookeeper.test.randoop.c0.keeperexception.RegressionTest1" time="0"/>
  <testcase name="test0766" classname="org.apache.zookeeper.test.randoop.c0.keeperexception.RegressionTest1" time="0"/>
  <testcase name="test0767" classname="org.apache.zookeeper.test.randoop.c0.keeperexception.RegressionTest1" time="0"/>
  <testcase name="test0768" classname="org.apache.zookeeper.test.randoop.c0.keeperexception.RegressionTest1" time="0.04"/>
  <testcase name="test0769" classname="org.apache.zookeeper.test.randoop.c0.keeperexception.RegressionTest1" time="0"/>
  <testcase name="test0770" classname="org.apache.zookeeper.test.randoop.c0.keeperexception.RegressionTest1" time="0"/>
  <testcase name="test0771" classname="org.apache.zookeeper.test.randoop.c0.keeperexception.RegressionTest1" time="0"/>
  <testcase name="test0772" classname="org.apache.zookeeper.test.randoop.c0.keeperexception.RegressionTest1" time="0"/>
  <testcase name="test0773" classname="org.apache.zookeeper.test.randoop.c0.keeperexception.RegressionTest1" time="0"/>
  <testcase name="test0774" classname="org.apache.zookeeper.test.randoop.c0.keeperexception.RegressionTest1" time="0"/>
  <testcase name="test0775" classname="org.apache.zookeeper.test.randoop.c0.keeperexception.RegressionTest1" time="0"/>
  <testcase name="test0776" classname="org.apache.zookeeper.test.randoop.c0.keeperexception.RegressionTest1" time="0"/>
  <testcase name="test0777" classname="org.apache.zookeeper.test.randoop.c0.keeperexception.RegressionTest1" time="0"/>
  <testcase name="test0778" classname="org.apache.zookeeper.test.randoop.c0.keeperexception.RegressionTest1" time="0"/>
  <testcase name="test0779" classname="org.apache.zookeeper.test.randoop.c0.keeperexception.RegressionTest1" time="0"/>
  <testcase name="test0780" classname="org.apache.zookeeper.test.randoop.c0.keeperexception.RegressionTest1" time="0.045"/>
  <testcase name="test0781" classname="org.apache.zookeeper.test.randoop.c0.keeperexception.RegressionTest1" time="0"/>
  <testcase name="test0782" classname="org.apache.zookeeper.test.randoop.c0.keeperexception.RegressionTest1" time="0"/>
  <testcase name="test0783" classname="org.apache.zookeeper.test.randoop.c0.keeperexception.RegressionTest1" time="0"/>
  <testcase name="test0784" classname="org.apache.zookeeper.test.randoop.c0.keeperexception.RegressionTest1" time="0.024"/>
  <testcase name="test0785" classname="org.apache.zookeeper.test.randoop.c0.keeperexception.RegressionTest1" time="0.012"/>
  <testcase name="test0786" classname="org.apache.zookeeper.test.randoop.c0.keeperexception.RegressionTest1" time="0.02"/>
  <testcase name="test0787" classname="org.apache.zookeeper.test.randoop.c0.keeperexception.RegressionTest1" time="0"/>
  <testcase name="test0788" classname="org.apache.zookeeper.test.randoop.c0.keeperexception.RegressionTest1" time="0.019"/>
  <testcase name="test0789" classname="org.apache.zookeeper.test.randoop.c0.keeperexception.RegressionTest1" time="0"/>
  <testcase name="test0790" classname="org.apache.zookeeper.test.randoop.c0.keeperexception.RegressionTest1" time="0"/>
  <testcase name="test0791" classname="org.apache.zookeeper.test.randoop.c0.keeperexception.RegressionTest1" time="0.013"/>
  <testcase name="test0792" classname="org.apache.zookeeper.test.randoop.c0.keeperexception.RegressionTest1" time="0"/>
  <testcase name="test0793" classname="org.apache.zookeeper.test.randoop.c0.keeperexception.RegressionTest1" time="0.009"/>
  <testcase name="test0794" classname="org.apache.zookeeper.test.randoop.c0.keeperexception.RegressionTest1" time="0"/>
  <testcase name="test0795" classname="org.apache.zookeeper.test.randoop.c0.keeperexception.RegressionTest1" time="0"/>
  <testcase name="test0796" classname="org.apache.zookeeper.test.randoop.c0.keeperexception.RegressionTest1" time="0.06"/>
  <testcase name="test0797" classname="org.apache.zookeeper.test.randoop.c0.keeperexception.RegressionTest1" time="0"/>
  <testcase name="test0798" classname="org.apache.zookeeper.test.randoop.c0.keeperexception.RegressionTest1" time="0"/>
  <testcase name="test0799" classname="org.apache.zookeeper.test.randoop.c0.keeperexception.RegressionTest1" time="0"/>
  <testcase name="test0800" classname="org.apache.zookeeper.test.randoop.c0.keeperexception.RegressionTest1" time="0"/>
  <testcase name="test0801" classname="org.apache.zookeeper.test.randoop.c0.keeperexception.RegressionTest1" time="0"/>
  <testcase name="test0802" classname="org.apache.zookeeper.test.randoop.c0.keeperexception.RegressionTest1" time="0"/>
  <testcase name="test0803" classname="org.apache.zookeeper.test.randoop.c0.keeperexception.RegressionTest1" time="0"/>
  <testcase name="test0804" classname="org.apache.zookeeper.test.randoop.c0.keeperexception.RegressionTest1" time="0.037"/>
  <testcase name="test0805" classname="org.apache.zookeeper.test.randoop.c0.keeperexception.RegressionTest1" time="0.002"/>
  <testcase name="test0806" classname="org.apache.zookeeper.test.randoop.c0.keeperexception.RegressionTest1" time="0"/>
  <testcase name="test0807" classname="org.apache.zookeeper.test.randoop.c0.keeperexception.RegressionTest1" time="0"/>
  <testcase name="test0808" classname="org.apache.zookeeper.test.randoop.c0.keeperexception.RegressionTest1" time="0.002"/>
  <testcase name="test0809" classname="org.apache.zookeeper.test.randoop.c0.keeperexception.RegressionTest1" time="0.047"/>
  <testcase name="test0810" classname="org.apache.zookeeper.test.randoop.c0.keeperexception.RegressionTest1" time="0"/>
  <testcase name="test0811" classname="org.apache.zookeeper.test.randoop.c0.keeperexception.RegressionTest1" time="0"/>
  <testcase name="test0812" classname="org.apache.zookeeper.test.randoop.c0.keeperexception.RegressionTest1" time="0.021"/>
  <testcase name="test0813" classname="org.apache.zookeeper.test.randoop.c0.keeperexception.RegressionTest1" time="0"/>
  <testcase name="test0814" classname="org.apache.zookeeper.test.randoop.c0.keeperexception.RegressionTest1" time="0"/>
  <testcase name="test0815" classname="org.apache.zookeeper.test.randoop.c0.keeperexception.RegressionTest1" time="0.016"/>
  <testcase name="test0816" classname="org.apache.zookeeper.test.randoop.c0.keeperexception.RegressionTest1" time="0"/>
  <testcase name="test0817" classname="org.apache.zookeeper.test.randoop.c0.keeperexception.RegressionTest1" time="0"/>
  <testcase name="test0818" classname="org.apache.zookeeper.test.randoop.c0.keeperexception.RegressionTest1" time="0"/>
  <testcase name="test0819" classname="org.apache.zookeeper.test.randoop.c0.keeperexception.RegressionTest1" time="0"/>
  <testcase name="test0820" classname="org.apache.zookeeper.test.randoop.c0.keeperexception.RegressionTest1" time="0"/>
  <testcase name="test0821" classname="org.apache.zookeeper.test.randoop.c0.keeperexception.RegressionTest1" time="0"/>
  <testcase name="test0822" classname="org.apache.zookeeper.test.randoop.c0.keeperexception.RegressionTest1" time="0"/>
  <testcase name="test0823" classname="org.apache.zookeeper.test.randoop.c0.keeperexception.RegressionTest1" time="0.001"/>
  <testcase name="test0824" classname="org.apache.zookeeper.test.randoop.c0.keeperexception.RegressionTest1" time="0"/>
  <testcase name="test0825" classname="org.apache.zookeeper.test.randoop.c0.keeperexception.RegressionTest1" time="0"/>
  <testcase name="test0826" classname="org.apache.zookeeper.test.randoop.c0.keeperexception.RegressionTest1" time="0"/>
  <testcase name="test0827" classname="org.apache.zookeeper.test.randoop.c0.keeperexception.RegressionTest1" time="0"/>
  <testcase name="test0828" classname="org.apache.zookeeper.test.randoop.c0.keeperexception.RegressionTest1" time="0"/>
  <testcase name="test0829" classname="org.apache.zookeeper.test.randoop.c0.keeperexception.RegressionTest1" time="0"/>
  <testcase name="test0830" classname="org.apache.zookeeper.test.randoop.c0.keeperexception.RegressionTest1" time="0"/>
  <testcase name="test0831" classname="org.apache.zookeeper.test.randoop.c0.keeperexception.RegressionTest1" time="0.024"/>
  <testcase name="test0832" classname="org.apache.zookeeper.test.randoop.c0.keeperexception.RegressionTest1" time="0"/>
  <testcase name="test0833" classname="org.apache.zookeeper.test.randoop.c0.keeperexception.RegressionTest1" time="0.007"/>
  <testcase name="test0834" classname="org.apache.zookeeper.test.randoop.c0.keeperexception.RegressionTest1" time="0"/>
  <testcase name="test0835" classname="org.apache.zookeeper.test.randoop.c0.keeperexception.RegressionTest1" time="0"/>
  <testcase name="test0836" classname="org.apache.zookeeper.test.randoop.c0.keeperexception.RegressionTest1" time="0"/>
  <testcase name="test0837" classname="org.apache.zookeeper.test.randoop.c0.keeperexception.RegressionTest1" time="0"/>
  <testcase name="test0838" classname="org.apache.zookeeper.test.randoop.c0.keeperexception.RegressionTest1" time="0"/>
  <testcase name="test0839" classname="org.apache.zookeeper.test.randoop.c0.keeperexception.RegressionTest1" time="0.053"/>
  <testcase name="test0840" classname="org.apache.zookeeper.test.randoop.c0.keeperexception.RegressionTest1" time="0"/>
  <testcase name="test0841" classname="org.apache.zookeeper.test.randoop.c0.keeperexception.RegressionTest1" time="0.004"/>
  <testcase name="test0842" classname="org.apache.zookeeper.test.randoop.c0.keeperexception.RegressionTest1" time="0"/>
  <testcase name="test0843" classname="org.apache.zookeeper.test.randoop.c0.keeperexception.RegressionTest1" time="0"/>
  <testcase name="test0844" classname="org.apache.zookeeper.test.randoop.c0.keeperexception.RegressionTest1" time="0"/>
  <testcase name="test0845" classname="org.apache.zookeeper.test.randoop.c0.keeperexception.RegressionTest1" time="0"/>
  <testcase name="test0846" classname="org.apache.zookeeper.test.randoop.c0.keeperexception.RegressionTest1" time="0"/>
  <testcase name="test0847" classname="org.apache.zookeeper.test.randoop.c0.keeperexception.RegressionTest1" time="0"/>
  <testcase name="test0848" classname="org.apache.zookeeper.test.randoop.c0.keeperexception.RegressionTest1" time="0.006"/>
  <testcase name="test0849" classname="org.apache.zookeeper.test.randoop.c0.keeperexception.RegressionTest1" time="0"/>
  <testcase name="test0850" classname="org.apache.zookeeper.test.randoop.c0.keeperexception.RegressionTest1" time="0"/>
  <testcase name="test0851" classname="org.apache.zookeeper.test.randoop.c0.keeperexception.RegressionTest1" time="0"/>
  <testcase name="test0852" classname="org.apache.zookeeper.test.randoop.c0.keeperexception.RegressionTest1" time="0"/>
  <testcase name="test0853" classname="org.apache.zookeeper.test.randoop.c0.keeperexception.RegressionTest1" time="0.05"/>
  <testcase name="test0854" classname="org.apache.zookeeper.test.randoop.c0.keeperexception.RegressionTest1" time="0"/>
  <testcase name="test0855" classname="org.apache.zookeeper.test.randoop.c0.keeperexception.RegressionTest1" time="0.027"/>
  <testcase name="test0856" classname="org.apache.zookeeper.test.randoop.c0.keeperexception.RegressionTest1" time="0"/>
  <testcase name="test0857" classname="org.apache.zookeeper.test.randoop.c0.keeperexception.RegressionTest1" time="0"/>
  <testcase name="test0858" classname="org.apache.zookeeper.test.randoop.c0.keeperexception.RegressionTest1" time="0"/>
  <testcase name="test0859" classname="org.apache.zookeeper.test.randoop.c0.keeperexception.RegressionTest1" time="0"/>
  <testcase name="test0860" classname="org.apache.zookeeper.test.randoop.c0.keeperexception.RegressionTest1" time="0"/>
  <testcase name="test0861" classname="org.apache.zookeeper.test.randoop.c0.keeperexception.RegressionTest1" time="0"/>
  <testcase name="test0862" classname="org.apache.zookeeper.test.randoop.c0.keeperexception.RegressionTest1" time="0"/>
  <testcase name="test0863" classname="org.apache.zookeeper.test.randoop.c0.keeperexception.RegressionTest1" time="0"/>
  <testcase name="test0864" classname="org.apache.zookeeper.test.randoop.c0.keeperexception.RegressionTest1" time="0.044"/>
  <testcase name="test0865" classname="org.apache.zookeeper.test.randoop.c0.keeperexception.RegressionTest1" time="0"/>
  <testcase name="test0866" classname="org.apache.zookeeper.test.randoop.c0.keeperexception.RegressionTest1" time="0"/>
  <testcase name="test0867" classname="org.apache.zookeeper.test.randoop.c0.keeperexception.RegressionTest1" time="0"/>
  <testcase name="test0868" classname="org.apache.zookeeper.test.randoop.c0.keeperexception.RegressionTest1" time="0"/>
  <testcase name="test0869" classname="org.apache.zookeeper.test.randoop.c0.keeperexception.RegressionTest1" time="0"/>
  <testcase name="test0870" classname="org.apache.zookeeper.test.randoop.c0.keeperexception.RegressionTest1" time="0.041"/>
  <testcase name="test0871" classname="org.apache.zookeeper.test.randoop.c0.keeperexception.RegressionTest1" time="0"/>
  <testcase name="test0872" classname="org.apache.zookeeper.test.randoop.c0.keeperexception.RegressionTest1" time="0"/>
  <testcase name="test0873" classname="org.apache.zookeeper.test.randoop.c0.keeperexception.RegressionTest1" time="0.028"/>
  <testcase name="test0874" classname="org.apache.zookeeper.test.randoop.c0.keeperexception.RegressionTest1" time="0"/>
  <testcase name="test0875" classname="org.apache.zookeeper.test.randoop.c0.keeperexception.RegressionTest1" time="0"/>
  <testcase name="test0876" classname="org.apache.zookeeper.test.randoop.c0.keeperexception.RegressionTest1" time="0"/>
  <testcase name="test0877" classname="org.apache.zookeeper.test.randoop.c0.keeperexception.RegressionTest1" time="0.024"/>
  <testcase name="test0878" classname="org.apache.zookeeper.test.randoop.c0.keeperexception.RegressionTest1" time="0"/>
  <testcase name="test0879" classname="org.apache.zookeeper.test.randoop.c0.keeperexception.RegressionTest1" time="0"/>
  <testcase name="test0880" classname="org.apache.zookeeper.test.randoop.c0.keeperexception.RegressionTest1" time="0.05"/>
  <testcase name="test0881" classname="org.apache.zookeeper.test.randoop.c0.keeperexception.RegressionTest1" time="0"/>
  <testcase name="test0882" classname="org.apache.zookeeper.test.randoop.c0.keeperexception.RegressionTest1" time="0"/>
  <testcase name="test0883" classname="org.apache.zookeeper.test.randoop.c0.keeperexception.RegressionTest1" time="0"/>
  <testcase name="test0884" classname="org.apache.zookeeper.test.randoop.c0.keeperexception.RegressionTest1" time="0"/>
  <testcase name="test0885" classname="org.apache.zookeeper.test.randoop.c0.keeperexception.RegressionTest1" time="0.071"/>
  <testcase name="test0886" classname="org.apache.zookeeper.test.randoop.c0.keeperexception.RegressionTest1" time="0"/>
  <testcase name="test0887" classname="org.apache.zookeeper.test.randoop.c0.keeperexception.RegressionTest1" time="0"/>
  <testcase name="test0888" classname="org.apache.zookeeper.test.randoop.c0.keeperexception.RegressionTest1" time="0"/>
  <testcase name="test0889" classname="org.apache.zookeeper.test.randoop.c0.keeperexception.RegressionTest1" time="0"/>
  <testcase name="test0890" classname="org.apache.zookeeper.test.randoop.c0.keeperexception.RegressionTest1" time="0"/>
  <testcase name="test0891" classname="org.apache.zookeeper.test.randoop.c0.keeperexception.RegressionTest1" time="0"/>
  <testcase name="test0892" classname="org.apache.zookeeper.test.randoop.c0.keeperexception.RegressionTest1" time="0"/>
  <testcase name="test0893" classname="org.apache.zookeeper.test.randoop.c0.keeperexception.RegressionTest1" time="0.128"/>
  <testcase name="test0894" classname="org.apache.zookeeper.test.randoop.c0.keeperexception.RegressionTest1" time="0"/>
  <testcase name="test0895" classname="org.apache.zookeeper.test.randoop.c0.keeperexception.RegressionTest1" time="0"/>
  <testcase name="test0896" classname="org.apache.zookeeper.test.randoop.c0.keeperexception.RegressionTest1" time="0"/>
  <testcase name="test0897" classname="org.apache.zookeeper.test.randoop.c0.keeperexception.RegressionTest1" time="0"/>
  <testcase name="test0898" classname="org.apache.zookeeper.test.randoop.c0.keeperexception.RegressionTest1" time="0"/>
  <testcase name="test0899" classname="org.apache.zookeeper.test.randoop.c0.keeperexception.RegressionTest1" time="0"/>
  <testcase name="test0900" classname="org.apache.zookeeper.test.randoop.c0.keeperexception.RegressionTest1" time="0"/>
  <testcase name="test0901" classname="org.apache.zookeeper.test.randoop.c0.keeperexception.RegressionTest1" time="0"/>
  <testcase name="test0902" classname="org.apache.zookeeper.test.randoop.c0.keeperexception.RegressionTest1" time="0"/>
  <testcase name="test0903" classname="org.apache.zookeeper.test.randoop.c0.keeperexception.RegressionTest1" time="0"/>
  <testcase name="test0904" classname="org.apache.zookeeper.test.randoop.c0.keeperexception.RegressionTest1" time="0"/>
  <testcase name="test0905" classname="org.apache.zookeeper.test.randoop.c0.keeperexception.RegressionTest1" time="0"/>
  <testcase name="test0906" classname="org.apache.zookeeper.test.randoop.c0.keeperexception.RegressionTest1" time="0"/>
  <testcase name="test0907" classname="org.apache.zookeeper.test.randoop.c0.keeperexception.RegressionTest1" time="0"/>
  <testcase name="test0908" classname="org.apache.zookeeper.test.randoop.c0.keeperexception.RegressionTest1" time="0"/>
  <testcase name="test0909" classname="org.apache.zookeeper.test.randoop.c0.keeperexception.RegressionTest1" time="0"/>
  <testcase name="test0910" classname="org.apache.zookeeper.test.randoop.c0.keeperexception.RegressionTest1" time="0"/>
  <testcase name="test0911" classname="org.apache.zookeeper.test.randoop.c0.keeperexception.RegressionTest1" time="0.029"/>
  <testcase name="test0912" classname="org.apache.zookeeper.test.randoop.c0.keeperexception.RegressionTest1" time="0"/>
  <testcase name="test0913" classname="org.apache.zookeeper.test.randoop.c0.keeperexception.RegressionTest1" time="0"/>
  <testcase name="test0914" classname="org.apache.zookeeper.test.randoop.c0.keeperexception.RegressionTest1" time="0"/>
  <testcase name="test0915" classname="org.apache.zookeeper.test.randoop.c0.keeperexception.RegressionTest1" time="0"/>
  <testcase name="test0916" classname="org.apache.zookeeper.test.randoop.c0.keeperexception.RegressionTest1" time="0"/>
  <testcase name="test0917" classname="org.apache.zookeeper.test.randoop.c0.keeperexception.RegressionTest1" time="0"/>
  <testcase name="test0918" classname="org.apache.zookeeper.test.randoop.c0.keeperexception.RegressionTest1" time="0"/>
  <testcase name="test0919" classname="org.apache.zookeeper.test.randoop.c0.keeperexception.RegressionTest1" time="0"/>
  <testcase name="test0920" classname="org.apache.zookeeper.test.randoop.c0.keeperexception.RegressionTest1" time="0"/>
  <testcase name="test0921" classname="org.apache.zookeeper.test.randoop.c0.keeperexception.RegressionTest1" time="0"/>
  <testcase name="test0922" classname="org.apache.zookeeper.test.randoop.c0.keeperexception.RegressionTest1" time="0"/>
  <testcase name="test0923" classname="org.apache.zookeeper.test.randoop.c0.keeperexception.RegressionTest1" time="0"/>
  <testcase name="test0924" classname="org.apache.zookeeper.test.randoop.c0.keeperexception.RegressionTest1" time="0.068"/>
  <testcase name="test0925" classname="org.apache.zookeeper.test.randoop.c0.keeperexception.RegressionTest1" time="0"/>
  <testcase name="test0926" classname="org.apache.zookeeper.test.randoop.c0.keeperexception.RegressionTest1" time="0.035"/>
  <testcase name="test0927" classname="org.apache.zookeeper.test.randoop.c0.keeperexception.RegressionTest1" time="0"/>
  <testcase name="test0928" classname="org.apache.zookeeper.test.randoop.c0.keeperexception.RegressionTest1" time="0"/>
  <testcase name="test0929" classname="org.apache.zookeeper.test.randoop.c0.keeperexception.RegressionTest1" time="0.059"/>
  <testcase name="test0930" classname="org.apache.zookeeper.test.randoop.c0.keeperexception.RegressionTest1" time="0"/>
  <testcase name="test0931" classname="org.apache.zookeeper.test.randoop.c0.keeperexception.RegressionTest1" time="0.048"/>
  <testcase name="test0932" classname="org.apache.zookeeper.test.randoop.c0.keeperexception.RegressionTest1" time="0.013"/>
  <testcase name="test0933" classname="org.apache.zookeeper.test.randoop.c0.keeperexception.RegressionTest1" time="0.022"/>
  <testcase name="test0934" classname="org.apache.zookeeper.test.randoop.c0.keeperexception.RegressionTest1" time="0.019"/>
  <testcase name="test0935" classname="org.apache.zookeeper.test.randoop.c0.keeperexception.RegressionTest1" time="0.038"/>
  <testcase name="test0936" classname="org.apache.zookeeper.test.randoop.c0.keeperexception.RegressionTest1" time="0"/>
  <testcase name="test0937" classname="org.apache.zookeeper.test.randoop.c0.keeperexception.RegressionTest1" time="0.001"/>
  <testcase name="test0938" classname="org.apache.zookeeper.test.randoop.c0.keeperexception.RegressionTest1" time="0.037"/>
  <testcase name="test0939" classname="org.apache.zookeeper.test.randoop.c0.keeperexception.RegressionTest1" time="0"/>
  <testcase name="test0940" classname="org.apache.zookeeper.test.randoop.c0.keeperexception.RegressionTest1" time="0.049"/>
  <testcase name="test0941" classname="org.apache.zookeeper.test.randoop.c0.keeperexception.RegressionTest1" time="0"/>
  <testcase name="test0942" classname="org.apache.zookeeper.test.randoop.c0.keeperexception.RegressionTest1" time="0.018"/>
  <testcase name="test0943" classname="org.apache.zookeeper.test.randoop.c0.keeperexception.RegressionTest1" time="0"/>
  <testcase name="test0944" classname="org.apache.zookeeper.test.randoop.c0.keeperexception.RegressionTest1" time="0"/>
  <testcase name="test0945" classname="org.apache.zookeeper.test.randoop.c0.keeperexception.RegressionTest1" time="0"/>
  <testcase name="test0946" classname="org.apache.zookeeper.test.randoop.c0.keeperexception.RegressionTest1" time="0"/>
  <testcase name="test0947" classname="org.apache.zookeeper.test.randoop.c0.keeperexception.RegressionTest1" time="0"/>
  <testcase name="test0948" classname="org.apache.zookeeper.test.randoop.c0.keeperexception.RegressionTest1" time="0"/>
  <testcase name="test0949" classname="org.apache.zookeeper.test.randoop.c0.keeperexception.RegressionTest1" time="0"/>
  <testcase name="test0950" classname="org.apache.zookeeper.test.randoop.c0.keeperexception.RegressionTest1" time="0"/>
  <testcase name="test0951" classname="org.apache.zookeeper.test.randoop.c0.keeperexception.RegressionTest1" time="0"/>
  <testcase name="test0952" classname="org.apache.zookeeper.test.randoop.c0.keeperexception.RegressionTest1" time="0"/>
  <testcase name="test0953" classname="org.apache.zookeeper.test.randoop.c0.keeperexception.RegressionTest1" time="0"/>
  <testcase name="test0954" classname="org.apache.zookeeper.test.randoop.c0.keeperexception.RegressionTest1" time="0"/>
  <testcase name="test0955" classname="org.apache.zookeeper.test.randoop.c0.keeperexception.RegressionTest1" time="0"/>
  <testcase name="test0956" classname="org.apache.zookeeper.test.randoop.c0.keeperexception.RegressionTest1" time="0"/>
  <testcase name="test0957" classname="org.apache.zookeeper.test.randoop.c0.keeperexception.RegressionTest1" time="0.088"/>
  <testcase name="test0958" classname="org.apache.zookeeper.test.randoop.c0.keeperexception.RegressionTest1" time="0"/>
  <testcase name="test0959" classname="org.apache.zookeeper.test.randoop.c0.keeperexception.RegressionTest1" time="0"/>
  <testcase name="test0960" classname="org.apache.zookeeper.test.randoop.c0.keeperexception.RegressionTest1" time="0"/>
  <testcase name="test0961" classname="org.apache.zookeeper.test.randoop.c0.keeperexception.RegressionTest1" time="0.044"/>
  <testcase name="test0962" classname="org.apache.zookeeper.test.randoop.c0.keeperexception.RegressionTest1" time="0"/>
  <testcase name="test0963" classname="org.apache.zookeeper.test.randoop.c0.keeperexception.RegressionTest1" time="0"/>
  <testcase name="test0964" classname="org.apache.zookeeper.test.randoop.c0.keeperexception.RegressionTest1" time="0"/>
  <testcase name="test0965" classname="org.apache.zookeeper.test.randoop.c0.keeperexception.RegressionTest1" time="0"/>
  <testcase name="test0966" classname="org.apache.zookeeper.test.randoop.c0.keeperexception.RegressionTest1" time="0"/>
  <testcase name="test0967" classname="org.apache.zookeeper.test.randoop.c0.keeperexception.RegressionTest1" time="0"/>
  <testcase name="test0968" classname="org.apache.zookeeper.test.randoop.c0.keeperexception.RegressionTest1" time="0"/>
  <testcase name="test0969" classname="org.apache.zookeeper.test.randoop.c0.keeperexception.RegressionTest1" time="0"/>
  <testcase name="test0970" classname="org.apache.zookeeper.test.randoop.c0.keeperexception.RegressionTest1" time="0"/>
  <testcase name="test0971" classname="org.apache.zookeeper.test.randoop.c0.keeperexception.RegressionTest1" time="0.08"/>
  <testcase name="test0972" classname="org.apache.zookeeper.test.randoop.c0.keeperexception.RegressionTest1" time="0"/>
  <testcase name="test0973" classname="org.apache.zookeeper.test.randoop.c0.keeperexception.RegressionTest1" time="0"/>
  <testcase name="test0974" classname="org.apache.zookeeper.test.randoop.c0.keeperexception.RegressionTest1" time="0"/>
  <testcase name="test0975" classname="org.apache.zookeeper.test.randoop.c0.keeperexception.RegressionTest1" time="0"/>
  <testcase name="test0976" classname="org.apache.zookeeper.test.randoop.c0.keeperexception.RegressionTest1" time="0"/>
  <testcase name="test0977" classname="org.apache.zookeeper.test.randoop.c0.keeperexception.RegressionTest1" time="0.047"/>
  <testcase name="test0978" classname="org.apache.zookeeper.test.randoop.c0.keeperexception.RegressionTest1" time="0"/>
  <testcase name="test0979" classname="org.apache.zookeeper.test.randoop.c0.keeperexception.RegressionTest1" time="0.042"/>
  <testcase name="test0980" classname="org.apache.zookeeper.test.randoop.c0.keeperexception.RegressionTest1" time="0"/>
  <testcase name="test0981" classname="org.apache.zookeeper.test.randoop.c0.keeperexception.RegressionTest1" time="0"/>
  <testcase name="test0982" classname="org.apache.zookeeper.test.randoop.c0.keeperexception.RegressionTest1" time="0"/>
  <testcase name="test0983" classname="org.apache.zookeeper.test.randoop.c0.keeperexception.RegressionTest1" time="0"/>
  <testcase name="test0984" classname="org.apache.zookeeper.test.randoop.c0.keeperexception.RegressionTest1" time="0"/>
  <testcase name="test0985" classname="org.apache.zookeeper.test.randoop.c0.keeperexception.RegressionTest1" time="0"/>
  <testcase name="test0986" classname="org.apache.zookeeper.test.randoop.c0.keeperexception.RegressionTest1" time="0.068"/>
  <testcase name="test0987" classname="org.apache.zookeeper.test.randoop.c0.keeperexception.RegressionTest1" time="0"/>
  <testcase name="test0988" classname="org.apache.zookeeper.test.randoop.c0.keeperexception.RegressionTest1" time="0"/>
  <testcase name="test0989" classname="org.apache.zookeeper.test.randoop.c0.keeperexception.RegressionTest1" time="0"/>
  <testcase name="test0990" classname="org.apache.zookeeper.test.randoop.c0.keeperexception.RegressionTest1" time="0"/>
  <testcase name="test0991" classname="org.apache.zookeeper.test.randoop.c0.keeperexception.RegressionTest1" time="0"/>
  <testcase name="test0992" classname="org.apache.zookeeper.test.randoop.c0.keeperexception.RegressionTest1" time="0.048"/>
  <testcase name="test0993" classname="org.apache.zookeeper.test.randoop.c0.keeperexception.RegressionTest1" time="0"/>
  <testcase name="test0994" classname="org.apache.zookeeper.test.randoop.c0.keeperexception.RegressionTest1" time="0"/>
  <testcase name="test0995" classname="org.apache.zookeeper.test.randoop.c0.keeperexception.RegressionTest1" time="0.039"/>
  <testcase name="test0996" classname="org.apache.zookeeper.test.randoop.c0.keeperexception.RegressionTest1" time="0"/>
  <testcase name="test0997" classname="org.apache.zookeeper.test.randoop.c0.keeperexception.RegressionTest1" time="0"/>
  <testcase name="test0998" classname="org.apache.zookeeper.test.randoop.c0.keeperexception.RegressionTest1" time="0"/>
  <testcase name="test0999" classname="org.apache.zookeeper.test.randoop.c0.keeperexception.RegressionTest1" time="0"/>
  <testcase name="test1000" classname="org.apache.zookeeper.test.randoop.c0.keeperexception.RegressionTest1" time="0"/>
</testsuite>