<?xml version="1.0" encoding="UTF-8"?>
<testsuite xmlns:xsi="http://www.w3.org/2001/XMLSchema-instance" xsi:noNamespaceSchemaLocation="https://maven.apache.org/surefire/maven-surefire-plugin/xsd/surefire-test-report.xsd" name="org.apache.zookeeper.test.randoop.c0.keeperexception.RegressionTest6" time="4.446" tests="278" errors="0" skipped="0" failures="0">
  <properties>
[...]
</properties>
  <testcase name="test3001" classname="org.apache.zookeeper.test.randoop.c0.keeperexception.RegressionTest6" time="0.585"/>
  <testcase name="test3002" classname="org.apache.zookeeper.test.randoop.c0.keeperexception.RegressionTest6" time="0"/>
  <testcase name="test3003" classname="org.apache.zookeeper.test.randoop.c0.keeperexception.RegressionTest6" time="0.09"/>
  <testcase name="test3004" classname="org.apache.zookeeper.test.randoop.c0.keeperexception.RegressionTest6" time="0.002"/>
  <testcase name="test3005" classname="org.apache.zookeeper.test.randoop.c0.keeperexception.RegressionTest6" time="0.206"/>
  <testcase name="test3006" classname="org.apache.zookeeper.test.randoop.c0.keeperexception.RegressionTest6" time="0"/>
  <testcase name="test3007" classname="org.apache.zookeeper.test.randoop.c0.keeperexception.RegressionTest6" time="0"/>
  <testcase name="test3008" classname="org.apache.zookeeper.test.randoop.c0.keeperexception.RegressionTest6" time="0.031"/>
  <testcase name="test3009" classname="org.apache.zookeeper.test.randoop.c0.keeperexception.RegressionTest6" time="0.038"/>
  <testcase name="test3010" classname="org.apache.zookeeper.test.randoop.c0.keeperexception.RegressionTest6" time="0"/>
  <testcase name="test3011" classname="org.apache.zookeeper.test.randoop.c0.keeperexception.RegressionTest6" time="0"/>
  <testcase name="test3012" classname="org.apache.zookeeper.test.randoop.c0.keeperexception.RegressionTest6" time="0"/>
  <testcase name="test3013" classname="org.apache.zookeeper.test.randoop.c0.keeperexception.RegressionTest6" time="0"/>
  <testcase name="test3014" classname="org.apache.zookeeper.test.randoop.c0.keeperexception.RegressionTest6" time="0.058"/>
  <testcase name="test3015" classname="org.apache.zookeeper.test.randoop.c0.keeperexception.RegressionTest6" time="0.028"/>
  <testcase name="test3016" classname="org.apache.zookeeper.test.randoop.c0.keeperexception.RegressionTest6" time="0"/>
  <testcase name="test3017" classname="org.apache.zookeeper.test.randoop.c0.keeperexception.RegressionTest6" time="0"/>
  <testcase name="test3018" classname="org.apache.zookeeper.test.randoop.c0.keeperexception.RegressionTest6" time="0"/>
  <testcase name="test3019" classname="org.apache.zookeeper.test.randoop.c0.keeperexception.RegressionTest6" time="0"/>
  <testcase name="test3020" classname="org.apache.zookeeper.test.randoop.c0.keeperexception.RegressionTest6" time="0"/>
  <testcase name="test3021" classname="org.apache.zookeeper.test.randoop.c0.keeperexception.RegressionTest6" time="0.025"/>
  <testcase name="test3022" classname="org.apache.zookeeper.test.randoop.c0.keeperexception.RegressionTest6" time="0.023"/>
  <testcase name="test3023" classname="org.apache.zookeeper.test.randoop.c0.keeperexception.RegressionTest6" time="0"/>
  <testcase name="test3024" classname="org.apache.zookeeper.test.randoop.c0.keeperexception.RegressionTest6" time="0"/>
  <testcase name="test3025" classname="org.apache.zookeeper.test.randoop.c0.keeperexception.RegressionTest6" time="0"/>
  <testcase name="test3026" classname="org.apache.zookeeper.test.randoop.c0.keeperexception.RegressionTest6" time="0"/>
  <testcase name="test3027" classname="org.apache.zookeeper.test.randoop.c0.keeperexception.RegressionTest6" time="0"/>
  <testcase name="test3028" classname="org.apache.zookeeper.test.randoop.c0.keeperexception.RegressionTest6" time="0"/>
  <testcase name="test3029" classname="org.apache.zookeeper.test.randoop.c0.keeperexception.RegressionTest6" time="0.053"/>
  <testcase name="test3030" classname="org.apache.zookeeper.test.randoop.c0.keeperexception.RegressionTest6" time="0.001"/>
  <testcase name="test3031" classname="org.apache.zookeeper.test.randoop.c0.keeperexception.RegressionTest6" time="0.03"/>
  <testcase name="test3032" classname="org.apache.zookeeper.test.randoop.c0.keeperexception.RegressionTest6" time="0"/>
  <testcase name="test3033" classname="org.apache.zookeeper.test.randoop.c0.keeperexception.RegressionTest6" time="0"/>
  <testcase name="test3034" classname="org.apache.zookeeper.test.randoop.c0.keeperexception.RegressionTest6" time="0"/>
  <testcase name="test3035" classname="org.apache.zookeeper.test.randoop.c0.keeperexception.RegressionTest6" time="0"/>
  <testcase name="test3036" classname="org.apache.zookeeper.test.randoop.c0.keeperexception.RegressionTest6" time="0"/>
  <testcase name="test3037" classname="org.apache.zookeeper.test.randoop.c0.keeperexception.RegressionTest6" time="0.064"/>
  <testcase name="test3038" classname="org.apache.zookeeper.test.randoop.c0.keeperexception.RegressionTest6" time="0"/>
  <testcase name="test3039" classname="org.apache.zookeeper.test.randoop.c0.keeperexception.RegressionTest6" time="0.009"/>
  <testcase name="test3040" classname="org.apache.zookeeper.test.randoop.c0.keeperexception.RegressionTest6" time="0.013"/>
  <testcase name="test3041" classname="org.apache.zookeeper.test.randoop.c0.keeperexception.RegressionTest6" time="0.026"/>
  <testcase name="test3042" classname="org.apache.zookeeper.test.randoop.c0.keeperexception.RegressionTest6" time="0"/>
  <testcase name="test3043" classname="org.apache.zookeeper.test.randoop.c0.keeperexception.RegressionTest6" time="0.001"/>
  <testcase name="test3044" classname="org.apache.zookeeper.test.randoop.c0.keeperexception.RegressionTest6" time="0.027"/>
  <testcase name="test3045" classname="org.apache.zookeeper.test.randoop.c0.keeperexception.RegressionTest6" time="0"/>
  <testcase name="test3046" classname="org.apache.zookeeper.test.randoop.c0.keeperexception.RegressionTest6" time="0"/>
  <testcase name="test3047" classname="org.apache.zookeeper.test.randoop.c0.keeperexception.RegressionTest6" time="0"/>
  <testcase name="test3048" classname="org.apache.zookeeper.test.randoop.c0.keeperexception.RegressionTest6" time="0"/>
  <testcase name="test3049" classname="org.apache.zookeeper.test.randoop.c0.keeperexception.RegressionTest6" time="0.036"/>
  <testcase name="test3050" classname="org.apache.zookeeper.test.randoop.c0.keeperexception.RegressionTest6" time="0.016"/>
  <testcase name="test3051" classname="org.apache.zookeeper.test.randoop.c0.keeperexception.RegressionTest6" time="0"/>
  <testcase name="test3052" classname="org.apache.zookeeper.test.randoop.c0.keeperexception.RegressionTest6" time="0.014"/>
  <testcase name="test3053" classname="org.apache.zookeeper.test.randoop.c0.keeperexception.RegressionTest6" time="0"/>
  <testcase name="test3054" classname="org.apache.zookeeper.test.randoop.c0.keeperexception.RegressionTest6" time="0.001"/>
  <testcase name="test3055" classname="org.apache.zookeeper.test.randoop.c0.keeperexception.RegressionTest6" time="0"/>
  <testcase name="test3056" classname="org.apache.zookeeper.test.randoop.c0.keeperexception.RegressionTest6" time="0.027"/>
  <testcase name="test3057" classname="org.apache.zookeeper.test.randoop.c0.keeperexception.RegressionTest6" time="0.016"/>
  <testcase name="test3058" classname="org.apache.zookeeper.test.randoop.c0.keeperexception.RegressionTest6" time="0"/>
  <testcase name="test3059" classname="org.apache.zookeeper.test.randoop.c0.keeperexception.RegressionTest6" time="0"/>
  <testcase name="test3060" classname="org.apache.zookeeper.test.randoop.c0.keeperexception.RegressionTest6" time="0"/>
  <testcase name="test3061" classname="org.apache.zookeeper.test.randoop.c0.keeperexception.RegressionTest6" time="0.05"/>
  <testcase name="test3062" classname="org.apache.zookeeper.test.randoop.c0.keeperexception.RegressionTest6" time="0"/>
  <testcase name="test3063" classname="org.apache.zookeeper.test.randoop.c0.keeperexception.RegressionTest6" time="0"/>
  <testcase name="test3064" classname="org.apache.zookeeper.test.randoop.c0.keeperexception.RegressionTest6" time="0"/>
  <testcase name="test3065" classname="org.apache.zookeeper.test.randoop.c0.keeperexception.RegressionTest6" time="0"/>
  <testcase name="test3066" classname="org.apache.zookeeper.test.randoop.c0.keeperexception.RegressionTest6" time="0"/>
  <testcase name="test3067" classname="org.apache.zookeeper.test.randoop.c0.keeperexception.RegressionTest6" time="0"/>
  <testcase name="test3068" classname="org.apache.zookeeper.test.randoop.c0.keeperexception.RegressionTest6" time="0.021"/>
  <testcase name="test3069" classname="org.apache.zookeeper.test.randoop.c0.keeperexception.RegressionTest6" time="0"/>
  <testcase name="test3070" classname="org.apache.zookeeper.test.randoop.c0.keeperexception.RegressionTest6" time="0"/>
  <testcase name="test3071" classname="org.apache.zookeeper.test.randoop.c0.keeperexception.RegressionTest6" time="0"/>
  <testcase name="test3072" classname="org.apache.zookeeper.test.randoop.c0.keeperexception.RegressionTest6" time="0"/>
  <testcase name="test3073" classname="org.apache.zookeeper.test.randoop.c0.keeperexception.RegressionTest6" time="0"/>
  <testcase name="test3074" classname="org.apache.zookeeper.test.randoop.c0.keeperexception.RegressionTest6" time="0"/>
  <testcase name="test3075" classname="org.apache.zookeeper.test.randoop.c0.keeperexception.RegressionTest6" time="0.076"/>
  <testcase name="test3076" classname="org.apache.zookeeper.test.randoop.c0.keeperexception.RegressionTest6" time="0.007"/>
  <testcase name="test3077" classname="org.apache.zookeeper.test.randoop.c0.keeperexception.RegressionTest6" time="0.017"/>
  <testcase name="test3078" classname="org.apache.zookeeper.test.randoop.c0.keeperexception.RegressionTest6" time="0.017"/>
  <testcase name="test3079" classname="org.apache.zookeeper.test.randoop.c0.keeperexception.RegressionTest6" time="0"/>
  <testcase name="test3080" classname="org.apache.zookeeper.test.randoop.c0.keeperexception.RegressionTest6" time="0.028"/>
  <testcase name="test3081" classname="org.apache.zookeeper.test.randoop.c0.keeperexception.RegressionTest6" time="0"/>
  <testcase name="test3082" classname="org.apache.zookeeper.test.randoop.c0.keeperexception.RegressionTest6" time="0.038"/>
  <testcase name="test3083" classname="org.apache.zookeeper.test.randoop.c0.keeperexception.RegressionTest6" time="0"/>
  <testcase name="test3084" classname="org.apache.zookeeper.test.randoop.c0.keeperexception.RegressionTest6" time="0"/>
  <testcase name="test3085" classname="org.apache.zookeeper.test.randoop.c0.keeperexception.RegressionTest6" time="0"/>
  <testcase name="test3086" classname="org.apache.zookeeper.test.randoop.c0.keeperexception.RegressionTest6" time="0"/>
  <testcase name="test3087" classname="org.apache.zookeeper.test.randoop.c0.keeperexception.RegressionTest6" time="0"/>
  <testcase name="test3088" classname="org.apache.zookeeper.test.randoop.c0.keeperexception.RegressionTest6" time="0"/>
  <testcase name="test3089" classname="org.apache.zookeeper.test.randoop.c0.keeperexception.RegressionTest6" time="0"/>
  <testcase name="test3090" classname="org.apache.zookeeper.test.randoop.c0.keeperexception.RegressionTest6" time="0.001"/>
  <testcase name="test3091" classname="org.apache.zookeeper.test.randoop.c0.keeperexception.RegressionTest6" time="0"/>
  <testcase name="test3092" classname="org.apache.zookeeper.test.randoop.c0.keeperexception.RegressionTest6" time="0.028"/>
  <testcase name="test3093" classname="org.apache.zookeeper.test.randoop.c0.keeperexception.RegressionTest6" time="0"/>
  <testcase name="test3094" classname="org.apache.zookeeper.test.randoop.c0.keeperexception.RegressionTest6" time="0"/>
  <testcase name="test3095" classname="org.apache.zookeeper.test.randoop.c0.keeperexception.RegressionTest6" time="0"/>
  <testcase name="test3096" classname="org.apache.zookeeper.test.randoop.c0.keeperexception.RegressionTest6" time="0"/>
  <testcase name="test3097" classname="org.apache.zookeeper.test.randoop.c0.keeperexception.RegressionTest6" time="0.057"/>
  <testcase name="test3098" classname="org.apache.zookeeper.test.randoop.c0.keeperexception.RegressionTest6" time="0.026"/>
  <testcase name="test3099" classname="org.apache.zookeeper.test.randoop.c0.keeperexception.RegressionTest6" time="0.024"/>
  <testcase name="test3100" classname="org.apache.zookeeper.test.randoop.c0.keeperexception.RegressionTest6" time="0"/>
  <testcase name="test3101" classname="org.apache.zookeeper.test.randoop.c0.keeperexception.RegressionTest6" time="0"/>
  <testcase name="test3102" classname="org.apache.zookeeper.test.randoop.c0.keeperexception.RegressionTest6" time="0"/>
  <testcase name="test3103" classname="org.apache.zookeeper.test.randoop.c0.keeperexception.RegressionTest6" time="0.035"/>
  <testcase name="test3104" classname="org.apache.zookeeper.test.randoop.c0.keeperexception.RegressionTest6" time="0"/>
  <testcase name="test3105" classname="org.apache.zookeeper.test.randoop.c0.keeperexception.RegressionTest6" time="0"/>
  <testcase name="test3106" classname="org.apache.zookeeper.test.randoop.c0.keeperexception.RegressionTest6" time="0.043"/>
  <testcase name="test3107" classname="org.apache.zookeeper.test.randoop.c0.keeperexception.RegressionTest6" time="0.026"/>
  <testcase name="test3108" classname="org.apache.zookeeper.test.randoop.c0.keeperexception.RegressionTest6" time="0"/>
  <testcase name="test3109" classname="org.apache.zookeeper.test.randoop.c0.keeperexception.RegressionTest6" time="0.019"/>
  <testcase name="test3110" classname="org.apache.zookeeper.test.randoop.c0.keeperexception.RegressionTest6" time="0"/>
  <testcase name="test3111" classname="org.apache.zookeeper.test.randoop.c0.keeperexception.RegressionTest6" time="0"/>
  <testcase name="test3112" classname="org.apache.zookeeper.test.randoop.c0.keeperexception.RegressionTest6" time="0.037"/>
  <testcase name="test3113" classname="org.apache.zookeeper.test.randoop.c0.keeperexception.RegressionTest6" time="0.077"/>
  <testcase name="test3114" classname="org.apache.zookeeper.test.randoop.c0.keeperexception.RegressionTest6" time="0"/>
  <testcase name="test3115" classname="org.apache.zookeeper.test.randoop.c0.keeperexception.RegressionTest6" time="0"/>
  <testcase name="test3116" classname="org.apache.zookeeper.test.randoop.c0.keeperexception.RegressionTest6" time="0"/>
  <testcase name="test3117" classname="org.apache.zookeeper.test.randoop.c0.keeperexception.RegressionTest6" time="0.032"/>
  <testcase name="test3118" classname="org.apache.zookeeper.test.randoop.c0.keeperexception.RegressionTest6" time="0.002"/>
  <testcase name="test3119" classname="org.apache.zookeeper.test.randoop.c0.keeperexception.RegressionTest6" time="0"/>
  <testcase name="test3120" classname="org.apache.zookeeper.test.randoop.c0.keeperexception.RegressionTest6" time="0"/>
  <testcase name="test3121" classname="org.apache.zookeeper.test.randoop.c0.keeperexception.RegressionTest6" time="0.066"/>
  <testcase name="test3122" classname="org.apache.zookeeper.test.randoop.c0.keeperexception.RegressionTest6" time="0.005"/>
  <testcase name="test3123" classname="org.apache.zookeeper.test.randoop.c0.keeperexception.RegressionTest6" time="0"/>
  <testcase name="test3124" classname="org.apache.zookeeper.test.randoop.c0.keeperexception.RegressionTest6" time="0.044"/>
  <testcase name="test3125" classname="org.apache.zookeeper.test.randoop.c0.keeperexception.RegressionTest6" time="0.018"/>
  <testcase name="test3126" classname="org.apache.zookeeper.test.randoop.c0.keeperexception.RegressionTest6" time="0"/>
  <testcase name="test3127" classname="org.apache.zookeeper.test.randoop.c0.keeperexception.RegressionTest6" time="0"/>
  <testcase name="test3128" classname="org.apache.zookeeper.test.randoop.c0.keeperexception.RegressionTest6" time="0.058"/>
  <testcase name="test3129" classname="org.apache.zookeeper.test.randoop.c0.keeperexception.RegressionTest6" time="0"/>
  <testcase name="test3130" classname="org.apache.zookeeper.test.randoop.c0.keeperexception.RegressionTest6" time="0.028"/>
  <testcase name="test3131" classname="org.apache.zookeeper.test.randoop.c0.keeperexception.RegressionTest6" time="0"/>
  <testcase name="test3132" classname="org.apache.zookeeper.test.randoop.c0.keeperexception.RegressionTest6" time="0"/>
  <testcase name="test3133" classname="org.apache.zookeeper.test.randoop.c0.keeperexception.RegressionTest6" time="0.032"/>
  <testcase name="test3134" classname="org.apache.zookeeper.test.randoop.c0.keeperexception.RegressionTest6" time="0.018"/>
  <testcase name="test3135" classname="org.apache.zookeeper.test.randoop.c0.keeperexception.RegressionTest6" time="0"/>
  <testcase name="test3136" classname="org.apache.zookeeper.test.randoop.c0.keeperexception.RegressionTest6" time="0"/>
  <testcase name="test3137" classname="org.apache.zookeeper.test.randoop.c0.keeperexception.RegressionTest6" time="0"/>
  <testcase name="test3138" classname="org.apache.zookeeper.test.randoop.c0.keeperexception.RegressionTest6" time="0"/>
  <testcase name="test3139" classname="org.apache.zookeeper.test.randoop.c0.keeperexception.RegressionTest6" time="0.048"/>
  <testcase name="test3140" classname="org.apache.zookeeper.test.randoop.c0.keeperexception.RegressionTest6" time="0.026"/>
  <testcase name="test3141" classname="org.apache.zookeeper.test.randoop.c0.keeperexception.RegressionTest6" time="0"/>
  <testcase name="test3142" classname="org.apache.zookeeper.test.randoop.c0.keeperexception.RegressionTest6" time="0"/>
  <testcase name="test3143" classname="org.apache.zookeeper.test.randoop.c0.keeperexception.RegressionTest6" time="0"/>
  <testcase name="test3144" classname="org.apache.zookeeper.test.randoop.c0.keeperexception.RegressionTest6" time="0"/>
  <testcase name="test3145" classname="org.apache.zookeeper.test.randoop.c0.keeperexception.RegressionTest6" time="0"/>
  <testcase name="test3146" classname="org.apache.zookeeper.test.randoop.c0.keeperexception.RegressionTest6" time="0.017"/>
  <testcase name="test3147" classname="org.apache.zookeeper.test.randoop.c0.keeperexception.RegressionTest6" time="0"/>
  <testcase name="test3148" classname="org.apache.zookeeper.test.randoop.c0.keeperexception.RegressionTest6" time="0.015"/>
  <testcase name="test3149" classname="org.apache.zookeeper.test.randoop.c0.keeperexception.RegressionTest6" time="0"/>
  <testcase name="test3150" classname="org.apache.zookeeper.test.randoop.c0.keeperexception.RegressionTest6" time="0.02"/>
  <testcase name="test3151" classname="org.apache.zookeeper.test.randoop.c0.keeperexception.RegressionTest6" time="0"/>
  <testcase name="test3152" classname="org.apache.zookeeper.test.randoop.c0.keeperexception.RegressionTest6" time="0"/>
  <testcase name="test3153" classname="org.apache.zookeeper.test.randoop.c0.keeperexception.RegressionTest6" time="0"/>
  <testcase name="test3154" classname="org.apache.zookeeper.test.randoop.c0.keeperexception.RegressionTest6" time="0"/>
  <testcase name="test3155" classname="org.apache.zookeeper.test.randoop.c0.keeperexception.RegressionTest6" time="0.016"/>
  <testcase name="test3156" classname="org.apache.zookeeper.test.randoop.c0.keeperexception.RegressionTest6" time="0"/>
  <testcase name="test3157" classname="org.apache.zookeeper.test.randoop.c0.keeperexception.RegressionTest6" time="0.022"/>
  <testcase name="test3158" classname="org.apache.zookeeper.test.randoop.c0.keeperexception.RegressionTest6" time="0"/>
  <testcase name="test3159" classname="org.apache.zookeeper.test.randoop.c0.keeperexception.RegressionTest6" time="0"/>
  <testcase name="test3160" classname="org.apache.zookeeper.test.randoop.c0.keeperexception.RegressionTest6" time="0"/>
  <testcase name="test3161" classname="org.apache.zookeeper.test.randoop.c0.keeperexception.RegressionTest6" time="0"/>
  <testcase name="test3162" classname="org.apache.zookeeper.test.randoop.c0.keeperexception.RegressionTest6" time="0"/>
  <testcase name="test3163" classname="org.apache.zookeeper.test.randoop.c0.keeperexception.RegressionTest6" time="0"/>
  <testcase name="test3164" classname="org.apache.zookeeper.test.randoop.c0.keeperexception.RegressionTest6" time="0"/>
  <testcase name="test3165" classname="org.apache.zookeeper.test.randoop.c0.keeperexception.RegressionTest6" time="0.032"/>
  <testcase name="test3166" classname="org.apache.zookeeper.test.randoop.c0.keeperexception.RegressionTest6" time="0"/>
  <testcase name="test3167" classname="org.apache.zookeeper.test.randoop.c0.keeperexception.RegressionTest6" time="0"/>
  <testcase name="test3168" classname="org.apache.zookeeper.test.randoop.c0.keeperexception.RegressionTest6" time="0"/>
  <testcase name="test3169" classname="org.apache.zookeeper.test.randoop.c0.keeperexception.RegressionTest6" time="0"/>
  <testcase name="test3170" classname="org.apache.zookeeper.test.randoop.c0.keeperexception.RegressionTest6" time="0"/>
  <testcase name="test3171" classname="org.apache.zookeeper.test.randoop.c0.keeperexception.RegressionTest6" time="0"/>
  <testcase name="test3172" classname="org.apache.zookeeper.test.randoop.c0.keeperexception.RegressionTest6" time="0.054"/>
  <testcase name="test3173" classname="org.apache.zookeeper.test.randoop.c0.keeperexception.RegressionTest6" time="0"/>
  <testcase name="test3174" classname="org.apache.zookeeper.test.randoop.c0.keeperexception.RegressionTest6" time="0.026"/>
  <testcase name="test3175" classname="org.apache.zookeeper.test.randoop.c0.keeperexception.RegressionTest6" time="0"/>
  <testcase name="test3176" classname="org.apache.zookeeper.test.randoop.c0.keeperexception.RegressionTest6" time="0"/>
  <testcase name="test3177" classname="org.apache.zookeeper.test.randoop.c0.keeperexception.RegressionTest6" time="0"/>
  <testcase name="test3178" classname="org.apache.zookeeper.test.randoop.c0.keeperexception.RegressionTest6" time="0"/>
  <testcase name="test3179" classname="org.apache.zookeeper.test.randoop.c0.keeperexception.RegressionTest6" time="0"/>
  <testcase name="test3180" classname="org.apache.zookeeper.test.randoop.c0.keeperexception.RegressionTest6" time="0"/>
  <testcase name="test3181" classname="org.apache.zookeeper.test.randoop.c0.keeperexception.RegressionTest6" time="0.037"/>
  <testcase name="test3182" classname="org.apache.zookeeper.test.randoop.c0.keeperexception.RegressionTest6" time="0.005"/>
  <testcase name="test3183" classname="org.apache.zookeeper.test.randoop.c0.keeperexception.RegressionTest6" time="0"/>
  <testcase name="test3184" classname="org.apache.zookeeper.test.randoop.c0.keeperexception.RegressionTest6" time="0"/>
  <testcase name="test3185" classname="org.apache.zookeeper.test.randoop.c0.keeperexception.RegressionTest6" time="0"/>
  <testcase name="test3186" classname="org.apache.zookeeper.test.randoop.c0.keeperexception.RegressionTest6" time="0"/>
  <testcase name="test3187" classname="org.apache.zookeeper.test.randoop.c0.keeperexception.RegressionTest6" time="0"/>
  <testcase name="test3188" classname="org.apache.zookeeper.test.randoop.c0.keeperexception.RegressionTest6" time="0.003"/>
  <testcase name="test3189" classname="org.apache.zookeeper.test.randoop.c0.keeperexception.RegressionTest6" time="0"/>
  <testcase name="test3190" classname="org.apache.zookeeper.test.randoop.c0.keeperexception.RegressionTest6" time="0"/>
  <testcase name="test3191" classname="org.apache.zookeeper.test.randoop.c0.keeperexception.RegressionTest6" time="0.036"/>
  <testcase name="test3192" classname="org.apache.zookeeper.test.randoop.c0.keeperexception.RegressionTest6" time="0"/>
  <testcase name="test3193" classname="org.apache.zookeeper.test.randoop.c0.keeperexception.RegressionTest6" time="0.019"/>
  <testcase name="test3194" classname="org.apache.zookeeper.test.randoop.c0.keeperexception.RegressionTest6" time="0"/>
  <testcase name="test3195" classname="org.apache.zookeeper.test.randoop.c0.keeperexception.RegressionTest6" time="0"/>
  <testcase name="test3196" classname="org.apache.zookeeper.test.randoop.c0.keeperexception.RegressionTest6" time="0"/>
  <testcase name="test3197" classname="org.apache.zookeeper.test.randoop.c0.keeperexception.RegressionTest6" time="0"/>
  <testcase name="test3198" classname="org.apache.zookeeper.test.randoop.c0.keeperexception.RegressionTest6" time="0"/>
  <testcase name="test3199" classname="org.apache.zookeeper.test.randoop.c0.keeperexception.RegressionTest6" time="0.055"/>
  <testcase name="test3200" classname="org.apache.zookeeper.test.randoop.c0.keeperexception.RegressionTest6" time="0"/>
  <testcase name="test3201" classname="org.apache.zookeeper.test.randoop.c0.keeperexception.RegressionTest6" time="0"/>
  <testcase name="test3202" classname="org.apache.zookeeper.test.randoop.c0.keeperexception.RegressionTest6" time="0.016"/>
  <testcase name="test3203" classname="org.apache.zookeeper.test.randoop.c0.keeperexception.RegressionTest6" time="0.001"/>
  <testcase name="test3204" classname="org.apache.zookeeper.test.randoop.c0.keeperexception.RegressionTest6" time="0.025"/>
  <testcase name="test3205" classname="org.apache.zookeeper.test.randoop.c0.keeperexception.RegressionTest6" time="0"/>
  <testcase name="test3206" classname="org.apache.zookeeper.test.randoop.c0.keeperexception.RegressionTest6" time="0"/>
  <testcase name="test3207" classname="org.apache.zookeeper.test.randoop.c0.keeperexception.RegressionTest6" time="0.018"/>
  <testcase name="test3208" classname="org.apache.zookeeper.test.randoop.c0.keeperexception.RegressionTest6" time="0"/>
  <testcase name="test3209" classname="org.apache.zookeeper.test.randoop.c0.keeperexception.RegressionTest6" time="0"/>
  <testcase name="test3210" classname="org.apache.zookeeper.test.randoop.c0.keeperexception.RegressionTest6" time="0"/>
  <testcase name="test3211" classname="org.apache.zookeeper.test.randoop.c0.keeperexception.RegressionTest6" time="0"/>
  <testcase name="test3212" classname="org.apache.zookeeper.test.randoop.c0.keeperexception.RegressionTest6" time="0"/>
  <testcase name="test3213" classname="org.apache.zookeeper.test.randoop.c0.keeperexception.RegressionTest6" time="0"/>
  <testcase name="test3214" classname="org.apache.zookeeper.test.randoop.c0.keeperexception.RegressionTest6" time="0.031"/>
  <testcase name="test3215" classname="org.apache.zookeeper.test.randoop.c0.keeperexception.RegressionTest6" time="0"/>
  <testcase name="test3216" classname="org.apache.zookeeper.test.randoop.c0.keeperexception.RegressionTest6" time="0.036"/>
  <testcase name="test3217" classname="org.apache.zookeeper.test.randoop.c0.keeperexception.RegressionTest6" time="0.001"/>
  <testcase name="test3218" classname="org.apache.zookeeper.test.randoop.c0.keeperexception.RegressionTest6" time="0"/>
  <testcase name="test3219" classname="org.apache.zookeeper.test.randoop.c0.keeperexception.RegressionTest6" time="0"/>
  <testcase name="test3220" classname="org.apache.zookeeper.test.randoop.c0.keeperexception.RegressionTest6" time="0.052"/>
  <testcase name="test3221" classname="org.apache.zookeeper.test.randoop.c0.keeperexception.RegressionTest6" time="0"/>
  <testcase name="test3222" classname="org.apache.zookeeper.test.randoop.c0.keeperexception.RegressionTest6" time="0"/>
  <testcase name="test3223" classname="org.apache.zookeeper.test.randoop.c0.keeperexception.RegressionTest6" time="0"/>
  <testcase name="test3224" classname="org.apache.zookeeper.test.randoop.c0.keeperexception.RegressionTest6" time="0"/>
  <testcase name="test3225" classname="org.apache.zookeeper.test.randoop.c0.keeperexception.RegressionTest6" time="0"/>
  <testcase name="test3226" classname="org.apache.zookeeper.test.randoop.c0.keeperexception.RegressionTest6" time="0"/>
  <testcase name="test3227" classname="org.apache.zookeeper.test.randoop.c0.keeperexception.RegressionTest6" time="0"/>
  <testcase name="test3228" classname="org.apache.zookeeper.test.randoop.c0.keeperexception.RegressionTest6" time="0"/>
  <testcase name="test3229" classname="org.apache.zookeeper.test.randoop.c0.keeperexception.RegressionTest6" time="0.051"/>
  <testcase name="test3230" classname="org.apache.zookeeper.test.randoop.c0.keeperexception.RegressionTest6" time="0"/>
  <testcase name="test3231" classname="org.apache.zookeeper.test.randoop.c0.keeperexception.RegressionTest6" time="0"/>
  <testcase name="test3232" classname="org.apache.zookeeper.test.randoop.c0.keeperexception.RegressionTest6" time="0.041"/>
  <testcase name="test3233" classname="org.apache.zookeeper.test.randoop.c0.keeperexception.RegressionTest6" time="0"/>
  <testcase name="test3234" classname="org.apache.zookeeper.test.randoop.c0.keeperexception.RegressionTest6" time="0"/>
  <testcase name="test3235" classname="org.apache.zookeeper.test.randoop.c0.keeperexception.RegressionTest6" time="0"/>
  <testcase name="test3236" classname="org.apache.zookeeper.test.randoop.c0.keeperexception.RegressionTest6" time="0"/>
  <testcase name="test3237" classname="org.apache.zookeeper.test.randoop.c0.keeperexception.RegressionTest6" time="0"/>
  <testcase name="test3238" classname="org.apache.zookeeper.test.randoop.c0.keeperexception.RegressionTest6" time="0.034"/>
  <testcase name="test3239" classname="org.apache.zookeeper.test.randoop.c0.keeperexception.RegressionTest6" time="0"/>
  <testcase name="test3240" classname="org.apache.zookeeper.test.randoop.c0.keeperexception.RegressionTest6" time="0"/>
  <testcase name="test3241" classname="org.apache.zookeeper.test.randoop.c0.keeperexception.RegressionTest6" time="0.024"/>
  <testcase name="test3242" classname="org.apache.zookeeper.test.randoop.c0.keeperexception.RegressionTest6" time="0"/>
  <testcase name="test3243" classname="org.apache.zookeeper.test.randoop.c0.keeperexception.RegressionTest6" time="0.039"/>
  <testcase name="test3244" classname="org.apache.zookeeper.test.randoop.c0.keeperexception.RegressionTest6" time="0"/>
  <testcase name="test3245" classname="org.apache.zookeeper.test.randoop.c0.keeperexception.RegressionTest6" time="0"/>
  <testcase name="test3246" classname="org.apache.zookeeper.test.randoop.c0.keeperexception.RegressionTest6" time="0"/>
  <testcase name="test3247" classname="org.apache.zookeeper.test.randoop.c0.keeperexception.RegressionTest6" time="0"/>
  <testcase name="test3248" classname="org.apache.zookeeper.test.randoop.c0.keeperexception.RegressionTest6" time="0"/>
  <testcase name="test3249" classname="org.apache.zookeeper.test.randoop.c0.keeperexception.RegressionTest6" time="0"/>
  <testcase name="test3250" classname="org.apache.zookeeper.test.randoop.c0.keeperexception.RegressionTest6" time="0"/>
  <testcase name="test3251" classname="org.apache.zookeeper.test.randoop.c0.keeperexception.RegressionTest6" time="0"/>
  <testcase name="test3252" classname="org.apache.zookeeper.test.randoop.c0.keeperexception.RegressionTest6" time="0"/>
  <testcase name="test3253" classname="org.apache.zookeeper.test.randoop.c0.keeperexception.RegressionTest6" time="0"/>
  <testcase name="test3254" classname="org.apache.zookeeper.test.randoop.c0.keeperexception.RegressionTest6" time="0"/>
  <testcase name="test3255" classname="org.apache.zookeeper.test.randoop.c0.keeperexception.RegressionTest6" time="0"/>
  <testcase name="test3256" classname="org.apache.zookeeper.test.randoop.c0.keeperexception.RegressionTest6" time="0"/>
  <testcase name="test3257" classname="org.apache.zookeeper.test.randoop.c0.keeperexception.RegressionTest6" time="0.049"/>
  <testcase name="test3258" classname="org.apache.zookeeper.test.randoop.c0.keeperexception.RegressionTest6" time="0"/>
  <testcase name="test3259" classname="org.apache.zookeeper.test.randoop.c0.keeperexception.RegressionTest6" time="0"/>
  <testcase name="test3260" classname="org.apache.zookeeper.test.randoop.c0.keeperexception.RegressionTest6" time="0"/>
  <testcase name="test3261" classname="org.apache.zookeeper.test.randoop.c0.keeperexception.RegressionTest6" time="0"/>
  <testcase name="test3262" classname="org.apache.zookeeper.test.randoop.c0.keeperexception.RegressionTest6" time="0"/>
  <testcase name="test3263" classname="org.apache.zookeeper.test.randoop.c0.keeperexception.RegressionTest6" time="0"/>
  <testcase name="test3264" classname="org.apache.zookeeper.test.randoop.c0.keeperexception.RegressionTest6" time="0.04"/>
  <testcase name="test3265" classname="org.apache.zookeeper.test.randoop.c0.keeperexception.RegressionTest6" time="0"/>
  <testcase name="test3266" classname="org.apache.zookeeper.test.randoop.c0.keeperexception.RegressionTest6" time="0"/>
  <testcase name="test3267" classname="org.apache.zookeeper.test.randoop.c0.keeperexception.RegressionTest6" time="0"/>
  <testcase name="test3268" classname="org.apache.zookeeper.test.randoop.c0.keeperexception.RegressionTest6" time="0"/>
  <testcase name="test3269" classname="org.apache.zookeeper.test.randoop.c0.keeperexception.RegressionTest6" time="0.024"/>
  <testcase name="test3270" classname="org.apache.zookeeper.test.randoop.c0.keeperexception.RegressionTest6" time="0.017"/>
  <testcase name="test3271" classname="org.apache.zookeeper.test.randoop.c0.keeperexception.RegressionTest6" time="0"/>
  <testcase name="test3272" classname="org.apache.zookeeper.test.randoop.c0.keeperexception.RegressionTest6" time="0"/>
  <testcase name="test3273" classname="org.apache.zookeeper.test.randoop.c0.keeperexception.RegressionTest6" time="0"/>
  <testcase name="test3274" classname="org.apache.zookeeper.test.randoop.c0.keeperexception.RegressionTest6" time="0"/>
  <testcase name="test3275" classname="org.apache.zookeeper.test.randoop.c0.keeperexception.RegressionTest6" time="0"/>
  <testcase name="test3276" classname="org.apache.zookeeper.test.randoop.c0.keeperexception.RegressionTest6" time="0"/>
  <testcase name="test3277" classname="org.apache.zookeeper.test.randoop.c0.keeperexception.RegressionTest6" time="0"/>
  <testcase name="test3278" classname="org.apache.zookeeper.test.randoop.c0.keeperexception.RegressionTest6" time="0"/>
</testsuite>