<?xml version="1.0" encoding="UTF-8"?>
<testsuite xmlns:xsi="http://www.w3.org/2001/XMLSchema-instance" xsi:noNamespaceSchemaLocation="https://maven.apache.org/surefire/maven-surefire-plugin/xsd/surefire-test-report.xsd" name="org.apache.zookeeper.test.randoop.c4.commandresponse.RegressionTest0" time="8.025" tests="500" errors="0" skipped="0" failures="0">
  <properties>
[...]
</properties>
  <testcase name="test0001" classname="org.apache.zookeeper.test.randoop.c4.commandresponse.RegressionTest0" time="0.156"/>
  <testcase name="test0002" classname="org.apache.zookeeper.test.randoop.c4.commandresponse.RegressionTest0" time="0"/>
  <testcase name="test0003" classname="org.apache.zookeeper.test.randoop.c4.commandresponse.RegressionTest0" time="0.047"/>
  <testcase name="test0004" classname="org.apache.zookeeper.test.randoop.c4.commandresponse.RegressionTest0" time="0.027"/>
  <testcase name="test0005" classname="org.apache.zookeeper.test.randoop.c4.commandresponse.RegressionTest0" time="0.007"/>
  <testcase name="test0006" classname="org.apache.zookeeper.test.randoop.c4.commandresponse.RegressionTest0" time="0"/>
  <testcase name="test0007" classname="org.apache.zookeeper.test.randoop.c4.commandresponse.RegressionTest0" time="0.056"/>
  <testcase name="test0008" classname="org.apache.zookeeper.test.randoop.c4.commandresponse.RegressionTest0" time="0"/>
  <testcase name="test0009" classname="org.apache.zookeeper.test.randoop.c4.commandresponse.RegressionTest0" time="0"/>
  <testcase name="test0010" classname="org.apache.zookeeper.test.randoop.c4.commandresponse.RegressionTest0" time="0.001"/>
  <testcase name="test0011" classname="org.apache.zookeeper.test.randoop.c4.commandresponse.RegressionTest0" time="0.02"/>
  <testcase name="test0012" classname="org.apache.zookeeper.test.randoop.c4.commandresponse.RegressionTest0" time="0"/>
  <testcase name="test0013" classname="org.apache.zookeeper.test.randoop.c4.commandresponse.RegressionTest0" time="0.043"/>
  <testcase name="test0014" classname="org.apache.zookeeper.test.randoop.c4.commandresponse.RegressionTest0" time="0"/>
  <testcase name="test0015" classname="org.apache.zookeeper.test.randoop.c4.commandresponse.RegressionTest0" time="0"/>
  <testcase name="test0016" classname="org.apache.zookeeper.test.randoop.c4.commandresponse.RegressionTest0" time="0.057"/>
  <testcase name="test0017" classname="org.apache.zookeeper.test.randoop.c4.commandresponse.RegressionTest0" time="0"/>
  <testcase name="test0018" classname="org.apache.zookeeper.test.randoop.c4.commandresponse.RegressionTest0" time="0"/>
  <testcase name="test0019" classname="org.apache.zookeeper.test.randoop.c4.commandresponse.RegressionTest0" time="0.026"/>
  <testcase name="test0020" classname="org.apache.zookeeper.test.randoop.c4.commandresponse.RegressionTest0" time="0"/>
  <testcase name="test0021" classname="org.apache.zookeeper.test.randoop.c4.commandresponse.RegressionTest0" time="0"/>
  <testcase name="test0022" classname="org.apache.zookeeper.test.randoop.c4.commandresponse.RegressionTest0" time="0"/>
  <testcase name="test0023" classname="org.apache.zookeeper.test.randoop.c4.commandresponse.RegressionTest0" time="0"/>
  <testcase name="test0024" classname="org.apache.zookeeper.test.randoop.c4.commandresponse.RegressionTest0" time="0"/>
  <testcase name="test0025" classname="org.apache.zookeeper.test.randoop.c4.commandresponse.RegressionTest0" time="0.039"/>
  <testcase name="test0026" classname="org.apache.zookeeper.test.randoop.c4.commandresponse.RegressionTest0" time="0"/>
  <testcase name="test0027" classname="org.apache.zookeeper.test.randoop.c4.commandresponse.RegressionTest0" time="0"/>
  <testcase name="test0028" classname="org.apache.zookeeper.test.randoop.c4.commandresponse.RegressionTest0" time="0"/>
  <testcase name="test0029" classname="org.apache.zookeeper.test.randoop.c4.commandresponse.RegressionTest0" time="0"/>
  <testcase name="test0030" classname="org.apache.zookeeper.test.randoop.c4.commandresponse.RegressionTest0" time="0"/>
  <testcase name="test0031" classname="org.apache.zookeeper.test.randoop.c4.commandresponse.RegressionTest0" time="0.057"/>
  <testcase name="test0032" classname="org.apache.zookeeper.test.randoop.c4.commandresponse.RegressionTest0" time="0.039"/>
  <testcase name="test0033" classname="org.apache.zookeeper.test.randoop.c4.commandresponse.RegressionTest0" time="0"/>
  <testcase name="test0034" classname="org.apache.zookeeper.test.randoop.c4.commandresponse.RegressionTest0" time="0"/>
  <testcase name="test0035" classname="org.apache.zookeeper.test.randoop.c4.commandresponse.RegressionTest0" time="0.022"/>
  <testcase name="test0036" classname="org.apache.zookeeper.test.randoop.c4.commandresponse.RegressionTest0" time="0"/>
  <testcase name="test0037" classname="org.apache.zookeeper.test.randoop.c4.commandresponse.RegressionTest0" time="0"/>
  <testcase name="test0038" classname="org.apache.zookeeper.test.randoop.c4.commandresponse.RegressionTest0" time="0.029"/>
  <testcase name="test0039" classname="org.apache.zookeeper.test.randoop.c4.commandresponse.RegressionTest0" time="0.012"/>
  <testcase name="test0040" classname="org.apache.zookeeper.test.randoop.c4.commandresponse.RegressionTest0" time="0"/>
  <testcase name="test0041" classname="org.apache.zookeeper.test.randoop.c4.commandresponse.RegressionTest0" time="0.038"/>
  <testcase name="test0042" classname="org.apache.zookeeper.test.randoop.c4.commandresponse.RegressionTest0" time="0"/>
  <testcase name="test0043" classname="org.apache.zookeeper.test.randoop.c4.commandresponse.RegressionTest0" time="0"/>
  <testcase name="test0044" classname="org.apache.zookeeper.test.randoop.c4.commandresponse.RegressionTest0" time="0"/>
  <testcase name="test0045" classname="org.apache.zookeeper.test.randoop.c4.commandresponse.RegressionTest0" time="0"/>
  <testcase name="test0046" classname="org.apache.zookeeper.test.randoop.c4.commandresponse.RegressionTest0" time="0.033"/>
  <testcase name="test0047" classname="org.apache.zookeeper.test.randoop.c4.commandresponse.RegressionTest0" time="0"/>
  <testcase name="test0048" classname="org.apache.zookeeper.test.randoop.c4.commandresponse.RegressionTest0" time="0.001"/>
  <testcase name="test0049" classname="org.apache.zookeeper.test.randoop.c4.commandresponse.RegressionTest0" time="0"/>
  <testcase name="test0050" classname="org.apache.zookeeper.test.randoop.c4.commandresponse.RegressionTest0" time="0.023"/>
  <testcase name="test0051" classname="org.apache.zookeeper.test.randoop.c4.commandresponse.RegressionTest0" time="0"/>
  <testcase name="test0052" classname="org.apache.zookeeper.test.randoop.c4.commandresponse.RegressionTest0" time="0.039"/>
  <testcase name="test0053" classname="org.apache.zookeeper.test.randoop.c4.commandresponse.RegressionTest0" time="0.026"/>
  <testcase name="test0054" classname="org.apache.zookeeper.test.randoop.c4.commandresponse.RegressionTest0" time="0.001"/>
  <testcase name="test0055" classname="org.apache.zookeeper.test.randoop.c4.commandresponse.RegressionTest0" time="0"/>
  <testcase name="test0056" classname="org.apache.zookeeper.test.randoop.c4.commandresponse.RegressionTest0" time="0.018"/>
  <testcase name="test0057" classname="org.apache.zookeeper.test.randoop.c4.commandresponse.RegressionTest0" time="0.024"/>
  <testcase name="test0058" classname="org.apache.zookeeper.test.randoop.c4.commandresponse.RegressionTest0" time="0.019"/>
  <testcase name="test0059" classname="org.apache.zookeeper.test.randoop.c4.commandresponse.RegressionTest0" time="0.019"/>
  <testcase name="test0060" classname="org.apache.zookeeper.test.randoop.c4.commandresponse.RegressionTest0" time="0.016"/>
  <testcase name="test0061" classname="org.apache.zookeeper.test.randoop.c4.commandresponse.RegressionTest0" time="0.001"/>
  <testcase name="test0062" classname="org.apache.zookeeper.test.randoop.c4.commandresponse.RegressionTest0" time="0"/>
  <testcase name="test0063" classname="org.apache.zookeeper.test.randoop.c4.commandresponse.RegressionTest0" time="0"/>
  <testcase name="test0064" classname="org.apache.zookeeper.test.randoop.c4.commandresponse.RegressionTest0" time="0.047"/>
  <testcase name="test0065" classname="org.apache.zookeeper.test.randoop.c4.commandresponse.RegressionTest0" time="0.02"/>
  <testcase name="test0066" classname="org.apache.zookeeper.test.randoop.c4.commandresponse.RegressionTest0" time="0.022"/>
  <testcase name="test0067" classname="org.apache.zookeeper.test.randoop.c4.commandresponse.RegressionTest0" time="0"/>
  <testcase name="test0068" classname="org.apache.zookeeper.test.randoop.c4.commandresponse.RegressionTest0" time="0.042"/>
  <testcase name="test0069" classname="org.apache.zookeeper.test.randoop.c4.commandresponse.RegressionTest0" time="0.039"/>
  <testcase name="test0070" classname="org.apache.zookeeper.test.randoop.c4.commandresponse.RegressionTest0" time="0.029"/>
  <testcase name="test0071" classname="org.apache.zookeeper.test.randoop.c4.commandresponse.RegressionTest0" time="0"/>
  <testcase name="test0072" classname="org.apache.zookeeper.test.randoop.c4.commandresponse.RegressionTest0" time="0"/>
  <testcase name="test0073" classname="org.apache.zookeeper.test.randoop.c4.commandresponse.RegressionTest0" time="0"/>
  <testcase name="test0074" classname="org.apache.zookeeper.test.randoop.c4.commandresponse.RegressionTest0" time="0"/>
  <testcase name="test0075" classname="org.apache.zookeeper.test.randoop.c4.commandresponse.RegressionTest0" time="0.048"/>
  <testcase name="test0076" classname="org.apache.zookeeper.test.randoop.c4.commandresponse.RegressionTest0" time="0"/>
  <testcase name="test0077" classname="org.apache.zookeeper.test.randoop.c4.commandresponse.RegressionTest0" time="0.007"/>
  <testcase name="test0078" classname="org.apache.zookeeper.test.randoop.c4.commandresponse.RegressionTest0" time="0"/>
  <testcase name="test0079" classname="org.apache.zookeeper.test.randoop.c4.commandresponse.RegressionTest0" time="0.088"/>
  <testcase name="test0080" classname="org.apache.zookeeper.test.randoop.c4.commandresponse.RegressionTest0" time="0"/>
  <testcase name="test0081" classname="org.apache.zookeeper.test.randoop.c4.commandresponse.RegressionTest0" time="0.02"/>
  <testcase name="test0082" classname="org.apache.zookeeper.test.randoop.c4.commandresponse.RegressionTest0" time="0"/>
  <testcase name="test0083" classname="org.apache.zookeeper.test.randoop.c4.commandresponse.RegressionTest0" time="0.028"/>
  <testcase name="test0084" classname="org.apache.zookeeper.test.randoop.c4.commandresponse.RegressionTest0" time="0"/>
  <testcase name="test0085" classname="org.apache.zookeeper.test.randoop.c4.commandresponse.RegressionTest0" time="0"/>
  <testcase name="test0086" classname="org.apache.zookeeper.test.randoop.c4.commandresponse.RegressionTest0" time="0.088"/>
  <testcase name="test0087" classname="org.apache.zookeeper.test.randoop.c4.commandresponse.RegressionTest0" time="0"/>
  <testcase name="test0088" classname="org.apache.zookeeper.test.randoop.c4.commandresponse.RegressionTest0" time="0"/>
  <testcase name="test0089" classname="org.apache.zookeeper.test.randoop.c4.commandresponse.RegressionTest0" time="0.001"/>
  <testcase name="test0090" classname="org.apache.zookeeper.test.randoop.c4.commandresponse.RegressionTest0" time="0.023"/>
  <testcase name="test0091" classname="org.apache.zookeeper.test.randoop.c4.commandresponse.RegressionTest0" time="0"/>
  <testcase name="test0092" classname="org.apache.zookeeper.test.randoop.c4.commandresponse.RegressionTest0" time="0"/>
  <testcase name="test0093" classname="org.apache.zookeeper.test.randoop.c4.commandresponse.RegressionTest0" time="0.044"/>
  <testcase name="test0094" classname="org.apache.zookeeper.test.randoop.c4.commandresponse.RegressionTest0" time="0"/>
  <testcase name="test0095" classname="org.apache.zookeeper.test.randoop.c4.commandresponse.RegressionTest0" time="0"/>
  <testcase name="test0096" classname="org.apache.zookeeper.test.randoop.c4.commandresponse.RegressionTest0" time="0.001"/>
  <testcase name="test0097" classname="org.apache.zookeeper.test.randoop.c4.commandresponse.RegressionTest0" time="0"/>
  <testcase name="test0098" classname="org.apache.zookeeper.test.randoop.c4.commandresponse.RegressionTest0" time="0.079"/>
  <testcase name="test0099" classname="org.apache.zookeeper.test.randoop.c4.commandresponse.RegressionTest0" time="0"/>
  <testcase name="test0100" classname="org.apache.zookeeper.test.randoop.c4.commandresponse.RegressionTest0" time="0"/>
  <testcase name="test0101" classname="org.apache.zookeeper.test.randoop.c4.commandresponse.RegressionTest0" time="0"/>
  <testcase name="test0102" classname="org.apache.zookeeper.test.randoop.c4.commandresponse.RegressionTest0" time="0"/>
  <testcase name="test0103" classname="org.apache.zookeeper.test.randoop.c4.commandresponse.RegressionTest0" time="0"/>
  <testcase name="test0104" classname="org.apache.zookeeper.test.randoop.c4.commandresponse.RegressionTest0" time="0"/>
  <testcase name="test0105" classname="org.apache.zookeeper.test.randoop.c4.commandresponse.RegressionTest0" time="0"/>
  <testcase name="test0106" classname="org.apache.zookeeper.test.randoop.c4.commandresponse.RegressionTest0" time="0"/>
  <testcase name="test0107" classname="org.apache.zookeeper.test.randoop.c4.commandresponse.RegressionTest0" time="0"/>
  <testcase name="test0108" classname="org.apache.zookeeper.test.randoop.c4.commandresponse.RegressionTest0" time="0"/>
  <testcase name="test0109" classname="org.apache.zookeeper.test.randoop.c4.commandresponse.RegressionTest0" time="0.059"/>
  <testcase name="test0110" classname="org.apache.zookeeper.test.randoop.c4.commandresponse.RegressionTest0" time="0"/>
  <testcase name="test0111" classname="org.apache.zookeeper.test.randoop.c4.commandresponse.RegressionTest0" time="0"/>
  <testcase name="test0112" classname="org.apache.zookeeper.test.randoop.c4.commandresponse.RegressionTest0" time="0.046"/>
  <testcase name="test0113" classname="org.apache.zookeeper.test.randoop.c4.commandresponse.RegressionTest0" time="0.051"/>
  <testcase name="test0114" classname="org.apache.zookeeper.test.randoop.c4.commandresponse.RegressionTest0" time="0"/>
  <testcase name="test0115" classname="org.apache.zookeeper.test.randoop.c4.commandresponse.RegressionTest0" time="0"/>
  <testcase name="test0116" classname="org.apache.zookeeper.test.randoop.c4.commandresponse.RegressionTest0" time="0.053"/>
  <testcase name="test0117" classname="org.apache.zookeeper.test.randoop.c4.commandresponse.RegressionTest0" time="0"/>
  <testcase name="test0118" classname="org.apache.zookeeper.test.randoop.c4.commandresponse.RegressionTest0" time="0.013"/>
  <testcase name="test0119" classname="org.apache.zookeeper.test.randoop.c4.commandresponse.RegressionTest0" time="0"/>
  <testcase name="test0120" classname="org.apache.zookeeper.test.randoop.c4.commandresponse.RegressionTest0" time="0.037"/>
  <testcase name="test0121" classname="org.apache.zookeeper.test.randoop.c4.commandresponse.RegressionTest0" time="0"/>
  <testcase name="test0122" classname="org.apache.zookeeper.test.randoop.c4.commandresponse.RegressionTest0" time="0.028"/>
  <testcase name="test0123" classname="org.apache.zookeeper.test.randoop.c4.commandresponse.RegressionTest0" time="0.001"/>
  <testcase name="test0124" classname="org.apache.zookeeper.test.randoop.c4.commandresponse.RegressionTest0" time="0.017"/>
  <testcase name="test0125" classname="org.apache.zookeeper.test.randoop.c4.commandresponse.RegressionTest0" time="0"/>
  <testcase name="test0126" classname="org.apache.zookeeper.test.randoop.c4.commandresponse.RegressionTest0" time="0"/>
  <testcase name="test0127" classname="org.apache.zookeeper.test.randoop.c4.commandresponse.RegressionTest0" time="0"/>
  <testcase name="test0128" classname="org.apache.zookeeper.test.randoop.c4.commandresponse.RegressionTest0" time="0"/>
  <testcase name="test0129" classname="org.apache.zookeeper.test.randoop.c4.commandresponse.RegressionTest0" time="0"/>
  <testcase name="test0130" classname="org.apache.zookeeper.test.randoop.c4.commandresponse.RegressionTest0" time="0"/>
  <testcase name="test0131" classname="org.apache.zookeeper.test.randoop.c4.commandresponse.RegressionTest0" time="0"/>
  <testcase name="test0132" classname="org.apache.zookeeper.test.randoop.c4.commandresponse.RegressionTest0" time="0.019"/>
  <testcase name="test0133" classname="org.apache.zookeeper.test.randoop.c4.commandresponse.RegressionTest0" time="0"/>
  <testcase name="test0134" classname="org.apache.zookeeper.test.randoop.c4.commandresponse.RegressionTest0" time="0.013"/>
  <testcase name="test0135" classname="org.apache.zookeeper.test.randoop.c4.commandresponse.RegressionTest0" time="0.019"/>
  <testcase name="test0136" classname="org.apache.zookeeper.test.randoop.c4.commandresponse.RegressionTest0" time="0"/>
  <testcase name="test0137" classname="org.apache.zookeeper.test.randoop.c4.commandresponse.RegressionTest0" time="0.034"/>
  <testcase name="test0138" classname="org.apache.zookeeper.test.randoop.c4.commandresponse.RegressionTest0" time="0"/>
  <testcase name="test0139" classname="org.apache.zookeeper.test.randoop.c4.commandresponse.RegressionTest0" time="0"/>
  <testcase name="test0140" classname="org.apache.zookeeper.test.randoop.c4.commandresponse.RegressionTest0" time="0.019"/>
  <testcase name="test0141" classname="org.apache.zookeeper.test.randoop.c4.commandresponse.RegressionTest0" time="0"/>
  <testcase name="test0142" classname="org.apache.zookeeper.test.randoop.c4.commandresponse.RegressionTest0" time="0"/>
  <testcase name="test0143" classname="org.apache.zookeeper.test.randoop.c4.commandresponse.RegressionTest0" time="0"/>
  <testcase name="test0144" classname="org.apache.zookeeper.test.randoop.c4.commandresponse.RegressionTest0" time="0"/>
  <testcase name="test0145" classname="org.apache.zookeeper.test.randoop.c4.commandresponse.RegressionTest0" time="0"/>
  <testcase name="test0146" classname="org.apache.zookeeper.test.randoop.c4.commandresponse.RegressionTest0" time="0"/>
  <testcase name="test0147" classname="org.apache.zookeeper.test.randoop.c4.commandresponse.RegressionTest0" time="0"/>
  <testcase name="test0148" classname="org.apache.zookeeper.test.randoop.c4.commandresponse.RegressionTest0" time="0"/>
  <testcase name="test0149" classname="org.apache.zookeeper.test.randoop.c4.commandresponse.RegressionTest0" time="0"/>
  <testcase name="test0150" classname="org.apache.zookeeper.test.randoop.c4.commandresponse.RegressionTest0" time="0.044"/>
  <testcase name="test0151" classname="org.apache.zookeeper.test.randoop.c4.commandresponse.RegressionTest0" time="0"/>
  <testcase name="test0152" classname="org.apache.zookeeper.test.randoop.c4.commandresponse.RegressionTest0" time="0.043"/>
  <testcase name="test0153" classname="org.apache.zookeeper.test.randoop.c4.commandresponse.RegressionTest0" time="0"/>
  <testcase name="test0154" classname="org.apache.zookeeper.test.randoop.c4.commandresponse.RegressionTest0" time="0"/>
  <testcase name="test0155" classname="org.apache.zookeeper.test.randoop.c4.commandresponse.RegressionTest0" time="0"/>
  <testcase name="test0156" classname="org.apache.zookeeper.test.randoop.c4.commandresponse.RegressionTest0" time="0"/>
  <testcase name="test0157" classname="org.apache.zookeeper.test.randoop.c4.commandresponse.RegressionTest0" time="0"/>
  <testcase name="test0158" classname="org.apache.zookeeper.test.randoop.c4.commandresponse.RegressionTest0" time="0"/>
  <testcase name="test0159" classname="org.apache.zookeeper.test.randoop.c4.commandresponse.RegressionTest0" time="0.048"/>
  <testcase name="test0160" classname="org.apache.zookeeper.test.randoop.c4.commandresponse.RegressionTest0" time="0.019"/>
  <testcase name="test0161" classname="org.apache.zookeeper.test.randoop.c4.commandresponse.RegressionTest0" time="0"/>
  <testcase name="test0162" classname="org.apache.zookeeper.test.randoop.c4.commandresponse.RegressionTest0" time="0"/>
  <testcase name="test0163" classname="org.apache.zookeeper.test.randoop.c4.commandresponse.RegressionTest0" time="0"/>
  <testcase name="test0164" classname="org.apache.zookeeper.test.randoop.c4.commandresponse.RegressionTest0" time="0.052"/>
  <testcase name="test0165" classname="org.apache.zookeeper.test.randoop.c4.commandresponse.RegressionTest0" time="0"/>
  <testcase name="test0166" classname="org.apache.zookeeper.test.randoop.c4.commandresponse.RegressionTest0" time="0.001"/>
  <testcase name="test0167" classname="org.apache.zookeeper.test.randoop.c4.commandresponse.RegressionTest0" time="0.063"/>
  <testcase name="test0168" classname="org.apache.zookeeper.test.randoop.c4.commandresponse.RegressionTest0" time="0"/>
  <testcase name="test0169" classname="org.apache.zookeeper.test.randoop.c4.commandresponse.RegressionTest0" time="0"/>
  <testcase name="test0170" classname="org.apache.zookeeper.test.randoop.c4.commandresponse.RegressionTest0" time="0.047"/>
  <testcase name="test0171" classname="org.apache.zookeeper.test.randoop.c4.commandresponse.RegressionTest0" time="0.001"/>
  <testcase name="test0172" classname="org.apache.zookeeper.test.randoop.c4.commandresponse.RegressionTest0" time="0"/>
  <testcase name="test0173" classname="org.apache.zookeeper.test.randoop.c4.commandresponse.RegressionTest0" time="0"/>
  <testcase name="test0174" classname="org.apache.zookeeper.test.randoop.c4.commandresponse.RegressionTest0" time="0"/>
  <testcase name="test0175" classname="org.apache.zookeeper.test.randoop.c4.commandresponse.RegressionTest0" time="0"/>
  <testcase name="test0176" classname="org.apache.zookeeper.test.randoop.c4.commandresponse.RegressionTest0" time="0"/>
  <testcase name="test0177" classname="org.apache.zookeeper.test.randoop.c4.commandresponse.RegressionTest0" time="0"/>
  <testcase name="test0178" classname="org.apache.zookeeper.test.randoop.c4.commandresponse.RegressionTest0" time="0"/>
  <testcase name="test0179" classname="org.apache.zookeeper.test.randoop.c4.commandresponse.RegressionTest0" time="0"/>
  <testcase name="test0180" classname="org.apache.zookeeper.test.randoop.c4.commandresponse.RegressionTest0" time="0.055"/>
  <testcase name="test0181" classname="org.apache.zookeeper.test.randoop.c4.commandresponse.RegressionTest0" time="0"/>
  <testcase name="test0182" classname="org.apache.zookeeper.test.randoop.c4.commandresponse.RegressionTest0" time="0.011"/>
  <testcase name="test0183" classname="org.apache.zookeeper.test.randoop.c4.commandresponse.RegressionTest0" time="0"/>
  <testcase name="test0184" classname="org.apache.zookeeper.test.randoop.c4.commandresponse.RegressionTest0" time="0"/>
  <testcase name="test0185" classname="org.apache.zookeeper.test.randoop.c4.commandresponse.RegressionTest0" time="0"/>
  <testcase name="test0186" classname="org.apache.zookeeper.test.randoop.c4.commandresponse.RegressionTest0" time="0"/>
  <testcase name="test0187" classname="org.apache.zookeeper.test.randoop.c4.commandresponse.RegressionTest0" time="0.001"/>
  <testcase name="test0188" classname="org.apache.zookeeper.test.randoop.c4.commandresponse.RegressionTest0" time="0.055"/>
  <testcase name="test0189" classname="org.apache.zookeeper.test.randoop.c4.commandresponse.RegressionTest0" time="0"/>
  <testcase name="test0190" classname="org.apache.zookeeper.test.randoop.c4.commandresponse.RegressionTest0" time="0"/>
  <testcase name="test0191" classname="org.apache.zookeeper.test.randoop.c4.commandresponse.RegressionTest0" time="0"/>
  <testcase name="test0192" classname="org.apache.zookeeper.test.randoop.c4.commandresponse.RegressionTest0" time="0"/>
  <testcase name="test0193" classname="org.apache.zookeeper.test.randoop.c4.commandresponse.RegressionTest0" time="0"/>
  <testcase name="test0194" classname="org.apache.zookeeper.test.randoop.c4.commandresponse.RegressionTest0" time="0"/>
  <testcase name="test0195" classname="org.apache.zookeeper.test.randoop.c4.commandresponse.RegressionTest0" time="0.001"/>
  <testcase name="test0196" classname="org.apache.zookeeper.test.randoop.c4.commandresponse.RegressionTest0" time="0"/>
  <testcase name="test0197" classname="org.apache.zookeeper.test.randoop.c4.commandresponse.RegressionTest0" time="0"/>
  <testcase name="test0198" classname="org.apache.zookeeper.test.randoop.c4.commandresponse.RegressionTest0" time="0"/>
  <testcase name="test0199" classname="org.apache.zookeeper.test.randoop.c4.commandresponse.RegressionTest0" time="0"/>
  <testcase name="test0200" classname="org.apache.zookeeper.test.randoop.c4.commandresponse.RegressionTest0" time="0"/>
  <testcase name="test0201" classname="org.apache.zookeeper.test.randoop.c4.commandresponse.RegressionTest0" time="0.078"/>
  <testcase name="test0202" classname="org.apache.zookeeper.test.randoop.c4.commandresponse.RegressionTest0" time="0.053"/>
  <testcase name="test0203" classname="org.apache.zookeeper.test.randoop.c4.commandresponse.RegressionTest0" time="0"/>
  <testcase name="test0204" classname="org.apache.zookeeper.test.randoop.c4.commandresponse.RegressionTest0" time="0.001"/>
  <testcase name="test0205" classname="org.apache.zookeeper.test.randoop.c4.commandresponse.RegressionTest0" time="0.04"/>
  <testcase name="test0206" classname="org.apache.zookeeper.test.randoop.c4.commandresponse.RegressionTest0" time="0"/>
  <testcase name="test0207" classname="org.apache.zookeeper.test.randoop.c4.commandresponse.RegressionTest0" time="0.02"/>
  <testcase name="test0208" classname="org.apache.zookeeper.test.randoop.c4.commandresponse.RegressionTest0" time="0"/>
  <testcase name="test0209" classname="org.apache.zookeeper.test.randoop.c4.commandresponse.RegressionTest0" time="0"/>
  <testcase name="test0210" classname="org.apache.zookeeper.test.randoop.c4.commandresponse.RegressionTest0" time="0.061"/>
  <testcase name="test0211" classname="org.apache.zookeeper.test.randoop.c4.commandresponse.RegressionTest0" time="0.048"/>
  <testcase name="test0212" classname="org.apache.zookeeper.test.randoop.c4.commandresponse.RegressionTest0" time="0.011"/>
  <testcase name="test0213" classname="org.apache.zookeeper.test.randoop.c4.commandresponse.RegressionTest0" time="0"/>
  <testcase name="test0214" classname="org.apache.zookeeper.test.randoop.c4.commandresponse.RegressionTest0" time="0.072"/>
  <testcase name="test0215" classname="org.apache.zookeeper.test.randoop.c4.commandresponse.RegressionTest0" time="0"/>
  <testcase name="test0216" classname="org.apache.zookeeper.test.randoop.c4.commandresponse.RegressionTest0" time="0"/>
  <testcase name="test0217" classname="org.apache.zookeeper.test.randoop.c4.commandresponse.RegressionTest0" time="0"/>
  <testcase name="test0218" classname="org.apache.zookeeper.test.randoop.c4.commandresponse.RegressionTest0" time="0"/>
  <testcase name="test0219" classname="org.apache.zookeeper.test.randoop.c4.commandresponse.RegressionTest0" time="0"/>
  <testcase name="test0220" classname="org.apache.zookeeper.test.randoop.c4.commandresponse.RegressionTest0" time="0"/>
  <testcase name="test0221" classname="org.apache.zookeeper.test.randoop.c4.commandresponse.RegressionTest0" time="0"/>
  <testcase name="test0222" classname="org.apache.zookeeper.test.randoop.c4.commandresponse.RegressionTest0" time="0"/>
  <testcase name="test0223" classname="org.apache.zookeeper.test.randoop.c4.commandresponse.RegressionTest0" time="0.042"/>
  <testcase name="test0224" classname="org.apache.zookeeper.test.randoop.c4.commandresponse.RegressionTest0" time="0.016"/>
  <testcase name="test0225" classname="org.apache.zookeeper.test.randoop.c4.commandresponse.RegressionTest0" time="0"/>
  <testcase name="test0226" classname="org.apache.zookeeper.test.randoop.c4.commandresponse.RegressionTest0" time="0"/>
  <testcase name="test0227" classname="org.apache.zookeeper.test.randoop.c4.commandresponse.RegressionTest0" time="0.054"/>
  <testcase name="test0228" classname="org.apache.zookeeper.test.randoop.c4.commandresponse.RegressionTest0" time="0"/>
  <testcase name="test0229" classname="org.apache.zookeeper.test.randoop.c4.commandresponse.RegressionTest0" time="0"/>
  <testcase name="test0230" classname="org.apache.zookeeper.test.randoop.c4.commandresponse.RegressionTest0" time="0"/>
  <testcase name="test0231" classname="org.apache.zookeeper.test.randoop.c4.commandresponse.RegressionTest0" time="0"/>
  <testcase name="test0232" classname="org.apache.zookeeper.test.randoop.c4.commandresponse.RegressionTest0" time="0.049"/>
  <testcase name="test0233" classname="org.apache.zookeeper.test.randoop.c4.commandresponse.RegressionTest0" time="0"/>
  <testcase name="test0234" classname="org.apache.zookeeper.test.randoop.c4.commandresponse.RegressionTest0" time="0"/>
  <testcase name="test0235" classname="org.apache.zookeeper.test.randoop.c4.commandresponse.RegressionTest0" time="0.053"/>
  <testcase name="test0236" classname="org.apache.zookeeper.test.randoop.c4.commandresponse.RegressionTest0" time="0.001"/>
  <testcase name="test0237" classname="org.apache.zookeeper.test.randoop.c4.commandresponse.RegressionTest0" time="0.034"/>
  <testcase name="test0238" classname="org.apache.zookeeper.test.randoop.c4.commandresponse.RegressionTest0" time="0.001"/>
  <testcase name="test0239" classname="org.apache.zookeeper.test.randoop.c4.commandresponse.RegressionTest0" time="0"/>
  <testcase name="test0240" classname="org.apache.zookeeper.test.randoop.c4.commandresponse.RegressionTest0" time="0"/>
  <testcase name="test0241" classname="org.apache.zookeeper.test.randoop.c4.commandresponse.RegressionTest0" time="0.033"/>
  <testcase name="test0242" classname="org.apache.zookeeper.test.randoop.c4.commandresponse.RegressionTest0" time="0.054"/>
  <testcase name="test0243" classname="org.apache.zookeeper.test.randoop.c4.commandresponse.RegressionTest0" time="0"/>
  <testcase name="test0244" classname="org.apache.zookeeper.test.randoop.c4.commandresponse.RegressionTest0" time="0"/>
  <testcase name="test0245" classname="org.apache.zookeeper.test.randoop.c4.commandresponse.RegressionTest0" time="0.057"/>
  <testcase name="test0246" classname="org.apache.zookeeper.test.randoop.c4.commandresponse.RegressionTest0" time="0"/>
  <testcase name="test0247" classname="org.apache.zookeeper.test.randoop.c4.commandresponse.RegressionTest0" time="0"/>
  <testcase name="test0248" classname="org.apache.zookeeper.test.randoop.c4.commandresponse.RegressionTest0" time="0"/>
  <testcase name="test0249" classname="org.apache.zookeeper.test.randoop.c4.commandresponse.RegressionTest0" time="0"/>
  <testcase name="test0250" classname="org.apache.zookeeper.test.randoop.c4.commandresponse.RegressionTest0" time="0.001"/>
  <testcase name="test0251" classname="org.apache.zookeeper.test.randoop.c4.commandresponse.RegressionTest0" time="0.004"/>
  <testcase name="test0252" classname="org.apache.zookeeper.test.randoop.c4.commandresponse.RegressionTest0" time="0"/>
  <testcase name="test0253" classname="org.apache.zookeeper.test.randoop.c4.commandresponse.RegressionTest0" time="0"/>
  <testcase name="test0254" classname="org.apache.zookeeper.test.randoop.c4.commandresponse.RegressionTest0" time="0"/>
  <testcase name="test0255" classname="org.apache.zookeeper.test.randoop.c4.commandresponse.RegressionTest0" time="0.045"/>
  <testcase name="test0256" classname="org.apache.zookeeper.test.randoop.c4.commandresponse.RegressionTest0" time="0"/>
  <testcase name="test0257" classname="org.apache.zookeeper.test.randoop.c4.commandresponse.RegressionTest0" time="0"/>
  <testcase name="test0258" classname="org.apache.zookeeper.test.randoop.c4.commandresponse.RegressionTest0" time="0"/>
  <testcase name="test0259" classname="org.apache.zookeeper.test.randoop.c4.commandresponse.RegressionTest0" time="0"/>
  <testcase name="test0260" classname="org.apache.zookeeper.test.randoop.c4.commandresponse.RegressionTest0" time="0.026"/>
  <testcase name="test0261" classname="org.apache.zookeeper.test.randoop.c4.commandresponse.RegressionTest0" time="0"/>
  <testcase name="test0262" classname="org.apache.zookeeper.test.randoop.c4.commandresponse.RegressionTest0" time="0"/>
  <testcase name="test0263" classname="org.apache.zookeeper.test.randoop.c4.commandresponse.RegressionTest0" time="0.044"/>
  <testcase name="test0264" classname="org.apache.zookeeper.test.randoop.c4.commandresponse.RegressionTest0" time="0"/>
  <testcase name="test0265" classname="org.apache.zookeeper.test.randoop.c4.commandresponse.RegressionTest0" time="0"/>
  <testcase name="test0266" classname="org.apache.zookeeper.test.randoop.c4.commandresponse.RegressionTest0" time="0"/>
  <testcase name="test0267" classname="org.apache.zookeeper.test.randoop.c4.commandresponse.RegressionTest0" time="0"/>
  <testcase name="test0268" classname="org.apache.zookeeper.test.randoop.c4.commandresponse.RegressionTest0" time="0.017"/>
  <testcase name="test0269" classname="org.apache.zookeeper.test.randoop.c4.commandresponse.RegressionTest0" time="0.009"/>
  <testcase name="test0270" classname="org.apache.zookeeper.test.randoop.c4.commandresponse.RegressionTest0" time="0"/>
  <testcase name="test0271" classname="org.apache.zookeeper.test.randoop.c4.commandresponse.RegressionTest0" time="0.011"/>
  <testcase name="test0272" classname="org.apache.zookeeper.test.randoop.c4.commandresponse.RegressionTest0" time="0.003"/>
  <testcase name="test0273" classname="org.apache.zookeeper.test.randoop.c4.commandresponse.RegressionTest0" time="0"/>
  <testcase name="test0274" classname="org.apache.zookeeper.test.randoop.c4.commandresponse.RegressionTest0" time="0"/>
  <testcase name="test0275" classname="org.apache.zookeeper.test.randoop.c4.commandresponse.RegressionTest0" time="0.041"/>
  <testcase name="test0276" classname="org.apache.zookeeper.test.randoop.c4.commandresponse.RegressionTest0" time="0.016"/>
  <testcase name="test0277" classname="org.apache.zookeeper.test.randoop.c4.commandresponse.RegressionTest0" time="0"/>
  <testcase name="test0278" classname="org.apache.zookeeper.test.randoop.c4.commandresponse.RegressionTest0" time="0"/>
  <testcase name="test0279" classname="org.apache.zookeeper.test.randoop.c4.commandresponse.RegressionTest0" time="0"/>
  <testcase name="test0280" classname="org.apache.zookeeper.test.randoop.c4.commandresponse.RegressionTest0" time="0"/>
  <testcase name="test0281" classname="org.apache.zookeeper.test.randoop.c4.commandresponse.RegressionTest0" time="0"/>
  <testcase name="test0282" classname="org.apache.zookeeper.test.randoop.c4.commandresponse.RegressionTest0" time="0"/>
  <testcase name="test0283" classname="org.apache.zookeeper.test.randoop.c4.commandresponse.RegressionTest0" time="0.002"/>
  <testcase name="test0284" classname="org.apache.zookeeper.test.randoop.c4.commandresponse.RegressionTest0" time="0.018"/>
  <testcase name="test0285" classname="org.apache.zookeeper.test.randoop.c4.commandresponse.RegressionTest0" time="0"/>
  <testcase name="test0286" classname="org.apache.zookeeper.test.randoop.c4.commandresponse.RegressionTest0" time="0.03"/>
  <testcase name="test0287" classname="org.apache.zookeeper.test.randoop.c4.commandresponse.RegressionTest0" time="0"/>
  <testcase name="test0288" classname="org.apache.zookeeper.test.randoop.c4.commandresponse.RegressionTest0" time="0"/>
  <testcase name="test0289" classname="org.apache.zookeeper.test.randoop.c4.commandresponse.RegressionTest0" time="0"/>
  <testcase name="test0290" classname="org.apache.zookeeper.test.randoop.c4.commandresponse.RegressionTest0" time="0"/>
  <testcase name="test0291" classname="org.apache.zookeeper.test.randoop.c4.commandresponse.RegressionTest0" time="0.004"/>
  <testcase name="test0292" classname="org.apache.zookeeper.test.randoop.c4.commandresponse.RegressionTest0" time="0.021"/>
  <testcase name="test0293" classname="org.apache.zookeeper.test.randoop.c4.commandresponse.RegressionTest0" time="0.005"/>
  <testcase name="test0294" classname="org.apache.zookeeper.test.randoop.c4.commandresponse.RegressionTest0" time="0"/>
  <testcase name="test0295" classname="org.apache.zookeeper.test.randoop.c4.commandresponse.RegressionTest0" time="0"/>
  <testcase name="test0296" classname="org.apache.zookeeper.test.randoop.c4.commandresponse.RegressionTest0" time="0.035"/>
  <testcase name="test0297" classname="org.apache.zookeeper.test.randoop.c4.commandresponse.RegressionTest0" time="0.052"/>
  <testcase name="test0298" classname="org.apache.zookeeper.test.randoop.c4.commandresponse.RegressionTest0" time="0"/>
  <testcase name="test0299" classname="org.apache.zookeeper.test.randoop.c4.commandresponse.RegressionTest0" time="0"/>
  <testcase name="test0300" classname="org.apache.zookeeper.test.randoop.c4.commandresponse.RegressionTest0" time="0.033"/>
  <testcase name="test0301" classname="org.apache.zookeeper.test.randoop.c4.commandresponse.RegressionTest0" time="0"/>
  <testcase name="test0302" classname="org.apache.zookeeper.test.randoop.c4.commandresponse.RegressionTest0" time="0.015"/>
  <testcase name="test0303" classname="org.apache.zookeeper.test.randoop.c4.commandresponse.RegressionTest0" time="0.032"/>
  <testcase name="test0304" classname="org.apache.zookeeper.test.randoop.c4.commandresponse.RegressionTest0" time="0"/>
  <testcase name="test0305" classname="org.apache.zookeeper.test.randoop.c4.commandresponse.RegressionTest0" time="0"/>
  <testcase name="test0306" classname="org.apache.zookeeper.test.randoop.c4.commandresponse.RegressionTest0" time="0.03"/>
  <testcase name="test0307" classname="org.apache.zookeeper.test.randoop.c4.commandresponse.RegressionTest0" time="0.009"/>
  <testcase name="test0308" classname="org.apache.zookeeper.test.randoop.c4.commandresponse.RegressionTest0" time="0"/>
  <testcase name="test0309" classname="org.apache.zookeeper.test.randoop.c4.commandresponse.RegressionTest0" time="0.041"/>
  <testcase name="test0310" classname="org.apache.zookeeper.test.randoop.c4.commandresponse.RegressionTest0" time="0"/>
  <testcase name="test0311" classname="org.apache.zookeeper.test.randoop.c4.commandresponse.RegressionTest0" time="0"/>
  <testcase name="test0312" classname="org.apache.zookeeper.test.randoop.c4.commandresponse.RegressionTest0" time="0.092"/>
  <testcase name="test0313" classname="org.apache.zookeeper.test.randoop.c4.commandresponse.RegressionTest0" time="0"/>
  <testcase name="test0314" classname="org.apache.zookeeper.test.randoop.c4.commandresponse.RegressionTest0" time="0"/>
  <testcase name="test0315" classname="org.apache.zookeeper.test.randoop.c4.commandresponse.RegressionTest0" time="0"/>
  <testcase name="test0316" classname="org.apache.zookeeper.test.randoop.c4.commandresponse.RegressionTest0" time="0.028"/>
  <testcase name="test0317" classname="org.apache.zookeeper.test.randoop.c4.commandresponse.RegressionTest0" time="0.004"/>
  <testcase name="test0318" classname="org.apache.zookeeper.test.randoop.c4.commandresponse.RegressionTest0" time="0"/>
  <testcase name="test0319" classname="org.apache.zookeeper.test.randoop.c4.commandresponse.RegressionTest0" time="0"/>
  <testcase name="test0320" classname="org.apache.zookeeper.test.randoop.c4.commandresponse.RegressionTest0" time="0"/>
  <testcase name="test0321" classname="org.apache.zookeeper.test.randoop.c4.commandresponse.RegressionTest0" time="0"/>
  <testcase name="test0322" classname="org.apache.zookeeper.test.randoop.c4.commandresponse.RegressionTest0" time="0.004"/>
  <testcase name="test0323" classname="org.apache.zookeeper.test.randoop.c4.commandresponse.RegressionTest0" time="0"/>
  <testcase name="test0324" classname="org.apache.zookeeper.test.randoop.c4.commandresponse.RegressionTest0" time="0.038"/>
  <testcase name="test0325" classname="org.apache.zookeeper.test.randoop.c4.commandresponse.RegressionTest0" time="0"/>
  <testcase name="test0326" classname="org.apache.zookeeper.test.randoop.c4.commandresponse.RegressionTest0" time="0"/>
  <testcase name="test0327" classname="org.apache.zookeeper.test.randoop.c4.commandresponse.RegressionTest0" time="0"/>
  <testcase name="test0328" classname="org.apache.zookeeper.test.randoop.c4.commandresponse.RegressionTest0" time="0.001"/>
  <testcase name="test0329" classname="org.apache.zookeeper.test.randoop.c4.commandresponse.RegressionTest0" time="0"/>
  <testcase name="test0330" classname="org.apache.zookeeper.test.randoop.c4.commandresponse.RegressionTest0" time="0.054"/>
  <testcase name="test0331" classname="org.apache.zookeeper.test.randoop.c4.commandresponse.RegressionTest0" time="0"/>
  <testcase name="test0332" classname="org.apache.zookeeper.test.randoop.c4.commandresponse.RegressionTest0" time="0.023"/>
  <testcase name="test0333" classname="org.apache.zookeeper.test.randoop.c4.commandresponse.RegressionTest0" time="0.026"/>
  <testcase name="test0334" classname="org.apache.zookeeper.test.randoop.c4.commandresponse.RegressionTest0" time="0"/>
  <testcase name="test0335" classname="org.apache.zookeeper.test.randoop.c4.commandresponse.RegressionTest0" time="0"/>
  <testcase name="test0336" classname="org.apache.zookeeper.test.randoop.c4.commandresponse.RegressionTest0" time="0"/>
  <testcase name="test0337" classname="org.apache.zookeeper.test.randoop.c4.commandresponse.RegressionTest0" time="0"/>
  <testcase name="test0338" classname="org.apache.zookeeper.test.randoop.c4.commandresponse.RegressionTest0" time="0"/>
  <testcase name="test0339" classname="org.apache.zookeeper.test.randoop.c4.commandresponse.RegressionTest0" time="0.053"/>
  <testcase name="test0340" classname="org.apache.zookeeper.test.randoop.c4.commandresponse.RegressionTest0" time="0"/>
  <testcase name="test0341" classname="org.apache.zookeeper.test.randoop.c4.commandresponse.RegressionTest0" time="0"/>
  <testcase name="test0342" classname="org.apache.zookeeper.test.randoop.c4.commandresponse.RegressionTest0" time="0.03"/>
  <testcase name="test0343" classname="org.apache.zookeeper.test.randoop.c4.commandresponse.RegressionTest0" time="0"/>
  <testcase name="test0344" classname="org.apache.zookeeper.test.randoop.c4.commandresponse.RegressionTest0" time="0.042"/>
  <testcase name="test0345" classname="org.apache.zookeeper.test.randoop.c4.commandresponse.RegressionTest0" time="0"/>
  <testcase name="test0346" classname="org.apache.zookeeper.test.randoop.c4.commandresponse.RegressionTest0" time="0"/>
  <testcase name="test0347" classname="org.apache.zookeeper.test.randoop.c4.commandresponse.RegressionTest0" time="0"/>
  <testcase name="test0348" classname="org.apache.zookeeper.test.randoop.c4.commandresponse.RegressionTest0" time="0.048"/>
  <testcase name="test0349" classname="org.apache.zookeeper.test.randoop.c4.commandresponse.RegressionTest0" time="0"/>
  <testcase name="test0350" classname="org.apache.zookeeper.test.randoop.c4.commandresponse.RegressionTest0" time="0"/>
  <testcase name="test0351" classname="org.apache.zookeeper.test.randoop.c4.commandresponse.RegressionTest0" time="0"/>
  <testcase name="test0352" classname="org.apache.zookeeper.test.randoop.c4.commandresponse.RegressionTest0" time="0.044"/>
  <testcase name="test0353" classname="org.apache.zookeeper.test.randoop.c4.commandresponse.RegressionTest0" time="0"/>
  <testcase name="test0354" classname="org.apache.zookeeper.test.randoop.c4.commandresponse.RegressionTest0" time="0"/>
  <testcase name="test0355" classname="org.apache.zookeeper.test.randoop.c4.commandresponse.RegressionTest0" time="0"/>
  <testcase name="test0356" classname="org.apache.zookeeper.test.randoop.c4.commandresponse.RegressionTest0" time="0.044"/>
  <testcase name="test0357" classname="org.apache.zookeeper.test.randoop.c4.commandresponse.RegressionTest0" time="0"/>
  <testcase name="test0358" classname="org.apache.zookeeper.test.randoop.c4.commandresponse.RegressionTest0" time="0"/>
  <testcase name="test0359" classname="org.apache.zookeeper.test.randoop.c4.commandresponse.RegressionTest0" time="0"/>
  <testcase name="test0360" classname="org.apache.zookeeper.test.randoop.c4.commandresponse.RegressionTest0" time="0"/>
  <testcase name="test0361" classname="org.apache.zookeeper.test.randoop.c4.commandresponse.RegressionTest0" time="0"/>
  <testcase name="test0362" classname="org.apache.zookeeper.test.randoop.c4.commandresponse.RegressionTest0" time="0"/>
  <testcase name="test0363" classname="org.apache.zookeeper.test.randoop.c4.commandresponse.RegressionTest0" time="0"/>
  <testcase name="test0364" classname="org.apache.zookeeper.test.randoop.c4.commandresponse.RegressionTest0" time="0"/>
  <testcase name="test0365" classname="org.apache.zookeeper.test.randoop.c4.commandresponse.RegressionTest0" time="0"/>
  <testcase name="test0366" classname="org.apache.zookeeper.test.randoop.c4.commandresponse.RegressionTest0" time="0"/>
  <testcase name="test0367" classname="org.apache.zookeeper.test.randoop.c4.commandresponse.RegressionTest0" time="0.033"/>
  <testcase name="test0368" classname="org.apache.zookeeper.test.randoop.c4.commandresponse.RegressionTest0" time="0.026"/>
  <testcase name="test0369" classname="org.apache.zookeeper.test.randoop.c4.commandresponse.RegressionTest0" time="0"/>
  <testcase name="test0370" classname="org.apache.zookeeper.test.randoop.c4.commandresponse.RegressionTest0" time="0"/>
  <testcase name="test0371" classname="org.apache.zookeeper.test.randoop.c4.commandresponse.RegressionTest0" time="0"/>
  <testcase name="test0372" classname="org.apache.zookeeper.test.randoop.c4.commandresponse.RegressionTest0" time="0"/>
  <testcase name="test0373" classname="org.apache.zookeeper.test.randoop.c4.commandresponse.RegressionTest0" time="0"/>
  <testcase name="test0374" classname="org.apache.zookeeper.test.randoop.c4.commandresponse.RegressionTest0" time="0"/>
  <testcase name="test0375" classname="org.apache.zookeeper.test.randoop.c4.commandresponse.RegressionTest0" time="0"/>
  <testcase name="test0376" classname="org.apache.zookeeper.test.randoop.c4.commandresponse.RegressionTest0" time="0"/>
  <testcase name="test0377" classname="org.apache.zookeeper.test.randoop.c4.commandresponse.RegressionTest0" time="0"/>
  <testcase name="test0378" classname="org.apache.zookeeper.test.randoop.c4.commandresponse.RegressionTest0" time="0"/>
  <testcase name="test0379" classname="org.apache.zookeeper.test.randoop.c4.commandresponse.RegressionTest0" time="0"/>
  <testcase name="test0380" classname="org.apache.zookeeper.test.randoop.c4.commandresponse.RegressionTest0" time="0.001"/>
  <testcase name="test0381" classname="org.apache.zookeeper.test.randoop.c4.commandresponse.RegressionTest0" time="0.042"/>
  <testcase name="test0382" classname="org.apache.zookeeper.test.randoop.c4.commandresponse.RegressionTest0" time="0"/>
  <testcase name="test0383" classname="org.apache.zookeeper.test.randoop.c4.commandresponse.RegressionTest0" time="0"/>
  <testcase name="test0384" classname="org.apache.zookeeper.test.randoop.c4.commandresponse.RegressionTest0" time="0.044"/>
  <testcase name="test0385" classname="org.apache.zookeeper.test.randoop.c4.commandresponse.RegressionTest0" time="0.047"/>
  <testcase name="test0386" classname="org.apache.zookeeper.test.randoop.c4.commandresponse.RegressionTest0" time="0"/>
  <testcase name="test0387" classname="org.apache.zookeeper.test.randoop.c4.commandresponse.RegressionTest0" time="0"/>
  <testcase name="test0388" classname="org.apache.zookeeper.test.randoop.c4.commandresponse.RegressionTest0" time="0"/>
  <testcase name="test0389" classname="org.apache.zookeeper.test.randoop.c4.commandresponse.RegressionTest0" time="0"/>
  <testcase name="test0390" classname="org.apache.zookeeper.test.randoop.c4.commandresponse.RegressionTest0" time="0.036"/>
  <testcase name="test0391" classname="org.apache.zookeeper.test.randoop.c4.commandresponse.RegressionTest0" time="0"/>
  <testcase name="test0392" classname="org.apache.zookeeper.test.randoop.c4.commandresponse.RegressionTest0" time="0.004"/>
  <testcase name="test0393" classname="org.apache.zookeeper.test.randoop.c4.commandresponse.RegressionTest0" time="0"/>
  <testcase name="test0394" classname="org.apache.zookeeper.test.randoop.c4.commandresponse.RegressionTest0" time="0"/>
  <testcase name="test0395" classname="org.apache.zookeeper.test.randoop.c4.commandresponse.RegressionTest0" time="0"/>
  <testcase name="test0396" classname="org.apache.zookeeper.test.randoop.c4.commandresponse.RegressionTest0" time="0"/>
  <testcase name="test0397" classname="org.apache.zookeeper.test.randoop.c4.commandresponse.RegressionTest0" time="0"/>
  <testcase name="test0398" classname="org.apache.zookeeper.test.randoop.c4.commandresponse.RegressionTest0" time="0"/>
  <testcase name="test0399" classname="org.apache.zookeeper.test.randoop.c4.commandresponse.RegressionTest0" time="0"/>
  <testcase name="test0400" classname="org.apache.zookeeper.test.randoop.c4.commandresponse.RegressionTest0" time="0"/>
  <testcase name="test0401" classname="org.apache.zookeeper.test.randoop.c4.commandresponse.RegressionTest0" time="0.045"/>
  <testcase name="test0402" classname="org.apache.zookeeper.test.randoop.c4.commandresponse.RegressionTest0" time="0"/>
  <testcase name="test0403" classname="org.apache.zookeeper.test.randoop.c4.commandresponse.RegressionTest0" time="0"/>
  <testcase name="test0404" classname="org.apache.zookeeper.test.randoop.c4.commandresponse.RegressionTest0" time="0"/>
  <testcase name="test0405" classname="org.apache.zookeeper.test.randoop.c4.commandresponse.RegressionTest0" time="0"/>
  <testcase name="test0406" classname="org.apache.zookeeper.test.randoop.c4.commandresponse.RegressionTest0" time="0"/>
  <testcase name="test0407" classname="org.apache.zookeeper.test.randoop.c4.commandresponse.RegressionTest0" time="0.044"/>
  <testcase name="test0408" classname="org.apache.zookeeper.test.randoop.c4.commandresponse.RegressionTest0" time="0"/>
  <testcase name="test0409" classname="org.apache.zookeeper.test.randoop.c4.commandresponse.RegressionTest0" time="0.035"/>
  <testcase name="test0410" classname="org.apache.zookeeper.test.randoop.c4.commandresponse.RegressionTest0" time="0"/>
  <testcase name="test0411" classname="org.apache.zookeeper.test.randoop.c4.commandresponse.RegressionTest0" time="0"/>
  <testcase name="test0412" classname="org.apache.zookeeper.test.randoop.c4.commandresponse.RegressionTest0" time="0"/>
  <testcase name="test0413" classname="org.apache.zookeeper.test.randoop.c4.commandresponse.RegressionTest0" time="0"/>
  <testcase name="test0414" classname="org.apache.zookeeper.test.randoop.c4.commandresponse.RegressionTest0" time="0"/>
  <testcase name="test0415" classname="org.apache.zookeeper.test.randoop.c4.commandresponse.RegressionTest0" time="0.035"/>
  <testcase name="test0416" classname="org.apache.zookeeper.test.randoop.c4.commandresponse.RegressionTest0" time="0"/>
  <testcase name="test0417" classname="org.apache.zookeeper.test.randoop.c4.commandresponse.RegressionTest0" time="0"/>
  <testcase name="test0418" classname="org.apache.zookeeper.test.randoop.c4.commandresponse.RegressionTest0" time="0"/>
  <testcase name="test0419" classname="org.apache.zookeeper.test.randoop.c4.commandresponse.RegressionTest0" time="0"/>
  <testcase name="test0420" classname="org.apache.zookeeper.test.randoop.c4.commandresponse.RegressionTest0" time="0.049"/>
  <testcase name="test0421" classname="org.apache.zookeeper.test.randoop.c4.commandresponse.RegressionTest0" time="0"/>
  <testcase name="test0422" classname="org.apache.zookeeper.test.randoop.c4.commandresponse.RegressionTest0" time="0"/>
  <testcase name="test0423" classname="org.apache.zookeeper.test.randoop.c4.commandresponse.RegressionTest0" time="0"/>
  <testcase name="test0424" classname="org.apache.zookeeper.test.randoop.c4.commandresponse.RegressionTest0" time="0"/>
  <testcase name="test0425" classname="org.apache.zookeeper.test.randoop.c4.commandresponse.RegressionTest0" time="0"/>
  <testcase name="test0426" classname="org.apache.zookeeper.test.randoop.c4.commandresponse.RegressionTest0" time="0"/>
  <testcase name="test0427" classname="org.apache.zookeeper.test.randoop.c4.commandresponse.RegressionTest0" time="0"/>
  <testcase name="test0428" classname="org.apache.zookeeper.test.randoop.c4.commandresponse.RegressionTest0" time="0.068"/>
  <testcase name="test0429" classname="org.apache.zookeeper.test.randoop.c4.commandresponse.RegressionTest0" time="0.012"/>
  <testcase name="test0430" classname="org.apache.zookeeper.test.randoop.c4.commandresponse.RegressionTest0" time="0"/>
  <testcase name="test0431" classname="org.apache.zookeeper.test.randoop.c4.commandresponse.RegressionTest0" time="0.058"/>
  <testcase name="test0432" classname="org.apache.zookeeper.test.randoop.c4.commandresponse.RegressionTest0" time="0"/>
  <testcase name="test0433" classname="org.apache.zookeeper.test.randoop.c4.commandresponse.RegressionTest0" time="0.006"/>
  <testcase name="test0434" classname="org.apache.zookeeper.test.randoop.c4.commandresponse.RegressionTest0" time="0"/>
  <testcase name="test0435" classname="org.apache.zookeeper.test.randoop.c4.commandresponse.RegressionTest0" time="0"/>
  <testcase name="test0436" classname="org.apache.zookeeper.test.randoop.c4.commandresponse.RegressionTest0" time="0"/>
  <testcase name="test0437" classname="org.apache.zookeeper.test.randoop.c4.commandresponse.RegressionTest0" time="0"/>
  <testcase name="test0438" classname="org.apache.zookeeper.test.randoop.c4.commandresponse.RegressionTest0" time="0"/>
  <testcase name="test0439" classname="org.apache.zookeeper.test.randoop.c4.commandresponse.RegressionTest0" time="0"/>
  <testcase name="test0440" classname="org.apache.zookeeper.test.randoop.c4.commandresponse.RegressionTest0" time="0"/>
  <testcase name="test0441" classname="org.apache.zookeeper.test.randoop.c4.commandresponse.RegressionTest0" time="0.064"/>
  <testcase name="test0442" classname="org.apache.zookeeper.test.randoop.c4.commandresponse.RegressionTest0" time="0"/>
  <testcase name="test0443" classname="org.apache.zookeeper.test.randoop.c4.commandresponse.RegressionTest0" time="0"/>
  <testcase name="test0444" classname="org.apache.zookeeper.test.randoop.c4.commandresponse.RegressionTest0" time="0"/>
  <testcase name="test0445" classname="org.apache.zookeeper.test.randoop.c4.commandresponse.RegressionTest0" time="0"/>
  <testcase name="test0446" classname="org.apache.zookeeper.test.randoop.c4.commandresponse.RegressionTest0" time="0.048"/>
  <testcase name="test0447" classname="org.apache.zookeeper.test.randoop.c4.commandresponse.RegressionTest0" time="0"/>
  <testcase name="test0448" classname="org.apache.zookeeper.test.randoop.c4.commandresponse.RegressionTest0" time="0"/>
  <testcase name="test0449" classname="org.apache.zookeeper.test.randoop.c4.commandresponse.RegressionTest0" time="0"/>
  <testcase name="test0450" classname="org.apache.zookeeper.test.randoop.c4.commandresponse.RegressionTest0" time="0"/>
  <testcase name="test0451" classname="org.apache.zookeeper.test.randoop.c4.commandresponse.RegressionTest0" time="0"/>
  <testcase name="test0452" classname="org.apache.zookeeper.test.randoop.c4.commandresponse.RegressionTest0" time="0.001"/>
  <testcase name="test0453" classname="org.apache.zookeeper.test.randoop.c4.commandresponse.RegressionTest0" time="0.028"/>
  <testcase name="test0454" classname="org.apache.zookeeper.test.randoop.c4.commandresponse.RegressionTest0" time="0"/>
  <testcase name="test0455" classname="org.apache.zookeeper.test.randoop.c4.commandresponse.RegressionTest0" time="0"/>
  <testcase name="test0456" classname="org.apache.zookeeper.test.randoop.c4.commandresponse.RegressionTest0" time="0"/>
  <testcase name="test0457" classname="org.apache.zookeeper.test.randoop.c4.commandresponse.RegressionTest0" time="0"/>
  <testcase name="test0458" classname="org.apache.zookeeper.test.randoop.c4.commandresponse.RegressionTest0" time="0.032"/>
  <testcase name="test0459" classname="org.apache.zookeeper.test.randoop.c4.commandresponse.RegressionTest0" time="0"/>
  <testcase name="test0460" classname="org.apache.zookeeper.test.randoop.c4.commandresponse.RegressionTest0" time="0"/>
  <testcase name="test0461" classname="org.apache.zookeeper.test.randoop.c4.commandresponse.RegressionTest0" time="0"/>
  <testcase name="test0462" classname="org.apache.zookeeper.test.randoop.c4.commandresponse.RegressionTest0" time="0"/>
  <testcase name="test0463" classname="org.apache.zookeeper.test.randoop.c4.commandresponse.RegressionTest0" time="0"/>
  <testcase name="test0464" classname="org.apache.zookeeper.test.randoop.c4.commandresponse.RegressionTest0" time="0"/>
  <testcase name="test0465" classname="org.apache.zookeeper.test.randoop.c4.commandresponse.RegressionTest0" time="0"/>
  <testcase name="test0466" classname="org.apache.zookeeper.test.randoop.c4.commandresponse.RegressionTest0" time="0"/>
  <testcase name="test0467" classname="org.apache.zookeeper.test.randoop.c4.commandresponse.RegressionTest0" time="0"/>
  <testcase name="test0468" classname="org.apache.zookeeper.test.randoop.c4.commandresponse.RegressionTest0" time="0"/>
  <testcase name="test0469" classname="org.apache.zookeeper.test.randoop.c4.commandresponse.RegressionTest0" time="0.04"/>
  <testcase name="test0470" classname="org.apache.zookeeper.test.randoop.c4.commandresponse.RegressionTest0" time="0"/>
  <testcase name="test0471" classname="org.apache.zookeeper.test.randoop.c4.commandresponse.RegressionTest0" time="0"/>
  <testcase name="test0472" classname="org.apache.zookeeper.test.randoop.c4.commandresponse.RegressionTest0" time="0"/>
  <testcase name="test0473" classname="org.apache.zookeeper.test.randoop.c4.commandresponse.RegressionTest0" time="0"/>
  <testcase name="test0474" classname="org.apache.zookeeper.test.randoop.c4.commandresponse.RegressionTest0" time="0"/>
  <testcase name="test0475" classname="org.apache.zookeeper.test.randoop.c4.commandresponse.RegressionTest0" time="0"/>
  <testcase name="test0476" classname="org.apache.zookeeper.test.randoop.c4.commandresponse.RegressionTest0" time="0"/>
  <testcase name="test0477" classname="org.apache.zookeeper.test.randoop.c4.commandresponse.RegressionTest0" time="0"/>
  <testcase name="test0478" classname="org.apache.zookeeper.test.randoop.c4.commandresponse.RegressionTest0" time="0"/>
  <testcase name="test0479" classname="org.apache.zookeeper.test.randoop.c4.commandresponse.RegressionTest0" time="0.03"/>
  <testcase name="test0480" classname="org.apache.zookeeper.test.randoop.c4.commandresponse.RegressionTest0" time="0.035"/>
  <testcase name="test0481" classname="org.apache.zookeeper.test.randoop.c4.commandresponse.RegressionTest0" time="0"/>
  <testcase name="test0482" classname="org.apache.zookeeper.test.randoop.c4.commandresponse.RegressionTest0" time="0.018"/>
  <testcase name="test0483" classname="org.apache.zookeeper.test.randoop.c4.commandresponse.RegressionTest0" time="0"/>
  <testcase name="test0484" classname="org.apache.zookeeper.test.randoop.c4.commandresponse.RegressionTest0" time="0"/>
  <testcase name="test0485" classname="org.apache.zookeeper.test.randoop.c4.commandresponse.RegressionTest0" time="0.001"/>
  <testcase name="test0486" classname="org.apache.zookeeper.test.randoop.c4.commandresponse.RegressionTest0" time="0"/>
  <testcase name="test0487" classname="org.apache.zookeeper.test.randoop.c4.commandresponse.RegressionTest0" time="0"/>
  <testcase name="test0488" classname="org.apache.zookeeper.test.randoop.c4.commandresponse.RegressionTest0" time="0"/>
  <testcase name="test0489" classname="org.apache.zookeeper.test.randoop.c4.commandresponse.RegressionTest0" time="0"/>
  <testcase name="test0490" classname="org.apache.zookeeper.test.randoop.c4.commandresponse.RegressionTest0" time="0"/>
  <testcase name="test0491" classname="org.apache.zookeeper.test.randoop.c4.commandresponse.RegressionTest0" time="0"/>
  <testcase name="test0492" classname="org.apache.zookeeper.test.randoop.c4.commandresponse.RegressionTest0" time="0"/>
  <testcase name="test0493" classname="org.apache.zookeeper.test.randoop.c4.commandresponse.RegressionTest0" time="0.03"/>
  <testcase name="test0494" classname="org.apache.zookeeper.test.randoop.c4.commandresponse.RegressionTest0" time="0"/>
  <testcase name="test0495" classname="org.apache.zookeeper.test.randoop.c4.commandresponse.RegressionTest0" time="0.016"/>
  <testcase name="test0496" classname="org.apache.zookeeper.test.randoop.c4.commandresponse.RegressionTest0" time="0"/>
  <testcase name="test0497" classname="org.apache.zookeeper.test.randoop.c4.commandresponse.RegressionTest0" time="0"/>
  <testcase name="test0498" classname="org.apache.zookeeper.test.randoop.c4.commandresponse.RegressionTest0" time="0"/>
  <testcase name="test0499" classname="org.apache.zookeeper.test.randoop.c4.commandresponse.RegressionTest0" time="0"/>
  <testcase name="test0500" classname="org.apache.zookeeper.test.randoop.c4.commandresponse.RegressionTest0" time="0.028"/>
</testsuite>