<?xml version="1.0" encoding="UTF-8"?>
<testsuite xmlns:xsi="http://www.w3.org/2001/XMLSchema-instance" xsi:noNamespaceSchemaLocation="https://maven.apache.org/surefire/maven-surefire-plugin/xsd/surefire-test-report.xsd" name="org.apache.zookeeper.test.randoop.c0.keeperexception.RegressionTest4" time="6.118" tests="500" errors="0" skipped="0" failures="0">
  <properties>
[...]
</properties>
  <testcase name="test2001" classname="org.apache.zookeeper.test.randoop.c0.keeperexception.RegressionTest4" time="0.361"/>
  <testcase name="test2002" classname="org.apache.zookeeper.test.randoop.c0.keeperexception.RegressionTest4" time="0.003"/>
  <testcase name="test2003" classname="org.apache.zookeeper.test.randoop.c0.keeperexception.RegressionTest4" time="0"/>
  <testcase name="test2004" classname="org.apache.zookeeper.test.randoop.c0.keeperexception.RegressionTest4" time="0.089"/>
  <testcase name="test2005" classname="org.apache.zookeeper.test.randoop.c0.keeperexception.RegressionTest4" time="0.034"/>
  <testcase name="test2006" classname="org.apache.zookeeper.test.randoop.c0.keeperexception.RegressionTest4" time="0.012"/>
  <testcase name="test2007" classname="org.apache.zookeeper.test.randoop.c0.keeperexception.RegressionTest4" time="0"/>
  <testcase name="test2008" classname="org.apache.zookeeper.test.randoop.c0.keeperexception.RegressionTest4" time="0.026"/>
  <testcase name="test2009" classname="org.apache.zookeeper.test.randoop.c0.keeperexception.RegressionTest4" time="0"/>
  <testcase name="test2010" classname="org.apache.zookeeper.test.randoop.c0.keeperexception.RegressionTest4" time="0"/>
  <testcase name="test2011" classname="org.apache.zookeeper.test.randoop.c0.keeperexception.RegressionTest4" time="0"/>
  <testcase name="test2012" classname="org.apache.zookeeper.test.randoop.c0.keeperexception.RegressionTest4" time="0.1"/>
  <testcase name="test2013" classname="org.apache.zookeeper.test.randoop.c0.keeperexception.RegressionTest4" time="0"/>
  <testcase name="test2014" classname="org.apache.zookeeper.test.randoop.c0.keeperexception.RegressionTest4" time="0"/>
  <testcase name="test2015" classname="org.apache.zookeeper.test.randoop.c0.keeperexception.RegressionTest4" time="0"/>
  <testcase name="test2016" classname="org.apache.zookeeper.test.randoop.c0.keeperexception.RegressionTest4" time="0.044"/>
  <testcase name="test2017" classname="org.apache.zookeeper.test.randoop.c0.keeperexception.RegressionTest4" time="0"/>
  <testcase name="test2018" classname="org.apache.zookeeper.test.randoop.c0.keeperexception.RegressionTest4" time="0"/>
  <testcase name="test2019" classname="org.apache.zookeeper.test.randoop.c0.keeperexception.RegressionTest4" time="0"/>
  <testcase name="test2020" classname="org.apache.zookeeper.test.randoop.c0.keeperexception.RegressionTest4" time="0"/>
  <testcase name="test2021" classname="org.apache.zookeeper.test.randoop.c0.keeperexception.RegressionTest4" time="0"/>
  <testcase name="test2022" classname="org.apache.zookeeper.test.randoop.c0.keeperexception.RegressionTest4" time="0"/>
  <testcase name="test2023" classname="org.apache.zookeeper.test.randoop.c0.keeperexception.RegressionTest4" time="0"/>
  <testcase name="test2024" classname="org.apache.zookeeper.test.randoop.c0.keeperexception.RegressionTest4" time="0"/>
  <testcase name="test2025" classname="org.apache.zookeeper.test.randoop.c0.keeperexception.RegressionTest4" time="0.051"/>
  <testcase name="test2026" classname="org.apache.zookeeper.test.randoop.c0.keeperexception.RegressionTest4" time="0.019"/>
  <testcase name="test2027" classname="org.apache.zookeeper.test.randoop.c0.keeperexception.RegressionTest4" time="0"/>
  <testcase name="test2028" classname="org.apache.zookeeper.test.randoop.c0.keeperexception.RegressionTest4" time="0"/>
  <testcase name="test2029" classname="org.apache.zookeeper.test.randoop.c0.keeperexception.RegressionTest4" time="0"/>
  <testcase name="test2030" classname="org.apache.zookeeper.test.randoop.c0.keeperexception.RegressionTest4" time="0"/>
  <testcase name="test2031" classname="org.apache.zookeeper.test.randoop.c0.keeperexception.RegressionTest4" time="0"/>
  <testcase name="test2032" classname="org.apache.zookeeper.test.randoop.c0.keeperexception.RegressionTest4" time="0.056"/>
  <testcase name="test2033" classname="org.apache.zookeeper.test.randoop.c0.keeperexception.RegressionTest4" time="0"/>
  <testcase name="test2034" classname="org.apache.zookeeper.test.randoop.c0.keeperexception.RegressionTest4" time="0.023"/>
  <testcase name="test2035" classname="org.apache.zookeeper.test.randoop.c0.keeperexception.RegressionTest4" time="0"/>
  <testcase name="test2036" classname="org.apache.zookeeper.test.randoop.c0.keeperexception.RegressionTest4" time="0.001"/>
  <testcase name="test2037" classname="org.apache.zookeeper.test.randoop.c0.keeperexception.RegressionTest4" time="0"/>
  <testcase name="test2038" classname="org.apache.zookeeper.test.randoop.c0.keeperexception.RegressionTest4" time="0"/>
  <testcase name="test2039" classname="org.apache.zookeeper.test.randoop.c0.keeperexception.RegressionTest4" time="0"/>
  <testcase name="test2040" classname="org.apache.zookeeper.test.randoop.c0.keeperexception.RegressionTest4" time="0"/>
  <testcase name="test2041" classname="org.apache.zookeeper.test.randoop.c0.keeperexception.RegressionTest4" time="0"/>
  <testcase name="test2042" classname="org.apache.zookeeper.test.randoop.c0.keeperexception.RegressionTest4" time="0.042"/>
  <testcase name="test2043" classname="org.apache.zookeeper.test.randoop.c0.keeperexception.RegressionTest4" time="0"/>
  <testcase name="test2044" classname="org.apache.zookeeper.test.randoop.c0.keeperexception.RegressionTest4" time="0"/>
  <testcase name="test2045" classname="org.apache.zookeeper.test.randoop.c0.keeperexception.RegressionTest4" time="0"/>
  <testcase name="test2046" classname="org.apache.zookeeper.test.randoop.c0.keeperexception.RegressionTest4" time="0"/>
  <testcase name="test2047" classname="org.apache.zookeeper.test.randoop.c0.keeperexception.RegressionTest4" time="0"/>
  <testcase name="test2048" classname="org.apache.zookeeper.test.randoop.c0.keeperexception.RegressionTest4" time="0.048"/>
  <testcase name="test2049" classname="org.apache.zookeeper.test.randoop.c0.keeperexception.RegressionTest4" time="0"/>
  <testcase name="test2050" classname="org.apache.zookeeper.test.randoop.c0.keeperexception.RegressionTest4" time="0"/>
  <testcase name="test2051" classname="org.apache.zookeeper.test.randoop.c0.keeperexception.RegressionTest4" time="0"/>
  <testcase name="test2052" classname="org.apache.zookeeper.test.randoop.c0.keeperexception.RegressionTest4" time="0"/>
  <testcase name="test2053" classname="org.apache.zookeeper.test.randoop.c0.keeperexception.RegressionTest4" time="0"/>
  <testcase name="test2054" classname="org.apache.zookeeper.test.randoop.c0.keeperexception.RegressionTest4" time="0.066"/>
  <testcase name="test2055" classname="org.apache.zookeeper.test.randoop.c0.keeperexception.RegressionTest4" time="0.053"/>
  <testcase name="test2056" classname="org.apache.zookeeper.test.randoop.c0.keeperexception.RegressionTest4" time="0"/>
  <testcase name="test2057" classname="org.apache.zookeeper.test.randoop.c0.keeperexception.RegressionTest4" time="0"/>
  <testcase name="test2058" classname="org.apache.zookeeper.test.randoop.c0.keeperexception.RegressionTest4" time="0"/>
  <testcase name="test2059" classname="org.apache.zookeeper.test.randoop.c0.keeperexception.RegressionTest4" time="0"/>
  <testcase name="test2060" classname="org.apache.zookeeper.test.randoop.c0.keeperexception.RegressionTest4" time="0.045"/>
  <testcase name="test2061" classname="org.apache.zookeeper.test.randoop.c0.keeperexception.RegressionTest4" time="0"/>
  <testcase name="test2062" classname="org.apache.zookeeper.test.randoop.c0.keeperexception.RegressionTest4" time="0"/>
  <testcase name="test2063" classname="org.apache.zookeeper.test.randoop.c0.keeperexception.RegressionTest4" time="0"/>
  <testcase name="test2064" classname="org.apache.zookeeper.test.randoop.c0.keeperexception.RegressionTest4" time="0"/>
  <testcase name="test2065" classname="org.apache.zookeeper.test.randoop.c0.keeperexception.RegressionTest4" time="0"/>
  <testcase name="test2066" classname="org.apache.zookeeper.test.randoop.c0.keeperexception.RegressionTest4" time="0.043"/>
  <testcase name="test2067" classname="org.apache.zookeeper.test.randoop.c0.keeperexception.RegressionTest4" time="0.038"/>
  <testcase name="test2068" classname="org.apache.zookeeper.test.randoop.c0.keeperexception.RegressionTest4" time="0"/>
  <testcase name="test2069" classname="org.apache.zookeeper.test.randoop.c0.keeperexception.RegressionTest4" time="0.006"/>
  <testcase name="test2070" classname="org.apache.zookeeper.test.randoop.c0.keeperexception.RegressionTest4" time="0"/>
  <testcase name="test2071" classname="org.apache.zookeeper.test.randoop.c0.keeperexception.RegressionTest4" time="0"/>
  <testcase name="test2072" classname="org.apache.zookeeper.test.randoop.c0.keeperexception.RegressionTest4" time="0"/>
  <testcase name="test2073" classname="org.apache.zookeeper.test.randoop.c0.keeperexception.RegressionTest4" time="0"/>
  <testcase name="test2074" classname="org.apache.zookeeper.test.randoop.c0.keeperexception.RegressionTest4" time="0.036"/>
  <testcase name="test2075" classname="org.apache.zookeeper.test.randoop.c0.keeperexception.RegressionTest4" time="0"/>
  <testcase name="test2076" classname="org.apache.zookeeper.test.randoop.c0.keeperexception.RegressionTest4" time="0"/>
  <testcase name="test2077" classname="org.apache.zookeeper.test.randoop.c0.keeperexception.RegressionTest4" time="0"/>
  <testcase name="test2078" classname="org.apache.zookeeper.test.randoop.c0.keeperexception.RegressionTest4" time="0.037"/>
  <testcase name="test2079" classname="org.apache.zookeeper.test.randoop.c0.keeperexception.RegressionTest4" time="0"/>
  <testcase name="test2080" classname="org.apache.zookeeper.test.randoop.c0.keeperexception.RegressionTest4" time="0"/>
  <testcase name="test2081" classname="org.apache.zookeeper.test.randoop.c0.keeperexception.RegressionTest4" time="0"/>
  <testcase name="test2082" classname="org.apache.zookeeper.test.randoop.c0.keeperexception.RegressionTest4" time="0"/>
  <testcase name="test2083" classname="org.apache.zookeeper.test.randoop.c0.keeperexception.RegressionTest4" time="0"/>
  <testcase name="test2084" classname="org.apache.zookeeper.test.randoop.c0.keeperexception.RegressionTest4" time="0.056"/>
  <testcase name="test2085" classname="org.apache.zookeeper.test.randoop.c0.keeperexception.RegressionTest4" time="0.046"/>
  <testcase name="test2086" classname="org.apache.zookeeper.test.randoop.c0.keeperexception.RegressionTest4" time="0"/>
  <testcase name="test2087" classname="org.apache.zookeeper.test.randoop.c0.keeperexception.RegressionTest4" time="0.012"/>
  <testcase name="test2088" classname="org.apache.zookeeper.test.randoop.c0.keeperexception.RegressionTest4" time="0"/>
  <testcase name="test2089" classname="org.apache.zookeeper.test.randoop.c0.keeperexception.RegressionTest4" time="0"/>
  <testcase name="test2090" classname="org.apache.zookeeper.test.randoop.c0.keeperexception.RegressionTest4" time="0.041"/>
  <testcase name="test2091" classname="org.apache.zookeeper.test.randoop.c0.keeperexception.RegressionTest4" time="0"/>
  <testcase name="test2092" classname="org.apache.zookeeper.test.randoop.c0.keeperexception.RegressionTest4" time="0.036"/>
  <testcase name="test2093" classname="org.apache.zookeeper.test.randoop.c0.keeperexception.RegressionTest4" time="0.012"/>
  <testcase name="test2094" classname="org.apache.zookeeper.test.randoop.c0.keeperexception.RegressionTest4" time="0"/>
  <testcase name="test2095" classname="org.apache.zookeeper.test.randoop.c0.keeperexception.RegressionTest4" time="0"/>
  <testcase name="test2096" classname="org.apache.zookeeper.test.randoop.c0.keeperexception.RegressionTest4" time="0"/>
  <testcase name="test2097" classname="org.apache.zookeeper.test.randoop.c0.keeperexception.RegressionTest4" time="0"/>
  <testcase name="test2098" classname="org.apache.zookeeper.test.randoop.c0.keeperexception.RegressionTest4" time="0"/>
  <testcase name="test2099" classname="org.apache.zookeeper.test.randoop.c0.keeperexception.RegressionTest4" time="0.019"/>
  <testcase name="test2100" classname="org.apache.zookeeper.test.randoop.c0.keeperexception.RegressionTest4" time="0"/>
  <testcase name="test2101" classname="org.apache.zookeeper.test.randoop.c0.keeperexception.RegressionTest4" time="0"/>
  <testcase name="test2102" classname="org.apache.zookeeper.test.randoop.c0.keeperexception.RegressionTest4" time="0"/>
  <testcase name="test2103" classname="org.apache.zookeeper.test.randoop.c0.keeperexception.RegressionTest4" time="0.06"/>
  <testcase name="test2104" classname="org.apache.zookeeper.test.randoop.c0.keeperexception.RegressionTest4" time="0.02"/>
  <testcase name="test2105" classname="org.apache.zookeeper.test.randoop.c0.keeperexception.RegressionTest4" time="0"/>
  <testcase name="test2106" classname="org.apache.zookeeper.test.randoop.c0.keeperexception.RegressionTest4" time="0.017"/>
  <testcase name="test2107" classname="org.apache.zookeeper.test.randoop.c0.keeperexception.RegressionTest4" time="0"/>
  <testcase name="test2108" classname="org.apache.zookeeper.test.randoop.c0.keeperexception.RegressionTest4" time="0"/>
  <testcase name="test2109" classname="org.apache.zookeeper.test.randoop.c0.keeperexception.RegressionTest4" time="0.024"/>
  <testcase name="test2110" classname="org.apache.zookeeper.test.randoop.c0.keeperexception.RegressionTest4" time="0"/>
  <testcase name="test2111" classname="org.apache.zookeeper.test.randoop.c0.keeperexception.RegressionTest4" time="0"/>
  <testcase name="test2112" classname="org.apache.zookeeper.test.randoop.c0.keeperexception.RegressionTest4" time="0"/>
  <testcase name="test2113" classname="org.apache.zookeeper.test.randoop.c0.keeperexception.RegressionTest4" time="0"/>
  <testcase name="test2114" classname="org.apache.zookeeper.test.randoop.c0.keeperexception.RegressionTest4" time="0"/>
  <testcase name="test2115" classname="org.apache.zookeeper.test.randoop.c0.keeperexception.RegressionTest4" time="0"/>
  <testcase name="test2116" classname="org.apache.zookeeper.test.randoop.c0.keeperexception.RegressionTest4" time="0.014"/>
  <testcase name="test2117" classname="org.apache.zookeeper.test.randoop.c0.keeperexception.RegressionTest4" time="0.001"/>
  <testcase name="test2118" classname="org.apache.zookeeper.test.randoop.c0.keeperexception.RegressionTest4" time="0.021"/>
  <testcase name="test2119" classname="org.apache.zookeeper.test.randoop.c0.keeperexception.RegressionTest4" time="0.011"/>
  <testcase name="test2120" classname="org.apache.zookeeper.test.randoop.c0.keeperexception.RegressionTest4" time="0.02"/>
  <testcase name="test2121" classname="org.apache.zookeeper.test.randoop.c0.keeperexception.RegressionTest4" time="0"/>
  <testcase name="test2122" classname="org.apache.zookeeper.test.randoop.c0.keeperexception.RegressionTest4" time="0.011"/>
  <testcase name="test2123" classname="org.apache.zookeeper.test.randoop.c0.keeperexception.RegressionTest4" time="0"/>
  <testcase name="test2124" classname="org.apache.zookeeper.test.randoop.c0.keeperexception.RegressionTest4" time="0"/>
  <testcase name="test2125" classname="org.apache.zookeeper.test.randoop.c0.keeperexception.RegressionTest4" time="0"/>
  <testcase name="test2126" classname="org.apache.zookeeper.test.randoop.c0.keeperexception.RegressionTest4" time="0"/>
  <testcase name="test2127" classname="org.apache.zookeeper.test.randoop.c0.keeperexception.RegressionTest4" time="0"/>
  <testcase name="test2128" classname="org.apache.zookeeper.test.randoop.c0.keeperexception.RegressionTest4" time="0.036"/>
  <testcase name="test2129" classname="org.apache.zookeeper.test.randoop.c0.keeperexception.RegressionTest4" time="0"/>
  <testcase name="test2130" classname="org.apache.zookeeper.test.randoop.c0.keeperexception.RegressionTest4" time="0"/>
  <testcase name="test2131" classname="org.apache.zookeeper.test.randoop.c0.keeperexception.RegressionTest4" time="0"/>
  <testcase name="test2132" classname="org.apache.zookeeper.test.randoop.c0.keeperexception.RegressionTest4" time="0"/>
  <testcase name="test2133" classname="org.apache.zookeeper.test.randoop.c0.keeperexception.RegressionTest4" time="0"/>
  <testcase name="test2134" classname="org.apache.zookeeper.test.randoop.c0.keeperexception.RegressionTest4" time="0"/>
  <testcase name="test2135" classname="org.apache.zookeeper.test.randoop.c0.keeperexception.RegressionTest4" time="0.042"/>
  <testcase name="test2136" classname="org.apache.zookeeper.test.randoop.c0.keeperexception.RegressionTest4" time="0"/>
  <testcase name="test2137" classname="org.apache.zookeeper.test.randoop.c0.keeperexception.RegressionTest4" time="0"/>
  <testcase name="test2138" classname="org.apache.zookeeper.test.randoop.c0.keeperexception.RegressionTest4" time="0"/>
  <testcase name="test2139" classname="org.apache.zookeeper.test.randoop.c0.keeperexception.RegressionTest4" time="0"/>
  <testcase name="test2140" classname="org.apache.zookeeper.test.randoop.c0.keeperexception.RegressionTest4" time="0.036"/>
  <testcase name="test2141" classname="org.apache.zookeeper.test.randoop.c0.keeperexception.RegressionTest4" time="0"/>
  <testcase name="test2142" classname="org.apache.zookeeper.test.randoop.c0.keeperexception.RegressionTest4" time="0"/>
  <testcase name="test2143" classname="org.apache.zookeeper.test.randoop.c0.keeperexception.RegressionTest4" time="0.022"/>
  <testcase name="test2144" classname="org.apache.zookeeper.test.randoop.c0.keeperexception.RegressionTest4" time="0.015"/>
  <testcase name="test2145" classname="org.apache.zookeeper.test.randoop.c0.keeperexception.RegressionTest4" time="0"/>
  <testcase name="test2146" classname="org.apache.zookeeper.test.randoop.c0.keeperexception.RegressionTest4" time="0"/>
  <testcase name="test2147" classname="org.apache.zookeeper.test.randoop.c0.keeperexception.RegressionTest4" time="0"/>
  <testcase name="test2148" classname="org.apache.zookeeper.test.randoop.c0.keeperexception.RegressionTest4" time="0"/>
  <testcase name="test2149" classname="org.apache.zookeeper.test.randoop.c0.keeperexception.RegressionTest4" time="0"/>
  <testcase name="test2150" classname="org.apache.zookeeper.test.randoop.c0.keeperexception.RegressionTest4" time="0.034"/>
  <testcase name="test2151" classname="org.apache.zookeeper.test.randoop.c0.keeperexception.RegressionTest4" time="0"/>
  <testcase name="test2152" classname="org.apache.zookeeper.test.randoop.c0.keeperexception.RegressionTest4" time="0.024"/>
  <testcase name="test2153" classname="org.apache.zookeeper.test.randoop.c0.keeperexception.RegressionTest4" time="0"/>
  <testcase name="test2154" classname="org.apache.zookeeper.test.randoop.c0.keeperexception.RegressionTest4" time="0"/>
  <testcase name="test2155" classname="org.apache.zookeeper.test.randoop.c0.keeperexception.RegressionTest4" time="0"/>
  <testcase name="test2156" classname="org.apache.zookeeper.test.randoop.c0.keeperexception.RegressionTest4" time="0.018"/>
  <testcase name="test2157" classname="org.apache.zookeeper.test.randoop.c0.keeperexception.RegressionTest4" time="0.006"/>
  <testcase name="test2158" classname="org.apache.zookeeper.test.randoop.c0.keeperexception.RegressionTest4" time="0"/>
  <testcase name="test2159" classname="org.apache.zookeeper.test.randoop.c0.keeperexception.RegressionTest4" time="0"/>
  <testcase name="test2160" classname="org.apache.zookeeper.test.randoop.c0.keeperexception.RegressionTest4" time="0"/>
  <testcase name="test2161" classname="org.apache.zookeeper.test.randoop.c0.keeperexception.RegressionTest4" time="0"/>
  <testcase name="test2162" classname="org.apache.zookeeper.test.randoop.c0.keeperexception.RegressionTest4" time="0"/>
  <testcase name="test2163" classname="org.apache.zookeeper.test.randoop.c0.keeperexception.RegressionTest4" time="0"/>
  <testcase name="test2164" classname="org.apache.zookeeper.test.randoop.c0.keeperexception.RegressionTest4" time="0.001"/>
  <testcase name="test2165" classname="org.apache.zookeeper.test.randoop.c0.keeperexception.RegressionTest4" time="0.001"/>
  <testcase name="test2166" classname="org.apache.zookeeper.test.randoop.c0.keeperexception.RegressionTest4" time="0"/>
  <testcase name="test2167" classname="org.apache.zookeeper.test.randoop.c0.keeperexception.RegressionTest4" time="0"/>
  <testcase name="test2168" classname="org.apache.zookeeper.test.randoop.c0.keeperexception.RegressionTest4" time="0.008"/>
  <testcase name="test2169" classname="org.apache.zookeeper.test.randoop.c0.keeperexception.RegressionTest4" time="0"/>
  <testcase name="test2170" classname="org.apache.zookeeper.test.randoop.c0.keeperexception.RegressionTest4" time="0"/>
  <testcase name="test2171" classname="org.apache.zookeeper.test.randoop.c0.keeperexception.RegressionTest4" time="0"/>
  <testcase name="test2172" classname="org.apache.zookeeper.test.randoop.c0.keeperexception.RegressionTest4" time="0"/>
  <testcase name="test2173" classname="org.apache.zookeeper.test.randoop.c0.keeperexception.RegressionTest4" time="0"/>
  <testcase name="test2174" classname="org.apache.zookeeper.test.randoop.c0.keeperexception.RegressionTest4" time="0"/>
  <testcase name="test2175" classname="org.apache.zookeeper.test.randoop.c0.keeperexception.RegressionTest4" time="0"/>
  <testcase name="test2176" classname="org.apache.zookeeper.test.randoop.c0.keeperexception.RegressionTest4" time="0"/>
  <testcase name="test2177" classname="org.apache.zookeeper.test.randoop.c0.keeperexception.RegressionTest4" time="0"/>
  <testcase name="test2178" classname="org.apache.zookeeper.test.randoop.c0.keeperexception.RegressionTest4" time="0"/>
  <testcase name="test2179" classname="org.apache.zookeeper.test.randoop.c0.keeperexception.RegressionTest4" time="0"/>
  <testcase name="test2180" classname="org.apache.zookeeper.test.randoop.c0.keeperexception.RegressionTest4" time="0"/>
  <testcase name="test2181" classname="org.apache.zookeeper.test.randoop.c0.keeperexception.RegressionTest4" time="0"/>
  <testcase name="test2182" classname="org.apache.zookeeper.test.randoop.c0.keeperexception.RegressionTest4" time="0"/>
  <testcase name="test2183" classname="org.apache.zookeeper.test.randoop.c0.keeperexception.RegressionTest4" time="0"/>
  <testcase name="test2184" classname="org.apache.zookeeper.test.randoop.c0.keeperexception.RegressionTest4" time="0"/>
  <testcase name="test2185" classname="org.apache.zookeeper.test.randoop.c0.keeperexception.RegressionTest4" time="0"/>
  <testcase name="test2186" classname="org.apache.zookeeper.test.randoop.c0.keeperexception.RegressionTest4" time="0.038"/>
  <testcase name="test2187" classname="org.apache.zookeeper.test.randoop.c0.keeperexception.RegressionTest4" time="0"/>
  <testcase name="test2188" classname="org.apache.zookeeper.test.randoop.c0.keeperexception.RegressionTest4" time="0"/>
  <testcase name="test2189" classname="org.apache.zookeeper.test.randoop.c0.keeperexception.RegressionTest4" time="0"/>
  <testcase name="test2190" classname="org.apache.zookeeper.test.randoop.c0.keeperexception.RegressionTest4" time="0"/>
  <testcase name="test2191" classname="org.apache.zookeeper.test.randoop.c0.keeperexception.RegressionTest4" time="0"/>
  <testcase name="test2192" classname="org.apache.zookeeper.test.randoop.c0.keeperexception.RegressionTest4" time="0"/>
  <testcase name="test2193" classname="org.apache.zookeeper.test.randoop.c0.keeperexception.RegressionTest4" time="0.045"/>
  <testcase name="test2194" classname="org.apache.zookeeper.test.randoop.c0.keeperexception.RegressionTest4" time="0"/>
  <testcase name="test2195" classname="org.apache.zookeeper.test.randoop.c0.keeperexception.RegressionTest4" time="0"/>
  <testcase name="test2196" classname="org.apache.zookeeper.test.randoop.c0.keeperexception.RegressionTest4" time="0"/>
  <testcase name="test2197" classname="org.apache.zookeeper.test.randoop.c0.keeperexception.RegressionTest4" time="0"/>
  <testcase name="test2198" classname="org.apache.zookeeper.test.randoop.c0.keeperexception.RegressionTest4" time="0.037"/>
  <testcase name="test2199" classname="org.apache.zookeeper.test.randoop.c0.keeperexception.RegressionTest4" time="0"/>
  <testcase name="test2200" classname="org.apache.zookeeper.test.randoop.c0.keeperexception.RegressionTest4" time="0"/>
  <testcase name="test2201" classname="org.apache.zookeeper.test.randoop.c0.keeperexception.RegressionTest4" time="0"/>
  <testcase name="test2202" classname="org.apache.zookeeper.test.randoop.c0.keeperexception.RegressionTest4" time="0"/>
  <testcase name="test2203" classname="org.apache.zookeeper.test.randoop.c0.keeperexception.RegressionTest4" time="0"/>
  <testcase name="test2204" classname="org.apache.zookeeper.test.randoop.c0.keeperexception.RegressionTest4" time="0"/>
  <testcase name="test2205" classname="org.apache.zookeeper.test.randoop.c0.keeperexception.RegressionTest4" time="0.022"/>
  <testcase name="test2206" classname="org.apache.zookeeper.test.randoop.c0.keeperexception.RegressionTest4" time="0"/>
  <testcase name="test2207" classname="org.apache.zookeeper.test.randoop.c0.keeperexception.RegressionTest4" time="0"/>
  <testcase name="test2208" classname="org.apache.zookeeper.test.randoop.c0.keeperexception.RegressionTest4" time="0"/>
  <testcase name="test2209" classname="org.apache.zookeeper.test.randoop.c0.keeperexception.RegressionTest4" time="0"/>
  <testcase name="test2210" classname="org.apache.zookeeper.test.randoop.c0.keeperexception.RegressionTest4" time="0"/>
  <testcase name="test2211" classname="org.apache.zookeeper.test.randoop.c0.keeperexception.RegressionTest4" time="0"/>
  <testcase name="test2212" classname="org.apache.zookeeper.test.randoop.c0.keeperexception.RegressionTest4" time="0"/>
  <testcase name="test2213" classname="org.apache.zookeeper.test.randoop.c0.keeperexception.RegressionTest4" time="0"/>
  <testcase name="test2214" classname="org.apache.zookeeper.test.randoop.c0.keeperexception.RegressionTest4" time="0"/>
  <testcase name="test2215" classname="org.apache.zookeeper.test.randoop.c0.keeperexception.RegressionTest4" time="0"/>
  <testcase name="test2216" classname="org.apache.zookeeper.test.randoop.c0.keeperexception.RegressionTest4" time="0"/>
  <testcase name="test2217" classname="org.apache.zookeeper.test.randoop.c0.keeperexception.RegressionTest4" time="0"/>
  <testcase name="test2218" classname="org.apache.zookeeper.test.randoop.c0.keeperexception.RegressionTest4" time="0"/>
  <testcase name="test2219" classname="org.apache.zookeeper.test.randoop.c0.keeperexception.RegressionTest4" time="0"/>
  <testcase name="test2220" classname="org.apache.zookeeper.test.randoop.c0.keeperexception.RegressionTest4" time="0"/>
  <testcase name="test2221" classname="org.apache.zookeeper.test.randoop.c0.keeperexception.RegressionTest4" time="0.046"/>
  <testcase name="test2222" classname="org.apache.zookeeper.test.randoop.c0.keeperexception.RegressionTest4" time="0"/>
  <testcase name="test2223" classname="org.apache.zookeeper.test.randoop.c0.keeperexception.RegressionTest4" time="0"/>
  <testcase name="test2224" classname="org.apache.zookeeper.test.randoop.c0.keeperexception.RegressionTest4" time="0"/>
  <testcase name="test2225" classname="org.apache.zookeeper.test.randoop.c0.keeperexception.RegressionTest4" time="0"/>
  <testcase name="test2226" classname="org.apache.zookeeper.test.randoop.c0.keeperexception.RegressionTest4" time="0"/>
  <testcase name="test2227" classname="org.apache.zookeeper.test.randoop.c0.keeperexception.RegressionTest4" time="0"/>
  <testcase name="test2228" classname="org.apache.zookeeper.test.randoop.c0.keeperexception.RegressionTest4" time="0"/>
  <testcase name="test2229" classname="org.apache.zookeeper.test.randoop.c0.keeperexception.RegressionTest4" time="0"/>
  <testcase name="test2230" classname="org.apache.zookeeper.test.randoop.c0.keeperexception.RegressionTest4" time="0"/>
  <testcase name="test2231" classname="org.apache.zookeeper.test.randoop.c0.keeperexception.RegressionTest4" time="0"/>
  <testcase name="test2232" classname="org.apache.zookeeper.test.randoop.c0.keeperexception.RegressionTest4" time="0"/>
  <testcase name="test2233" classname="org.apache.zookeeper.test.randoop.c0.keeperexception.RegressionTest4" time="0.087"/>
  <testcase name="test2234" classname="org.apache.zookeeper.test.randoop.c0.keeperexception.RegressionTest4" time="0"/>
  <testcase name="test2235" classname="org.apache.zookeeper.test.randoop.c0.keeperexception.RegressionTest4" time="0"/>
  <testcase name="test2236" classname="org.apache.zookeeper.test.randoop.c0.keeperexception.RegressionTest4" time="0"/>
  <testcase name="test2237" classname="org.apache.zookeeper.test.randoop.c0.keeperexception.RegressionTest4" time="0"/>
  <testcase name="test2238" classname="org.apache.zookeeper.test.randoop.c0.keeperexception.RegressionTest4" time="0"/>
  <testcase name="test2239" classname="org.apache.zookeeper.test.randoop.c0.keeperexception.RegressionTest4" time="0.04"/>
  <testcase name="test2240" classname="org.apache.zookeeper.test.randoop.c0.keeperexception.RegressionTest4" time="0"/>
  <testcase name="test2241" classname="org.apache.zookeeper.test.randoop.c0.keeperexception.RegressionTest4" time="0"/>
  <testcase name="test2242" classname="org.apache.zookeeper.test.randoop.c0.keeperexception.RegressionTest4" time="0"/>
  <testcase name="test2243" classname="org.apache.zookeeper.test.randoop.c0.keeperexception.RegressionTest4" time="0"/>
  <testcase name="test2244" classname="org.apache.zookeeper.test.randoop.c0.keeperexception.RegressionTest4" time="0"/>
  <testcase name="test2245" classname="org.apache.zookeeper.test.randoop.c0.keeperexception.RegressionTest4" time="0"/>
  <testcase name="test2246" classname="org.apache.zookeeper.test.randoop.c0.keeperexception.RegressionTest4" time="0"/>
  <testcase name="test2247" classname="org.apache.zookeeper.test.randoop.c0.keeperexception.RegressionTest4" time="0.04"/>
  <testcase name="test2248" classname="org.apache.zookeeper.test.randoop.c0.keeperexception.RegressionTest4" time="0.012"/>
  <testcase name="test2249" classname="org.apache.zookeeper.test.randoop.c0.keeperexception.RegressionTest4" time="0"/>
  <testcase name="test2250" classname="org.apache.zookeeper.test.randoop.c0.keeperexception.RegressionTest4" time="0.03"/>
  <testcase name="test2251" classname="org.apache.zookeeper.test.randoop.c0.keeperexception.RegressionTest4" time="0"/>
  <testcase name="test2252" classname="org.apache.zookeeper.test.randoop.c0.keeperexception.RegressionTest4" time="0"/>
  <testcase name="test2253" classname="org.apache.zookeeper.test.randoop.c0.keeperexception.RegressionTest4" time="0"/>
  <testcase name="test2254" classname="org.apache.zookeeper.test.randoop.c0.keeperexception.RegressionTest4" time="0"/>
  <testcase name="test2255" classname="org.apache.zookeeper.test.randoop.c0.keeperexception.RegressionTest4" time="0"/>
  <testcase name="test2256" classname="org.apache.zookeeper.test.randoop.c0.keeperexception.RegressionTest4" time="0.046"/>
  <testcase name="test2257" classname="org.apache.zookeeper.test.randoop.c0.keeperexception.RegressionTest4" time="0"/>
  <testcase name="test2258" classname="org.apache.zookeeper.test.randoop.c0.keeperexception.RegressionTest4" time="0"/>
  <testcase name="test2259" classname="org.apache.zookeeper.test.randoop.c0.keeperexception.RegressionTest4" time="0.037"/>
  <testcase name="test2260" classname="org.apache.zookeeper.test.randoop.c0.keeperexception.RegressionTest4" time="0"/>
  <testcase name="test2261" classname="org.apache.zookeeper.test.randoop.c0.keeperexception.RegressionTest4" time="0.021"/>
  <testcase name="test2262" classname="org.apache.zookeeper.test.randoop.c0.keeperexception.RegressionTest4" time="0"/>
  <testcase name="test2263" classname="org.apache.zookeeper.test.randoop.c0.keeperexception.RegressionTest4" time="0"/>
  <testcase name="test2264" classname="org.apache.zookeeper.test.randoop.c0.keeperexception.RegressionTest4" time="0.005"/>
  <testcase name="test2265" classname="org.apache.zookeeper.test.randoop.c0.keeperexception.RegressionTest4" time="0"/>
  <testcase name="test2266" classname="org.apache.zookeeper.test.randoop.c0.keeperexception.RegressionTest4" time="0"/>
  <testcase name="test2267" classname="org.apache.zookeeper.test.randoop.c0.keeperexception.RegressionTest4" time="0"/>
  <testcase name="test2268" classname="org.apache.zookeeper.test.randoop.c0.keeperexception.RegressionTest4" time="0"/>
  <testcase name="test2269" classname="org.apache.zookeeper.test.randoop.c0.keeperexception.RegressionTest4" time="0.044"/>
  <testcase name="test2270" classname="org.apache.zookeeper.test.randoop.c0.keeperexception.RegressionTest4" time="0"/>
  <testcase name="test2271" classname="org.apache.zookeeper.test.randoop.c0.keeperexception.RegressionTest4" time="0.02"/>
  <testcase name="test2272" classname="org.apache.zookeeper.test.randoop.c0.keeperexception.RegressionTest4" time="0"/>
  <testcase name="test2273" classname="org.apache.zookeeper.test.randoop.c0.keeperexception.RegressionTest4" time="0"/>
  <testcase name="test2274" classname="org.apache.zookeeper.test.randoop.c0.keeperexception.RegressionTest4" time="0"/>
  <testcase name="test2275" classname="org.apache.zookeeper.test.randoop.c0.keeperexception.RegressionTest4" time="0"/>
  <testcase name="test2276" classname="org.apache.zookeeper.test.randoop.c0.keeperexception.RegressionTest4" time="0"/>
  <testcase name="test2277" classname="org.apache.zookeeper.test.randoop.c0.keeperexception.RegressionTest4" time="0.039"/>
  <testcase name="test2278" classname="org.apache.zookeeper.test.randoop.c0.keeperexception.RegressionTest4" time="0"/>
  <testcase name="test2279" classname="org.apache.zookeeper.test.randoop.c0.keeperexception.RegressionTest4" time="0"/>
  <testcase name="test2280" classname="org.apache.zookeeper.test.randoop.c0.keeperexception.RegressionTest4" time="0"/>
  <testcase name="test2281" classname="org.apache.zookeeper.test.randoop.c0.keeperexception.RegressionTest4" time="0"/>
  <testcase name="test2282" classname="org.apache.zookeeper.test.randoop.c0.keeperexception.RegressionTest4" time="0"/>
  <testcase name="test2283" classname="org.apache.zookeeper.test.randoop.c0.keeperexception.RegressionTest4" time="0"/>
  <testcase name="test2284" classname="org.apache.zookeeper.test.randoop.c0.keeperexception.RegressionTest4" time="0"/>
  <testcase name="test2285" classname="org.apache.zookeeper.test.randoop.c0.keeperexception.RegressionTest4" time="0"/>
  <testcase name="test2286" classname="org.apache.zookeeper.test.randoop.c0.keeperexception.RegressionTest4" time="0"/>
  <testcase name="test2287" classname="org.apache.zookeeper.test.randoop.c0.keeperexception.RegressionTest4" time="0"/>
  <testcase name="test2288" classname="org.apache.zookeeper.test.randoop.c0.keeperexception.RegressionTest4" time="0"/>
  <testcase name="test2289" classname="org.apache.zookeeper.test.randoop.c0.keeperexception.RegressionTest4" time="0"/>
  <testcase name="test2290" classname="org.apache.zookeeper.test.randoop.c0.keeperexception.RegressionTest4" time="0"/>
  <testcase name="test2291" classname="org.apache.zookeeper.test.randoop.c0.keeperexception.RegressionTest4" time="0"/>
  <testcase name="test2292" classname="org.apache.zookeeper.test.randoop.c0.keeperexception.RegressionTest4" time="0"/>
  <testcase name="test2293" classname="org.apache.zookeeper.test.randoop.c0.keeperexception.RegressionTest4" time="0"/>
  <testcase name="test2294" classname="org.apache.zookeeper.test.randoop.c0.keeperexception.RegressionTest4" time="0"/>
  <testcase name="test2295" classname="org.apache.zookeeper.test.randoop.c0.keeperexception.RegressionTest4" time="0.005"/>
  <testcase name="test2296" classname="org.apache.zookeeper.test.randoop.c0.keeperexception.RegressionTest4" time="0"/>
  <testcase name="test2297" classname="org.apache.zookeeper.test.randoop.c0.keeperexception.RegressionTest4" time="0"/>
  <testcase name="test2298" classname="org.apache.zookeeper.test.randoop.c0.keeperexception.RegressionTest4" time="0"/>
  <testcase name="test2299" classname="org.apache.zookeeper.test.randoop.c0.keeperexception.RegressionTest4" time="0.078"/>
  <testcase name="test2300" classname="org.apache.zookeeper.test.randoop.c0.keeperexception.RegressionTest4" time="0"/>
  <testcase name="test2301" classname="org.apache.zookeeper.test.randoop.c0.keeperexception.RegressionTest4" time="0"/>
  <testcase name="test2302" classname="org.apache.zookeeper.test.randoop.c0.keeperexception.RegressionTest4" time="0"/>
  <testcase name="test2303" classname="org.apache.zookeeper.test.randoop.c0.keeperexception.RegressionTest4" time="0"/>
  <testcase name="test2304" classname="org.apache.zookeeper.test.randoop.c0.keeperexception.RegressionTest4" time="0"/>
  <testcase name="test2305" classname="org.apache.zookeeper.test.randoop.c0.keeperexception.RegressionTest4" time="0"/>
  <testcase name="test2306" classname="org.apache.zookeeper.test.randoop.c0.keeperexception.RegressionTest4" time="0.007"/>
  <testcase name="test2307" classname="org.apache.zookeeper.test.randoop.c0.keeperexception.RegressionTest4" time="0"/>
  <testcase name="test2308" classname="org.apache.zookeeper.test.randoop.c0.keeperexception.RegressionTest4" time="0"/>
  <testcase name="test2309" classname="org.apache.zookeeper.test.randoop.c0.keeperexception.RegressionTest4" time="0"/>
  <testcase name="test2310" classname="org.apache.zookeeper.test.randoop.c0.keeperexception.RegressionTest4" time="0"/>
  <testcase name="test2311" classname="org.apache.zookeeper.test.randoop.c0.keeperexception.RegressionTest4" time="0"/>
  <testcase name="test2312" classname="org.apache.zookeeper.test.randoop.c0.keeperexception.RegressionTest4" time="0"/>
  <testcase name="test2313" classname="org.apache.zookeeper.test.randoop.c0.keeperexception.RegressionTest4" time="0.058"/>
  <testcase name="test2314" classname="org.apache.zookeeper.test.randoop.c0.keeperexception.RegressionTest4" time="0"/>
  <testcase name="test2315" classname="org.apache.zookeeper.test.randoop.c0.keeperexception.RegressionTest4" time="0"/>
  <testcase name="test2316" classname="org.apache.zookeeper.test.randoop.c0.keeperexception.RegressionTest4" time="0.02"/>
  <testcase name="test2317" classname="org.apache.zookeeper.test.randoop.c0.keeperexception.RegressionTest4" time="0"/>
  <testcase name="test2318" classname="org.apache.zookeeper.test.randoop.c0.keeperexception.RegressionTest4" time="0"/>
  <testcase name="test2319" classname="org.apache.zookeeper.test.randoop.c0.keeperexception.RegressionTest4" time="0"/>
  <testcase name="test2320" classname="org.apache.zookeeper.test.randoop.c0.keeperexception.RegressionTest4" time="0"/>
  <testcase name="test2321" classname="org.apache.zookeeper.test.randoop.c0.keeperexception.RegressionTest4" time="0"/>
  <testcase name="test2322" classname="org.apache.zookeeper.test.randoop.c0.keeperexception.RegressionTest4" time="0"/>
  <testcase name="test2323" classname="org.apache.zookeeper.test.randoop.c0.keeperexception.RegressionTest4" time="0.005"/>
  <testcase name="test2324" classname="org.apache.zookeeper.test.randoop.c0.keeperexception.RegressionTest4" time="0"/>
  <testcase name="test2325" classname="org.apache.zookeeper.test.randoop.c0.keeperexception.RegressionTest4" time="0"/>
  <testcase name="test2326" classname="org.apache.zookeeper.test.randoop.c0.keeperexception.RegressionTest4" time="0"/>
  <testcase name="test2327" classname="org.apache.zookeeper.test.randoop.c0.keeperexception.RegressionTest4" time="0.048"/>
  <testcase name="test2328" classname="org.apache.zookeeper.test.randoop.c0.keeperexception.RegressionTest4" time="0"/>
  <testcase name="test2329" classname="org.apache.zookeeper.test.randoop.c0.keeperexception.RegressionTest4" time="0"/>
  <testcase name="test2330" classname="org.apache.zookeeper.test.randoop.c0.keeperexception.RegressionTest4" time="0"/>
  <testcase name="test2331" classname="org.apache.zookeeper.test.randoop.c0.keeperexception.RegressionTest4" time="0"/>
  <testcase name="test2332" classname="org.apache.zookeeper.test.randoop.c0.keeperexception.RegressionTest4" time="0"/>
  <testcase name="test2333" classname="org.apache.zookeeper.test.randoop.c0.keeperexception.RegressionTest4" time="0"/>
  <testcase name="test2334" classname="org.apache.zookeeper.test.randoop.c0.keeperexception.RegressionTest4" time="0"/>
  <testcase name="test2335" classname="org.apache.zookeeper.test.randoop.c0.keeperexception.RegressionTest4" time="0"/>
  <testcase name="test2336" classname="org.apache.zookeeper.test.randoop.c0.keeperexception.RegressionTest4" time="0.049"/>
  <testcase name="test2337" classname="org.apache.zookeeper.test.randoop.c0.keeperexception.RegressionTest4" time="0"/>
  <testcase name="test2338" classname="org.apache.zookeeper.test.randoop.c0.keeperexception.RegressionTest4" time="0"/>
  <testcase name="test2339" classname="org.apache.zookeeper.test.randoop.c0.keeperexception.RegressionTest4" time="0"/>
  <testcase name="test2340" classname="org.apache.zookeeper.test.randoop.c0.keeperexception.RegressionTest4" time="0"/>
  <testcase name="test2341" classname="org.apache.zookeeper.test.randoop.c0.keeperexception.RegressionTest4" time="0"/>
  <testcase name="test2342" classname="org.apache.zookeeper.test.randoop.c0.keeperexception.RegressionTest4" time="0"/>
  <testcase name="test2343" classname="org.apache.zookeeper.test.randoop.c0.keeperexception.RegressionTest4" time="0"/>
  <testcase name="test2344" classname="org.apache.zookeeper.test.randoop.c0.keeperexception.RegressionTest4" time="0"/>
  <testcase name="test2345" classname="org.apache.zookeeper.test.randoop.c0.keeperexception.RegressionTest4" time="0"/>
  <testcase name="test2346" classname="org.apache.zookeeper.test.randoop.c0.keeperexception.RegressionTest4" time="0"/>
  <testcase name="test2347" classname="org.apache.zookeeper.test.randoop.c0.keeperexception.RegressionTest4" time="0"/>
  <testcase name="test2348" classname="org.apache.zookeeper.test.randoop.c0.keeperexception.RegressionTest4" time="0"/>
  <testcase name="test2349" classname="org.apache.zookeeper.test.randoop.c0.keeperexception.RegressionTest4" time="0"/>
  <testcase name="test2350" classname="org.apache.zookeeper.test.randoop.c0.keeperexception.RegressionTest4" time="0"/>
  <testcase name="test2351" classname="org.apache.zookeeper.test.randoop.c0.keeperexception.RegressionTest4" time="0"/>
  <testcase name="test2352" classname="org.apache.zookeeper.test.randoop.c0.keeperexception.RegressionTest4" time="0"/>
  <testcase name="test2353" classname="org.apache.zookeeper.test.randoop.c0.keeperexception.RegressionTest4" time="0.038"/>
  <testcase name="test2354" classname="org.apache.zookeeper.test.randoop.c0.keeperexception.RegressionTest4" time="0"/>
  <testcase name="test2355" classname="org.apache.zookeeper.test.randoop.c0.keeperexception.RegressionTest4" time="0"/>
  <testcase name="test2356" classname="org.apache.zookeeper.test.randoop.c0.keeperexception.RegressionTest4" time="0.025"/>
  <testcase name="test2357" classname="org.apache.zookeeper.test.randoop.c0.keeperexception.RegressionTest4" time="0"/>
  <testcase name="test2358" classname="org.apache.zookeeper.test.randoop.c0.keeperexception.RegressionTest4" time="0"/>
  <testcase name="test2359" classname="org.apache.zookeeper.test.randoop.c0.keeperexception.RegressionTest4" time="0"/>
  <testcase name="test2360" classname="org.apache.zookeeper.test.randoop.c0.keeperexception.RegressionTest4" time="0"/>
  <testcase name="test2361" classname="org.apache.zookeeper.test.randoop.c0.keeperexception.RegressionTest4" time="0.02"/>
  <testcase name="test2362" classname="org.apache.zookeeper.test.randoop.c0.keeperexception.RegressionTest4" time="0"/>
  <testcase name="test2363" classname="org.apache.zookeeper.test.randoop.c0.keeperexception.RegressionTest4" time="0.053"/>
  <testcase name="test2364" classname="org.apache.zookeeper.test.randoop.c0.keeperexception.RegressionTest4" time="0.064"/>
  <testcase name="test2365" classname="org.apache.zookeeper.test.randoop.c0.keeperexception.RegressionTest4" time="0"/>
  <testcase name="test2366" classname="org.apache.zookeeper.test.randoop.c0.keeperexception.RegressionTest4" time="0"/>
  <testcase name="test2367" classname="org.apache.zookeeper.test.randoop.c0.keeperexception.RegressionTest4" time="0"/>
  <testcase name="test2368" classname="org.apache.zookeeper.test.randoop.c0.keeperexception.RegressionTest4" time="0"/>
  <testcase name="test2369" classname="org.apache.zookeeper.test.randoop.c0.keeperexception.RegressionTest4" time="0"/>
  <testcase name="test2370" classname="org.apache.zookeeper.test.randoop.c0.keeperexception.RegressionTest4" time="0.04"/>
  <testcase name="test2371" classname="org.apache.zookeeper.test.randoop.c0.keeperexception.RegressionTest4" time="0.006"/>
  <testcase name="test2372" classname="org.apache.zookeeper.test.randoop.c0.keeperexception.RegressionTest4" time="0"/>
  <testcase name="test2373" classname="org.apache.zookeeper.test.randoop.c0.keeperexception.RegressionTest4" time="0"/>
  <testcase name="test2374" classname="org.apache.zookeeper.test.randoop.c0.keeperexception.RegressionTest4" time="0.024"/>
  <testcase name="test2375" classname="org.apache.zookeeper.test.randoop.c0.keeperexception.RegressionTest4" time="0"/>
  <testcase name="test2376" classname="org.apache.zookeeper.test.randoop.c0.keeperexception.RegressionTest4" time="0"/>
  <testcase name="test2377" classname="org.apache.zookeeper.test.randoop.c0.keeperexception.RegressionTest4" time="0"/>
  <testcase name="test2378" classname="org.apache.zookeeper.test.randoop.c0.keeperexception.RegressionTest4" time="0"/>
  <testcase name="test2379" classname="org.apache.zookeeper.test.randoop.c0.keeperexception.RegressionTest4" time="0"/>
  <testcase name="test2380" classname="org.apache.zookeeper.test.randoop.c0.keeperexception.RegressionTest4" time="0"/>
  <testcase name="test2381" classname="org.apache.zookeeper.test.randoop.c0.keeperexception.RegressionTest4" time="0"/>
  <testcase name="test2382" classname="org.apache.zookeeper.test.randoop.c0.keeperexception.RegressionTest4" time="0"/>
  <testcase name="test2383" classname="org.apache.zookeeper.test.randoop.c0.keeperexception.RegressionTest4" time="0"/>
  <testcase name="test2384" classname="org.apache.zookeeper.test.randoop.c0.keeperexception.RegressionTest4" time="0.044"/>
  <testcase name="test2385" classname="org.apache.zookeeper.test.randoop.c0.keeperexception.RegressionTest4" time="0"/>
  <testcase name="test2386" classname="org.apache.zookeeper.test.randoop.c0.keeperexception.RegressionTest4" time="0"/>
  <testcase name="test2387" classname="org.apache.zookeeper.test.randoop.c0.keeperexception.RegressionTest4" time="0"/>
  <testcase name="test2388" classname="org.apache.zookeeper.test.randoop.c0.keeperexception.RegressionTest4" time="0"/>
  <testcase name="test2389" classname="org.apache.zookeeper.test.randoop.c0.keeperexception.RegressionTest4" time="0"/>
  <testcase name="test2390" classname="org.apache.zookeeper.test.randoop.c0.keeperexception.RegressionTest4" time="0"/>
  <testcase name="test2391" classname="org.apache.zookeeper.test.randoop.c0.keeperexception.RegressionTest4" time="0.048"/>
  <testcase name="test2392" classname="org.apache.zookeeper.test.randoop.c0.keeperexception.RegressionTest4" time="0"/>
  <testcase name="test2393" classname="org.apache.zookeeper.test.randoop.c0.keeperexception.RegressionTest4" time="0"/>
  <testcase name="test2394" classname="org.apache.zookeeper.test.randoop.c0.keeperexception.RegressionTest4" time="0"/>
  <testcase name="test2395" classname="org.apache.zookeeper.test.randoop.c0.keeperexception.RegressionTest4" time="0"/>
  <testcase name="test2396" classname="org.apache.zookeeper.test.randoop.c0.keeperexception.RegressionTest4" time="0"/>
  <testcase name="test2397" classname="org.apache.zookeeper.test.randoop.c0.keeperexception.RegressionTest4" time="0"/>
  <testcase name="test2398" classname="org.apache.zookeeper.test.randoop.c0.keeperexception.RegressionTest4" time="0"/>
  <testcase name="test2399" classname="org.apache.zookeeper.test.randoop.c0.keeperexception.RegressionTest4" time="0"/>
  <testcase name="test2400" classname="org.apache.zookeeper.test.randoop.c0.keeperexception.RegressionTest4" time="0"/>
  <testcase name="test2401" classname="org.apache.zookeeper.test.randoop.c0.keeperexception.RegressionTest4" time="0.044"/>
  <testcase name="test2402" classname="org.apache.zookeeper.test.randoop.c0.keeperexception.RegressionTest4" time="0.032"/>
  <testcase name="test2403" classname="org.apache.zookeeper.test.randoop.c0.keeperexception.RegressionTest4" time="0.029"/>
  <testcase name="test2404" classname="org.apache.zookeeper.test.randoop.c0.keeperexception.RegressionTest4" time="0.039"/>
  <testcase name="test2405" classname="org.apache.zookeeper.test.randoop.c0.keeperexception.RegressionTest4" time="0.02"/>
  <testcase name="test2406" classname="org.apache.zookeeper.test.randoop.c0.keeperexception.RegressionTest4" time="0.052"/>
  <testcase name="test2407" classname="org.apache.zookeeper.test.randoop.c0.keeperexception.RegressionTest4" time="0"/>
  <testcase name="test2408" classname="org.apache.zookeeper.test.randoop.c0.keeperexception.RegressionTest4" time="0.035"/>
  <testcase name="test2409" classname="org.apache.zookeeper.test.randoop.c0.keeperexception.RegressionTest4" time="0"/>
  <testcase name="test2410" classname="org.apache.zookeeper.test.randoop.c0.keeperexception.RegressionTest4" time="0"/>
  <testcase name="test2411" classname="org.apache.zookeeper.test.randoop.c0.keeperexception.RegressionTest4" time="0"/>
  <testcase name="test2412" classname="org.apache.zookeeper.test.randoop.c0.keeperexception.RegressionTest4" time="0.056"/>
  <testcase name="test2413" classname="org.apache.zookeeper.test.randoop.c0.keeperexception.RegressionTest4" time="0"/>
  <testcase name="test2414" classname="org.apache.zookeeper.test.randoop.c0.keeperexception.RegressionTest4" time="0"/>
  <testcase name="test2415" classname="org.apache.zookeeper.test.randoop.c0.keeperexception.RegressionTest4" time="0.044"/>
  <testcase name="test2416" classname="org.apache.zookeeper.test.randoop.c0.keeperexception.RegressionTest4" time="0"/>
  <testcase name="test2417" classname="org.apache.zookeeper.test.randoop.c0.keeperexception.RegressionTest4" time="0"/>
  <testcase name="test2418" classname="org.apache.zookeeper.test.randoop.c0.keeperexception.RegressionTest4" time="0"/>
  <testcase name="test2419" classname="org.apache.zookeeper.test.randoop.c0.keeperexception.RegressionTest4" time="0"/>
  <testcase name="test2420" classname="org.apache.zookeeper.test.randoop.c0.keeperexception.RegressionTest4" time="0"/>
  <testcase name="test2421" classname="org.apache.zookeeper.test.randoop.c0.keeperexception.RegressionTest4" time="0"/>
  <testcase name="test2422" classname="org.apache.zookeeper.test.randoop.c0.keeperexception.RegressionTest4" time="0.023"/>
  <testcase name="test2423" classname="org.apache.zookeeper.test.randoop.c0.keeperexception.RegressionTest4" time="0"/>
  <testcase name="test2424" classname="org.apache.zookeeper.test.randoop.c0.keeperexception.RegressionTest4" time="0"/>
  <testcase name="test2425" classname="org.apache.zookeeper.test.randoop.c0.keeperexception.RegressionTest4" time="0"/>
  <testcase name="test2426" classname="org.apache.zookeeper.test.randoop.c0.keeperexception.RegressionTest4" time="0"/>
  <testcase name="test2427" classname="org.apache.zookeeper.test.randoop.c0.keeperexception.RegressionTest4" time="0"/>
  <testcase name="test2428" classname="org.apache.zookeeper.test.randoop.c0.keeperexception.RegressionTest4" time="0"/>
  <testcase name="test2429" classname="org.apache.zookeeper.test.randoop.c0.keeperexception.RegressionTest4" time="0"/>
  <testcase name="test2430" classname="org.apache.zookeeper.test.randoop.c0.keeperexception.RegressionTest4" time="0"/>
  <testcase name="test2431" classname="org.apache.zookeeper.test.randoop.c0.keeperexception.RegressionTest4" time="0"/>
  <testcase name="test2432" classname="org.apache.zookeeper.test.randoop.c0.keeperexception.RegressionTest4" time="0.026"/>
  <testcase name="test2433" classname="org.apache.zookeeper.test.randoop.c0.keeperexception.RegressionTest4" time="0"/>
  <testcase name="test2434" classname="org.apache.zookeeper.test.randoop.c0.keeperexception.RegressionTest4" time="0"/>
  <testcase name="test2435" classname="org.apache.zookeeper.test.randoop.c0.keeperexception.RegressionTest4" time="0"/>
  <testcase name="test2436" classname="org.apache.zookeeper.test.randoop.c0.keeperexception.RegressionTest4" time="0"/>
  <testcase name="test2437" classname="org.apache.zookeeper.test.randoop.c0.keeperexception.RegressionTest4" time="0"/>
  <testcase name="test2438" classname="org.apache.zookeeper.test.randoop.c0.keeperexception.RegressionTest4" time="0"/>
  <testcase name="test2439" classname="org.apache.zookeeper.test.randoop.c0.keeperexception.RegressionTest4" time="0"/>
  <testcase name="test2440" classname="org.apache.zookeeper.test.randoop.c0.keeperexception.RegressionTest4" time="0"/>
  <testcase name="test2441" classname="org.apache.zookeeper.test.randoop.c0.keeperexception.RegressionTest4" time="0"/>
  <testcase name="test2442" classname="org.apache.zookeeper.test.randoop.c0.keeperexception.RegressionTest4" time="0"/>
  <testcase name="test2443" classname="org.apache.zookeeper.test.randoop.c0.keeperexception.RegressionTest4" time="0"/>
  <testcase name="test2444" classname="org.apache.zookeeper.test.randoop.c0.keeperexception.RegressionTest4" time="0"/>
  <testcase name="test2445" classname="org.apache.zookeeper.test.randoop.c0.keeperexception.RegressionTest4" time="0"/>
  <testcase name="test2446" classname="org.apache.zookeeper.test.randoop.c0.keeperexception.RegressionTest4" time="0"/>
  <testcase name="test2447" classname="org.apache.zookeeper.test.randoop.c0.keeperexception.RegressionTest4" time="0"/>
  <testcase name="test2448" classname="org.apache.zookeeper.test.randoop.c0.keeperexception.RegressionTest4" time="0"/>
  <testcase name="test2449" classname="org.apache.zookeeper.test.randoop.c0.keeperexception.RegressionTest4" time="0"/>
  <testcase name="test2450" classname="org.apache.zookeeper.test.randoop.c0.keeperexception.RegressionTest4" time="0"/>
  <testcase name="test2451" classname="org.apache.zookeeper.test.randoop.c0.keeperexception.RegressionTest4" time="0.044"/>
  <testcase name="test2452" classname="org.apache.zookeeper.test.randoop.c0.keeperexception.RegressionTest4" time="0"/>
  <testcase name="test2453" classname="org.apache.zookeeper.test.randoop.c0.keeperexception.RegressionTest4" time="0"/>
  <testcase name="test2454" classname="org.apache.zookeeper.test.randoop.c0.keeperexception.RegressionTest4" time="0"/>
  <testcase name="test2455" classname="org.apache.zookeeper.test.randoop.c0.keeperexception.RegressionTest4" time="0"/>
  <testcase name="test2456" classname="org.apache.zookeeper.test.randoop.c0.keeperexception.RegressionTest4" time="0"/>
  <testcase name="test2457" classname="org.apache.zookeeper.test.randoop.c0.keeperexception.RegressionTest4" time="0"/>
  <testcase name="test2458" classname="org.apache.zookeeper.test.randoop.c0.keeperexception.RegressionTest4" time="0"/>
  <testcase name="test2459" classname="org.apache.zookeeper.test.randoop.c0.keeperexception.RegressionTest4" time="0"/>
  <testcase name="test2460" classname="org.apache.zookeeper.test.randoop.c0.keeperexception.RegressionTest4" time="0.039"/>
  <testcase name="test2461" classname="org.apache.zookeeper.test.randoop.c0.keeperexception.RegressionTest4" time="0"/>
  <testcase name="test2462" classname="org.apache.zookeeper.test.randoop.c0.keeperexception.RegressionTest4" time="0"/>
  <testcase name="test2463" classname="org.apache.zookeeper.test.randoop.c0.keeperexception.RegressionTest4" time="0.052"/>
  <testcase name="test2464" classname="org.apache.zookeeper.test.randoop.c0.keeperexception.RegressionTest4" time="0"/>
  <testcase name="test2465" classname="org.apache.zookeeper.test.randoop.c0.keeperexception.RegressionTest4" time="0"/>
  <testcase name="test2466" classname="org.apache.zookeeper.test.randoop.c0.keeperexception.RegressionTest4" time="0"/>
  <testcase name="test2467" classname="org.apache.zookeeper.test.randoop.c0.keeperexception.RegressionTest4" time="0"/>
  <testcase name="test2468" classname="org.apache.zookeeper.test.randoop.c0.keeperexception.RegressionTest4" time="0"/>
  <testcase name="test2469" classname="org.apache.zookeeper.test.randoop.c0.keeperexception.RegressionTest4" time="0"/>
  <testcase name="test2470" classname="org.apache.zookeeper.test.randoop.c0.keeperexception.RegressionTest4" time="0"/>
  <testcase name="test2471" classname="org.apache.zookeeper.test.randoop.c0.keeperexception.RegressionTest4" time="0"/>
  <testcase name="test2472" classname="org.apache.zookeeper.test.randoop.c0.keeperexception.RegressionTest4" time="0"/>
  <testcase name="test2473" classname="org.apache.zookeeper.test.randoop.c0.keeperexception.RegressionTest4" time="0"/>
  <testcase name="test2474" classname="org.apache.zookeeper.test.randoop.c0.keeperexception.RegressionTest4" time="0"/>
  <testcase name="test2475" classname="org.apache.zookeeper.test.randoop.c0.keeperexception.RegressionTest4" time="0"/>
  <testcase name="test2476" classname="org.apache.zookeeper.test.randoop.c0.keeperexception.RegressionTest4" time="0"/>
  <testcase name="test2477" classname="org.apache.zookeeper.test.randoop.c0.keeperexception.RegressionTest4" time="0"/>
  <testcase name="test2478" classname="org.apache.zookeeper.test.randoop.c0.keeperexception.RegressionTest4" time="0"/>
  <testcase name="test2479" classname="org.apache.zookeeper.test.randoop.c0.keeperexception.RegressionTest4" time="0"/>
  <testcase name="test2480" classname="org.apache.zookeeper.test.randoop.c0.keeperexception.RegressionTest4" time="0"/>
  <testcase name="test2481" classname="org.apache.zookeeper.test.randoop.c0.keeperexception.RegressionTest4" time="0"/>
  <testcase name="test2482" classname="org.apache.zookeeper.test.randoop.c0.keeperexception.RegressionTest4" time="0"/>
  <testcase name="test2483" classname="org.apache.zookeeper.test.randoop.c0.keeperexception.RegressionTest4" time="0.052"/>
  <testcase name="test2484" classname="org.apache.zookeeper.test.randoop.c0.keeperexception.RegressionTest4" time="0"/>
  <testcase name="test2485" classname="org.apache.zookeeper.test.randoop.c0.keeperexception.RegressionTest4" time="0"/>
  <testcase name="test2486" classname="org.apache.zookeeper.test.randoop.c0.keeperexception.RegressionTest4" time="0"/>
  <testcase name="test2487" classname="org.apache.zookeeper.test.randoop.c0.keeperexception.RegressionTest4" time="0"/>
  <testcase name="test2488" classname="org.apache.zookeeper.test.randoop.c0.keeperexception.RegressionTest4" time="0.026"/>
  <testcase name="test2489" classname="org.apache.zookeeper.test.randoop.c0.keeperexception.RegressionTest4" time="0"/>
  <testcase name="test2490" classname="org.apache.zookeeper.test.randoop.c0.keeperexception.RegressionTest4" time="0"/>
  <testcase name="test2491" classname="org.apache.zookeeper.test.randoop.c0.keeperexception.RegressionTest4" time="0"/>
  <testcase name="test2492" classname="org.apache.zookeeper.test.randoop.c0.keeperexception.RegressionTest4" time="0"/>
  <testcase name="test2493" classname="org.apache.zookeeper.test.randoop.c0.keeperexception.RegressionTest4" time="0.015"/>
  <testcase name="test2494" classname="org.apache.zookeeper.test.randoop.c0.keeperexception.RegressionTest4" time="0.022"/>
  <testcase name="test2495" classname="org.apache.zookeeper.test.randoop.c0.keeperexception.RegressionTest4" time="0"/>
  <testcase name="test2496" classname="org.apache.zookeeper.test.randoop.c0.keeperexception.RegressionTest4" time="0.017"/>
  <testcase name="test2497" classname="org.apache.zookeeper.test.randoop.c0.keeperexception.RegressionTest4" time="0"/>
  <testcase name="test2498" classname="org.apache.zookeeper.test.randoop.c0.keeperexception.RegressionTest4" time="0"/>
  <testcase name="test2499" classname="org.apache.zookeeper.test.randoop.c0.keeperexception.RegressionTest4" time="0"/>
  <testcase name="test2500" classname="org.apache.zookeeper.test.randoop.c0.keeperexception.RegressionTest4" time="0"/>
</testsuite>