GROUP,PACKAGE,CLASS,INSTRUCTION_MISSED,INSTRUCTION_COVERED,BRANCH_MISSED,BRANCH_COVERED,LINE_MISSED,LINE_COVERED,COMPLEXITY_MISSED,COMPLEXITY_COVERED,METHOD_MISSED,METHOD_COVERED
Apache ZooKeeper - Server,org.apache.zookeeper.metrics,MetricsContext.DetailLevel,15,0,0,0,3,0,1,0,1,0
Apache ZooKeeper - Server,org.apache.zookeeper.metrics,MetricsProviderLifeCycleException,16,0,0,0,8,0,4,0,4,0
Apache ZooKeeper - Server,org.apache.zookeeper.metrics,CounterSet,5,0,0,0,2,0,1,0,1,0
Apache ZooKeeper - Server,org.apache.zookeeper.metrics,Counter,4,0,0,0,2,0,1,0,1,0
Apache ZooKeeper - Server,org.apache.zookeeper.server.auth,DigestAuthenticationProvider,318,0,28,0,71,0,30,0,16,0
Apache ZooKeeper - Server,org.apache.zookeeper.server.auth,EnsembleAuthenticationProvider,125,0,14,0,33,0,15,0,8,0
Apache ZooKeeper - Server,org.apache.zookeeper.server.auth,KerberosName,327,0,30,0,82,0,27,0,12,0
Apache ZooKeeper - Server,org.apache.zookeeper.server.auth,KerberosName.NoMatchingRule,4,0,0,0,2,0,1,0,1,0
Apache ZooKeeper - Server,org.apache.zookeeper.server.auth,AuthenticationProvider,6,0,0,0,2,0,2,0,2,0
Apache ZooKeeper - Server,org.apache.zookeeper.server.auth,IPAuthenticationProvider,486,0,60,0,121,0,45,0,15,0
Apache ZooKeeper - Server,org.apache.zookeeper.server.auth,ServerAuthenticationProvider,11,0,0,0,3,0,3,0,3,0
Apache ZooKeeper - Server,org.apache.zookeeper.server.auth,WrappedAuthenticationProvider,55,0,4,0,14,0,10,0,8,0
Apache ZooKeeper - Server,org.apache.zookeeper.server.auth,KeyAuthenticationProvider,124,0,10,0,35,0,14,0,9,0
Apache ZooKeeper - Server,org.apache.zookeeper.server.auth,SaslServerCallbackHandler,214,0,30,0,48,0,25,0,10,0
Apache ZooKeeper - Server,org.apache.zookeeper.server.auth,ServerAuthenticationProvider.MatchValues,33,0,0,0,12,0,6,0,6,0
Apache ZooKeeper - Server,org.apache.zookeeper.server.auth,ProviderRegistry,154,0,10,0,45,0,14,0,9,0
Apache ZooKeeper - Server,org.apache.zookeeper.server.auth,DigestLoginModule,41,0,2,0,12,0,7,0,6,0
Apache ZooKeeper - Server,org.apache.zookeeper.server.auth,SASLAuthenticationProvider,42,0,8,0,12,0,10,0,6,0
Apache ZooKeeper - Server,org.apache.zookeeper.server.auth,KerberosName.Rule,312,0,40,0,75,0,26,0,6,0
Apache ZooKeeper - Server,org.apache.zookeeper.server.auth,X509AuthenticationProvider,248,0,22,0,72,0,24,0,13,0
Apache ZooKeeper - Server,org.apache.zookeeper.server.auth,KerberosName.BadFormatString,9,0,0,0,4,0,2,0,2,0
Apache ZooKeeper - Server,org.apache.zookeeper.server.auth,ServerAuthenticationProvider.ServerObjs,15,0,0,0,6,0,3,0,3,0
Apache ZooKeeper - Server,org.apache.zookeeper.audit,AuditLogger,1,0,0,0,1,0,1,0,1,0
Apache ZooKeeper - Server,org.apache.zookeeper.audit,Slf4jAuditLogger,21,0,2,0,6,0,4,0,3,0
Apache ZooKeeper - Server,org.apache.zookeeper.audit,ZKAuditProvider,151,0,8,0,46,0,16,0,12,0
Apache ZooKeeper - Server,org.apache.zookeeper.audit,AuditEvent.Result,21,0,0,0,2,0,1,0,1,0
Apache ZooKeeper - Server,org.apache.zookeeper.audit,AuditHelper,294,0,45,0,86,0,37,0,10,0
Apache ZooKeeper - Server,org.apache.zookeeper.audit,AuditEvent.FieldName,45,0,0,0,2,0,1,0,1,0
Apache ZooKeeper - Server,org.apache.zookeeper.audit,AuditEvent,105,0,10,0,27,0,11,0,6,0
Apache ZooKeeper - Server,org.apache.zookeeper.common,BCFKSFileLoader.Builder,15,0,0,0,2,0,2,0,2,0
Apache ZooKeeper - Server,org.apache.zookeeper.common,ZKHostnameVerifier.SubjectName,44,0,4,0,11,0,8,0,6,0
Apache ZooKeeper - Server,org.apache.zookeeper.common,Time,146,0,21,0,31,0,18,0,6,0
Apache ZooKeeper - Server,org.apache.zookeeper.common,SecretUtils,48,0,2,0,10,0,3,0,2,0
Apache ZooKeeper - Server,org.apache.zookeeper.common,StandardTypeFileKeyStoreLoader.SupportedStandardKeyFormat,21,0,0,0,2,0,1,0,1,0
Apache ZooKeeper - Server,org.apache.zookeeper.common,ConfigException,9,0,0,0,4,0,2,0,2,0
Apache ZooKeeper - Server,org.apache.zookeeper.common,KeyStoreFileType,105,0,12,0,24,0,13,0,7,0
Apache ZooKeeper - Server,org.apache.zookeeper.common,QuorumX509Util,7,0,0,0,3,0,3,0,3,0
Apache ZooKeeper - Server,org.apache.zookeeper.common,X509Util,1021,0,84,0,266,0,95,0,53,0
Apache ZooKeeper - Server,org.apache.zookeeper.common,ZKConfig,502,0,14,0,98,0,26,0,19,0
Apache ZooKeeper - Server,org.apache.zookeeper.common,PEMFileLoader.Builder,15,0,0,0,2,0,2,0,2,0
Apache ZooKeeper - Server,org.apache.zookeeper.common,NettyUtils,138,0,18,0,39,0,17,0,8,0
Apache ZooKeeper - Server,org.apache.zookeeper.common,ClientX509Util,267,0,42,0,65,0,36,0,15,0
Apache ZooKeeper - Server,org.apache.zookeeper.common,PathUtils,222,0,64,0,47,0,37,0,5,0
Apache ZooKeeper - Server,org.apache.zookeeper.common,X509Exception.KeyManagerException,8,0,0,0,4,0,2,0,2,0
Apache ZooKeeper - Server,org.apache.zookeeper.common,JKSFileLoader.Builder,15,0,0,0,2,0,2,0,2,0
Apache ZooKeeper - Server,org.apache.zookeeper.common,AtomicFileWritingIdiom,53,0,6,0,19,0,6,0,3,0
Apache ZooKeeper - Server,org.apache.zookeeper.common,FileChangeWatcher,137,0,12,0,33,0,15,0,9,0
Apache ZooKeeper - Server,org.apache.zookeeper.common,FileChangeWatcher.State,33,0,0,0,6,0,1,0,1,0
Apache ZooKeeper - Server,org.apache.zookeeper.common,JKSFileLoader,8,0,0,0,2,0,1,0,1,0
Apache ZooKeeper - Server,org.apache.zookeeper.common,X509Exception,13,0,0,0,6,0,3,0,3,0
Apache ZooKeeper - Server,org.apache.zookeeper.common,BCFKSFileLoader,8,0,0,0,2,0,1,0,1,0
Apache ZooKeeper - Server,org.apache.zookeeper.common,PathTrie,328,0,30,0,78,0,25,0,10,0
Apache ZooKeeper - Server,org.apache.zookeeper.common,ClientX509Util.new DelegatingSslContext() {...},28,0,2,0,7,0,3,0,2,0
Apache ZooKeeper - Server,org.apache.zookeeper.common,X509Util.ClientAuth,46,0,4,0,11,0,6,0,4,0
Apache ZooKeeper - Server,org.apache.zookeeper.common,X509Exception.SSLContextException,13,0,0,0,6,0,3,0,3,0
Apache ZooKeeper - Server,org.apache.zookeeper.common,PathTrie.TrieNode,86,0,2,0,26,0,14,0,13,0
Apache ZooKeeper - Server,org.apache.zookeeper.common,FileKeyStoreLoaderBuilderProvider,33,0,5,0,7,0,6,0,2,0
Apache ZooKeeper - Server,org.apache.zookeeper.common,SSLContextAndOptions,275,0,25,0,69,0,28,0,15,0
Apache ZooKeeper - Server,org.apache.zookeeper.common,ZKHostnameVerifier.HostNameType,32,0,0,0,7,0,2,0,2,0
Apache ZooKeeper - Server,org.apache.zookeeper.common,IOUtils,102,0,18,0,30,0,14,0,5,0
Apache ZooKeeper - Server,org.apache.zookeeper.common,FileKeyStoreLoader,15,0,0,0,6,0,1,0,1,0
Apache ZooKeeper - Server,org.apache.zookeeper.common,ZKTrustManager,256,0,20,0,66,0,21,0,11,0
Apache ZooKeeper - Server,org.apache.zookeeper.common,X509Exception.TrustManagerException,8,0,0,0,4,0,2,0,2,0
Apache ZooKeeper - Server,org.apache.zookeeper.common,NetUtils,139,0,16,0,23,0,12,0,4,0
Apache ZooKeeper - Server,org.apache.zookeeper.common,PEMFileLoader,39,0,4,0,8,0,5,0,3,0
Apache ZooKeeper - Server,org.apache.zookeeper.common,FileChangeWatcher.WatcherThread,124,0,10,0,41,0,8,0,3,0
Apache ZooKeeper - Server,org.apache.zookeeper.common,FileKeyStoreLoader.Builder,31,0,0,0,10,0,5,0,5,0
Apache ZooKeeper - Server,org.apache.zookeeper.common,ZKHostnameVerifier.InetAddressUtils,35,0,4,0,7,0,7,0,5,0
Apache ZooKeeper - Server,org.apache.zookeeper.common,PKCS12FileLoader,8,0,0,0,2,0,1,0,1,0
Apache ZooKeeper - Server,org.apache.zookeeper.common,StandardTypeFileKeyStoreLoader,70,0,2,0,14,0,7,0,6,0
Apache ZooKeeper - Server,org.apache.zookeeper.common,PKCS12FileLoader.Builder,15,0,0,0,2,0,2,0,2,0
Apache ZooKeeper - Server,org.apache.zookeeper.common,AtomicFileOutputStream,124,0,14,0,31,0,12,0,5,0
Apache ZooKeeper - Server,org.apache.zookeeper.common,StringUtils,67,0,14,0,11,0,11,0,4,0
Apache ZooKeeper - Server,org.apache.zookeeper.common,ZKHostnameVerifier,437,0,77,0,113,0,52,0,13,0
Apache ZooKeeper - Server,org.apache.zookeeper.common,LogRedactor,38,0,8,0,11,0,7,0,3,0
Apache ZooKeeper - Server,org.apache.zookeeper.cli,VersionCommand,50,0,2,0,14,0,5,0,4,0
Apache ZooKeeper - Server,org.apache.zookeeper.cli,RemoveWatchesCommand,154,0,12,0,39,0,10,0,4,0
Apache ZooKeeper - Server,org.apache.zookeeper.cli,GetConfigCommand,130,0,8,0,29,0,8,0,4,0
Apache ZooKeeper - Server,org.apache.zookeeper.cli,WhoAmICommand,39,0,2,0,13,0,5,0,4,0
Apache ZooKeeper - Server,org.apache.zookeeper.cli,CloseCommand,19,0,0,0,8,0,3,0,3,0
Apache ZooKeeper - Server,org.apache.zookeeper.cli,CreateCommand,289,0,40,0,68,0,24,0,4,0
Apache ZooKeeper - Server,org.apache.zookeeper.cli,DelQuotaCommand,337,0,38,0,77,0,24,0,5,0
Apache ZooKeeper - Server,org.apache.zookeeper.cli,SyncCommand,112,0,4,0,29,0,7,0,5,0
Apache ZooKeeper - Server,org.apache.zookeeper.cli,ReconfigCommand,298,0,34,0,57,0,21,0,4,0
Apache ZooKeeper - Server,org.apache.zookeeper.cli,SetAclCommand,155,0,8,0,38,0,9,0,5,0
Apache ZooKeeper - Server,org.apache.zookeeper.cli,AddWatchCommand,98,0,4,0,27,0,6,0,4,0
Apache ZooKeeper - Server,org.apache.zookeeper.cli,GetAclCommand,115,0,6,0,28,0,7,0,4,0
Apache ZooKeeper - Server,org.apache.zookeeper.cli,MalformedPathException,4,0,0,0,2,0,1,0,1,0
Apache ZooKeeper - Server,org.apache.zookeeper.cli,StatCommand,139,0,6,0,37,0,8,0,5,0
Apache ZooKeeper - Server,org.apache.zookeeper.cli,CommandFactory.Command,177,0,0,0,28,0,3,0,3,0
Apache ZooKeeper - Server,org.apache.zookeeper.cli,CommandFactory,6,0,0,0,2,0,2,0,2,0
Apache ZooKeeper - Server,org.apache.zookeeper.cli,Base64OutputFormatter,12,0,0,0,3,0,3,0,3,0
Apache ZooKeeper - Server,org.apache.zookeeper.cli,ListQuotaCommand,156,0,6,0,38,0,8,0,5,0
Apache ZooKeeper - Server,org.apache.zookeeper.cli,CommandNotFoundException,6,0,0,0,2,0,1,0,1,0
Apache ZooKeeper - Server,org.apache.zookeeper.cli,GetEphemeralsCommand,72,0,2,0,21,0,5,0,4,0
Apache ZooKeeper - Server,org.apache.zookeeper.cli,GetCommand,187,0,12,0,47,0,11,0,5,0
Apache ZooKeeper - Server,org.apache.zookeeper.cli,DeleteAllCommand,111,0,6,0,30,0,8,0,5,0
Apache ZooKeeper - Server,org.apache.zookeeper.cli,DeleteCommand,126,0,6,0,35,0,8,0,5,0
Apache ZooKeeper - Server,org.apache.zookeeper.cli,SetQuotaCommand,736,0,84,0,172,0,52,0,10,0
Apache ZooKeeper - Server,org.apache.zookeeper.cli,MalformedCommandException,4,0,0,0,2,0,1,0,1,0
Apache ZooKeeper - Server,org.apache.zookeeper.cli,GetAllChildrenNumberCommand,73,0,2,0,21,0,5,0,4,0
Apache ZooKeeper - Server,org.apache.zookeeper.cli,AclParser,129,0,16,0,29,0,13,0,3,0
Apache ZooKeeper - Server,org.apache.zookeeper.cli,SetCommand,138,0,8,0,32,0,8,0,4,0
Apache ZooKeeper - Server,org.apache.zookeeper.cli,CliCommand,58,0,0,0,20,0,9,0,9,0
Apache ZooKeeper - Server,org.apache.zookeeper.cli,CliException,41,0,0,0,16,0,7,0,7,0
Apache ZooKeeper - Server,org.apache.zookeeper.cli,LsCommand,244,0,16,0,61,0,16,0,8,0
Apache ZooKeeper - Server,org.apache.zookeeper.cli,PlainOutputFormatter,14,0,0,0,3,0,3,0,3,0
Apache ZooKeeper - Server,org.apache.zookeeper.cli,CommandUsageHelper,49,0,4,0,11,0,4,0,2,0
Apache ZooKeeper - Server,org.apache.zookeeper.cli,StatPrinter,85,0,0,0,15,0,2,0,2,0
Apache ZooKeeper - Server,org.apache.zookeeper.cli,CliParseException,8,0,0,0,4,0,2,0,2,0
Apache ZooKeeper - Server,org.apache.zookeeper.cli,CliWrapperException,95,0,26,0,29,0,15,0,2,0
Apache ZooKeeper - Server,org.apache.zookeeper.cli,AddAuthCommand,67,0,4,0,17,0,6,0,4,0
Apache ZooKeeper - Server,org.apache.zookeeper.cli,HexDumpOutputFormatter,14,0,0,0,4,0,3,0,3,0
Apache ZooKeeper - Server,org.apache.zookeeper.admin,ZooKeeperAdmin,148,0,4,0,37,0,13,0,11,0
Apache ZooKeeper - Server,org.apache.zookeeper.server.command,AbstractFourLetterCommand,48,0,4,0,17,0,9,0,7,0
Apache ZooKeeper - Server,org.apache.zookeeper.server.command,IsroCommand,27,0,4,0,8,0,4,0,2,0
Apache ZooKeeper - Server,org.apache.zookeeper.server.command,MonitorCommand,78,0,10,0,21,0,9,0,4,0
Apache ZooKeeper - Server,org.apache.zookeeper.server.command,NopCommand,14,0,0,0,5,0,2,0,2,0
Apache ZooKeeper - Server,org.apache.zookeeper.server.command,DumpCommand,47,0,4,0,12,0,4,0,2,0
Apache ZooKeeper - Server,org.apache.zookeeper.server.command,CommandExecutor,177,0,36,0,38,0,21,0,3,0
Apache ZooKeeper - Server,org.apache.zookeeper.server.command,ConfCommand,19,0,2,0,6,0,3,0,2,0
Apache ZooKeeper - Server,org.apache.zookeeper.server.command,TraceMaskCommand,12,0,0,0,5,0,2,0,2,0
Apache ZooKeeper - Server,org.apache.zookeeper.server.command,StatCommand,117,0,10,0,27,0,8,0,3,0
Apache ZooKeeper - Server,org.apache.zookeeper.server.command,WatchCommand,52,0,6,0,14,0,5,0,2,0
Apache ZooKeeper - Server,org.apache.zookeeper.server.command,DigestCommand,40,0,4,0,9,0,4,0,2,0
Apache ZooKeeper - Server,org.apache.zookeeper.server.command,CnxnStatResetCommand,21,0,2,0,7,0,3,0,2,0
Apache ZooKeeper - Server,org.apache.zookeeper.server.command,RuokCommand,10,0,0,0,4,0,2,0,2,0
Apache ZooKeeper - Server,org.apache.zookeeper.server.command,DirsCommand,28,0,2,0,8,0,3,0,2,0
Apache ZooKeeper - Server,org.apache.zookeeper.server.command,EnvCommand,37,0,2,0,10,0,3,0,2,0
Apache ZooKeeper - Server,org.apache.zookeeper.server.command,ConsCommand,38,0,4,0,10,0,4,0,2,0
Apache ZooKeeper - Server,org.apache.zookeeper.server.command,FourLetterCommands,341,0,14,0,68,0,13,0,6,0
Apache ZooKeeper - Server,org.apache.zookeeper.server.command,SetTraceMaskCommand,17,0,0,0,6,0,2,0,2,0
Apache ZooKeeper - Server,org.apache.zookeeper.server.command,StatResetCommand,35,0,4,0,10,0,4,0,2,0
Apache ZooKeeper - Server,org.apache.zookeeper.server.util,BitHashSet,152,0,16,0,36,0,18,0,10,0
Apache ZooKeeper - Server,org.apache.zookeeper.server.util,JvmPauseMonitor,244,0,12,0,53,0,17,0,11,0
Apache ZooKeeper - Server,org.apache.zookeeper.server.util,MessageTracker.BufferedMessage,52,0,2,0,14,0,5,0,4,0
Apache ZooKeeper - Server,org.apache.zookeeper.server.util,VerifyingFileFactory,80,0,12,0,23,0,12,0,6,0
Apache ZooKeeper - Server,org.apache.zookeeper.server.util,RequestPathMetricsCollector,608,0,26,0,116,0,41,0,28,0
Apache ZooKeeper - Server,org.apache.zookeeper.server.util,AuthUtil,74,0,12,0,15,0,11,0,5,0
Apache ZooKeeper - Server,org.apache.zookeeper.server.util,RequestPathMetricsCollector.PathStatsQueue,240,0,14,0,46,0,19,0,12,0
Apache ZooKeeper - Server,org.apache.zookeeper.server.util,VerifyingFileFactory.Builder,27,0,0,0,10,0,4,0,4,0
Apache ZooKeeper - Server,org.apache.zookeeper.server.util,AdHash,48,0,4,0,11,0,10,0,8,0
Apache ZooKeeper - Server,org.apache.zookeeper.server.util,BitMap,225,0,10,0,48,0,12,0,7,0
Apache ZooKeeper - Server,org.apache.zookeeper.server.util,KerberosUtil,10,0,0,0,2,0,2,0,2,0
Apache ZooKeeper - Server,org.apache.zookeeper.server.util,OSMXBean,209,0,24,0,51,0,18,0,6,0
Apache ZooKeeper - Server,org.apache.zookeeper.server.util,MessageTracker.Direction,15,0,0,0,2,0,1,0,1,0
Apache ZooKeeper - Server,org.apache.zookeeper.server.util,QuotaMetricsUtils.QUOTA_LIMIT_USAGE_METRIC_TYPE,27,0,0,0,1,0,1,0,1,0
Apache ZooKeeper - Server,org.apache.zookeeper.server.util,SerializeUtils,248,0,27,0,75,0,23,0,5,0
Apache ZooKeeper - Server,org.apache.zookeeper.server.util,JvmPauseMonitor.JVMMonitor,122,0,8,0,24,0,6,0,2,0
Apache ZooKeeper - Server,org.apache.zookeeper.server.util,JvmPauseMonitor.GcTimes,40,0,0,0,10,0,4,0,4,0
Apache ZooKeeper - Server,org.apache.zookeeper.server.util,QuotaMetricsUtils,186,0,33,0,43,0,28,0,10,0
Apache ZooKeeper - Server,org.apache.zookeeper.server.util,MessageTracker,173,0,20,0,36,0,22,0,12,0
Apache ZooKeeper - Server,org.apache.zookeeper.server.util,ConfigUtils,200,0,22,0,51,0,15,0,4,0
Apache ZooKeeper - Server,org.apache.zookeeper.server.util,ZxidUtils,22,0,0,0,5,0,5,0,5,0
Apache ZooKeeper - Server,org.apache.zookeeper.server.util,RateLimiter,63,0,6,0,16,0,5,0,2,0
Apache ZooKeeper - Server,org.apache.zookeeper.server.util,BitHashSet.new Iterator() {...},49,0,2,0,9,0,5,0,4,0
Apache ZooKeeper - Server,org.apache.zookeeper.server.util,LogChopper,303,0,28,0,74,0,17,0,3,0
Apache ZooKeeper - Server,org.apache.zookeeper.server.util,CircularBuffer,144,0,12,0,30,0,14,0,8,0
Apache ZooKeeper - Server,org.apache.zookeeper.server.admin,Commands.ConfCommand,28,0,0,0,5,0,2,0,2,0
Apache ZooKeeper - Server,org.apache.zookeeper.server.admin,Commands.VotingViewCommand.QuorumServerView,61,0,6,0,14,0,6,0,3,0
Apache ZooKeeper - Server,org.apache.zookeeper.server.admin,Commands.WatchSummaryCommand,28,0,0,0,6,0,2,0,2,0
Apache ZooKeeper - Server,org.apache.zookeeper.server.admin,StreamOutputter,29,0,0,0,11,0,4,0,4,0
Apache ZooKeeper - Server,org.apache.zookeeper.server.admin,Commands.SnapshotCommand,149,0,12,0,38,0,8,0,2,0
Apache ZooKeeper - Server,org.apache.zookeeper.server.admin,Commands.EnvCommand,42,0,2,0,7,0,3,0,2,0
Apache ZooKeeper - Server,org.apache.zookeeper.server.admin,Commands.DigestCommand,23,0,0,0,5,0,2,0,2,0
Apache ZooKeeper - Server,org.apache.zookeeper.server.admin,JsonOutputter,70,0,0,0,21,0,4,0,4,0
Apache ZooKeeper - Server,org.apache.zookeeper.server.admin,Commands.WatchesByPathCommand,30,0,0,0,6,0,2,0,2,0
Apache ZooKeeper - Server,org.apache.zookeeper.server.admin,Commands,413,0,34,0,96,0,26,0,9,0
Apache ZooKeeper - Server,org.apache.zookeeper.server.admin,ReadAheadEndpoint,275,0,28,0,81,0,42,0,28,0
Apache ZooKeeper - Server,org.apache.zookeeper.server.admin,PostCommand,8,0,0,0,3,0,2,0,2,0
Apache ZooKeeper - Server,org.apache.zookeeper.server.admin,Commands.ZabStateCommand,138,0,8,0,26,0,6,0,2,0
Apache ZooKeeper - Server,org.apache.zookeeper.server.admin,Commands.StatResetCommand,22,0,0,0,5,0,2,0,2,0
Apache ZooKeeper - Server,org.apache.zookeeper.server.admin,Commands.ConsCommand,55,0,4,0,12,0,4,0,2,0
Apache ZooKeeper - Server,org.apache.zookeeper.server.admin,Commands.RuokCommand,13,0,0,0,3,0,2,0,2,0
Apache ZooKeeper - Server,org.apache.zookeeper.server.admin,CommandResponse,0,103,0,0,0,31,0,14,0,14
Apache ZooKeeper - Server,org.apache.zookeeper.server.admin,AdminServer.AdminServerException,9,0,0,0,4,0,2,0,2,0
Apache ZooKeeper - Server,org.apache.zookeeper.server.admin,Commands.DirsCommand,29,0,0,0,6,0,2,0,2,0
Apache ZooKeeper - Server,org.apache.zookeeper.server.admin,Commands.RestoreCommand,109,0,8,0,30,0,6,0,2,0
Apache ZooKeeper - Server,org.apache.zookeeper.server.admin,Commands.LastSnapshotCommand,45,0,4,0,7,0,4,0,2,0
Apache ZooKeeper - Server,org.apache.zookeeper.server.admin,Commands.GetTraceMaskCommand,26,0,0,0,5,0,2,0,2,0
Apache ZooKeeper - Server,org.apache.zookeeper.server.admin,GetCommand,17,0,0,0,7,0,4,0,4,0
Apache ZooKeeper - Server,org.apache.zookeeper.server.admin,Commands.StatCommand,53,0,4,0,12,0,4,0,2,0
Apache ZooKeeper - Server,org.apache.zookeeper.server.admin,CommandOutputter,2,0,0,0,2,0,2,0,2,0
Apache ZooKeeper - Server,org.apache.zookeeper.server.admin,UnifiedConnectionFactory,190,0,14,0,43,0,14,0,7,0
Apache ZooKeeper - Server,org.apache.zookeeper.server.admin,Commands.SrvrCommand,72,0,2,0,15,0,4,0,3,0
Apache ZooKeeper - Server,org.apache.zookeeper.server.admin,Commands.DumpCommand,27,0,0,0,6,0,2,0,2,0
Apache ZooKeeper - Server,org.apache.zookeeper.server.admin,JettyAdminServer,469,0,12,0,110,0,16,0,10,0
Apache ZooKeeper - Server,org.apache.zookeeper.server.admin,Commands.WatchCommand,30,0,0,0,6,0,2,0,2,0
Apache ZooKeeper - Server,org.apache.zookeeper.server.admin,Commands.VotingViewCommand,50,0,2,0,11,0,4,0,3,0
Apache ZooKeeper - Server,org.apache.zookeeper.server.admin,Commands.SyncedObserverConsCommand,78,0,6,0,18,0,5,0,2,0
Apache ZooKeeper - Server,org.apache.zookeeper.server.admin,Commands.SetTraceMaskCommand,58,0,2,0,14,0,3,0,2,0
Apache ZooKeeper - Server,org.apache.zookeeper.server.admin,AuthRequest,21,0,0,0,7,0,4,0,4,0
Apache ZooKeeper - Server,org.apache.zookeeper.server.admin,Commands.SystemPropertiesCommand,41,0,0,0,8,0,3,0,3,0
Apache ZooKeeper - Server,org.apache.zookeeper.server.admin,Commands.ShedConnectionsCommand,136,0,14,0,34,0,9,0,2,0
Apache ZooKeeper - Server,org.apache.zookeeper.server.admin,Commands.CnxnStatResetCommand,22,0,0,0,5,0,2,0,2,0
Apache ZooKeeper - Server,org.apache.zookeeper.server.admin,CommandBase,59,0,4,0,17,0,10,0,8,0
Apache ZooKeeper - Server,org.apache.zookeeper.server.admin,Commands.ObserverCnxnStatResetCommand,38,0,4,0,10,0,4,0,2,0
Apache ZooKeeper - Server,org.apache.zookeeper.server.admin,Commands.LeaderCommand,58,0,4,0,12,0,4,0,2,0
Apache ZooKeeper - Server,org.apache.zookeeper.server.admin,AdminServerFactory,39,0,2,0,12,0,4,0,3,0
Apache ZooKeeper - Server,org.apache.zookeeper.server.admin,Commands.MonitorCommand,35,0,0,0,6,0,2,0,2,0
Apache ZooKeeper - Server,org.apache.zookeeper.server.admin,Commands.InitialConfigurationCommand,25,0,0,0,5,0,2,0,2,0
Apache ZooKeeper - Server,org.apache.zookeeper.server.admin,Commands.IsroCommand,26,0,0,0,5,0,2,0,2,0
Apache ZooKeeper - Server,org.apache.zookeeper.server.admin,DummyAdminServer,6,0,0,0,4,0,4,0,4,0
Apache ZooKeeper - Server,org.apache.zookeeper.server.admin,JettyAdminServer.CommandServlet,238,0,20,0,53,0,16,0,6,0
Apache ZooKeeper - Server,org.apache.zookeeper.compat,ProtocolManager,234,0,14,0,65,0,19,0,12,0
Apache ZooKeeper - Server,org.apache.zookeeper.server.embedded,ZooKeeperServerEmbeddedImpl,338,0,17,0,75,0,19,0,10,0
Apache ZooKeeper - Server,org.apache.zookeeper.server.embedded,ZooKeeperServerEmbedded.ZookKeeperServerEmbeddedBuilder,53,0,4,0,13,0,7,0,5,0
Apache ZooKeeper - Server,org.apache.zookeeper.server.embedded,ZooKeeperServerEmbeddedImpl.1.new QuorumPeer() {...},33,0,0,0,7,0,2,0,2,0
Apache ZooKeeper - Server,org.apache.zookeeper.server.embedded,ZooKeeperServerEmbeddedImpl.new Thread() {...},46,0,4,0,13,0,4,0,2,0
Apache ZooKeeper - Server,org.apache.zookeeper.server.embedded,ZooKeeperServerEmbeddedImpl.new QuorumPeerMain() {...},16,0,0,0,2,0,2,0,2,0
Apache ZooKeeper - Server,org.apache.zookeeper.server.embedded,ZooKeeperServerEmbeddedImpl.new Thread() {...},52,0,4,0,15,0,4,0,2,0
Apache ZooKeeper - Server,org.apache.zookeeper.server.embedded,ZooKeeperServerEmbeddedImpl.new ZooKeeperServerMain() {...},28,0,0,0,6,0,2,0,2,0
Apache ZooKeeper - Server,org.apache.zookeeper.server.embedded,ExitHandler,15,0,0,0,3,0,1,0,1,0
Apache ZooKeeper - Server,org.apache.zookeeper.server.embedded,ZooKeeperServerEmbedded,4,0,0,0,1,0,1,0,1,0
Apache ZooKeeper - Server,org.apache.zookeeper.version,Info,8,0,2,0,1,0,2,0,1,0
Apache ZooKeeper - Server,org.apache.zookeeper.version,VersionInfoMain,7,0,0,0,3,0,2,0,2,0
Apache ZooKeeper - Server,org.apache.zookeeper.server,SessionTrackerImpl,548,0,52,0,143,0,53,0,27,0
Apache ZooKeeper - Server,org.apache.zookeeper.server,ServerCnxn.CloseRequestException,10,0,0,0,4,0,2,0,2,0
Apache ZooKeeper - Server,org.apache.zookeeper.server,ServerCnxn.EndOfStreamException,14,0,0,0,5,0,3,0,3,0
Apache ZooKeeper - Server,org.apache.zookeeper.server,ZooKeeperServer.State,27,0,0,0,5,0,1,0,1,0
Apache ZooKeeper - Server,org.apache.zookeeper.server,SnapshotRecursiveSummary,256,0,14,0,50,0,13,0,6,0
Apache ZooKeeper - Server,org.apache.zookeeper.server,ServerConfig,205,0,8,0,54,0,23,0,19,0
Apache ZooKeeper - Server,org.apache.zookeeper.server,NIOServerCnxnFactory.ConnectionExpirerThread,51,0,6,0,17,0,5,0,2,0
Apache ZooKeeper - Server,org.apache.zookeeper.server,WorkerService.ScheduledWorkRequest,30,0,2,0,12,0,3,0,2,0
Apache ZooKeeper - Server,org.apache.zookeeper.server,ZooKeeperServerListenerImpl,21,0,0,0,7,0,3,0,3,0
Apache ZooKeeper - Server,org.apache.zookeeper.server,ExitCode,77,0,0,0,14,0,3,0,3,0
Apache ZooKeeper - Server,org.apache.zookeeper.server,ContainerManager,327,0,34,0,71,0,31,0,14,0
Apache ZooKeeper - Server,org.apache.zookeeper.server,ServerMetrics,857,0,0,0,163,0,6,0,6,0
Apache ZooKeeper - Server,org.apache.zookeeper.server,NettyServerCnxnFactory.CertificateVerifier,172,0,12,0,46,0,8,0,2,0
Apache ZooKeeper - Server,org.apache.zookeeper.server,RequestProcessor.RequestProcessorException,5,0,0,0,2,0,1,0,1,0
Apache ZooKeeper - Server,org.apache.zookeeper.server,ByteBufferRequestRecord,59,0,2,0,17,0,5,0,4,0
Apache ZooKeeper - Server,org.apache.zookeeper.server,NIOServerCnxnFactory,702,0,70,0,187,0,62,0,27,0
Apache ZooKeeper - Server,org.apache.zookeeper.server,FinalRequestProcessor,1528,0,134,0,373,0,94,0,11,0
Apache ZooKeeper - Server,org.apache.zookeeper.server,ZooKeeperServerConf,124,0,0,0,31,0,11,0,11,0
Apache ZooKeeper - Server,org.apache.zookeeper.server,AuthenticationHelper,193,0,22,0,50,0,22,0,11,0
Apache ZooKeeper - Server,org.apache.zookeeper.server,NettyServerCnxn.ReadEvent,15,0,0,0,3,0,1,0,1,0
Apache ZooKeeper - Server,org.apache.zookeeper.server,DataTree.ZxidDigest,81,0,4,0,23,0,9,0,7,0
Apache ZooKeeper - Server,org.apache.zookeeper.server,DumbWatcher,63,0,0,0,30,0,23,0,23,0
Apache ZooKeeper - Server,org.apache.zookeeper.server,SyncRequestProcessor,405,0,46,0,105,0,36,0,13,0
Apache ZooKeeper - Server,org.apache.zookeeper.server,RequestThrottler,282,0,36,0,96,0,35,0,17,0
Apache ZooKeeper - Server,org.apache.zookeeper.server,ByteBufferInputStream,89,0,8,0,22,0,11,0,7,0
Apache ZooKeeper - Server,org.apache.zookeeper.server,SyncRequestProcessor.new ZooKeeperThread() {...},22,0,0,0,6,0,2,0,2,0
Apache ZooKeeper - Server,org.apache.zookeeper.server,ConnectionBean,192,0,8,0,49,0,28,0,24,0
Apache ZooKeeper - Server,org.apache.zookeeper.server,NettyServerCnxn.new ChannelFutureListener() {...},18,0,0,0,3,0,3,0,3,0
Apache ZooKeeper - Server,org.apache.zookeeper.server,ZooTrace,64,0,10,0,17,0,13,0,8,0
Apache ZooKeeper - Server,org.apache.zookeeper.server,SnapshotComparer.TreeInfo.TreeNode.AlphabeticComparator,22,0,6,0,8,0,5,0,2,0
Apache ZooKeeper - Server,org.apache.zookeeper.server,ExpiryQueue,278,0,30,0,67,0,23,0,8,0
Apache ZooKeeper - Server,org.apache.zookeeper.server,WorkerService.DaemonThreadFactory,38,0,0,0,10,0,3,0,3,0
Apache ZooKeeper - Server,org.apache.zookeeper.server,NIOServerCnxnFactory.AbstractSelectThread,55,0,4,0,25,0,7,0,5,0
Apache ZooKeeper - Server,org.apache.zookeeper.server,NIOServerCnxnFactory.SelectorThread,291,0,38,0,82,0,27,0,8,0
Apache ZooKeeper - Server,org.apache.zookeeper.server,ObserverBean,52,0,6,0,14,0,9,0,6,0
Apache ZooKeeper - Server,org.apache.zookeeper.server,SnapshotComparer.TreeInfo,189,0,6,0,28,0,7,0,4,0
Apache ZooKeeper - Server,org.apache.zookeeper.server,ZooKeeperServerBean,427,0,8,0,134,0,87,0,83,0
Apache ZooKeeper - Server,org.apache.zookeeper.server,NettyServerCnxn,1165,0,130,0,276,0,97,0,32,0
Apache ZooKeeper - Server,org.apache.zookeeper.server,SnapshotComparer,922,0,84,0,194,0,56,0,14,0
Apache ZooKeeper - Server,org.apache.zookeeper.server,TxnLogEntry,31,0,0,0,9,0,5,0,5,0
Apache ZooKeeper - Server,org.apache.zookeeper.server,RateLogger,162,0,16,0,38,0,13,0,5,0
Apache ZooKeeper - Server,org.apache.zookeeper.server,ZooKeeperSaslServer,60,0,2,0,14,0,7,0,6,0
Apache ZooKeeper - Server,org.apache.zookeeper.server,ZooKeeperServer.ChangeRecord,61,0,4,0,15,0,4,0,2,0
Apache ZooKeeper - Server,org.apache.zookeeper.server,ZooKeeperServer.PrecalculatedDigest,9,0,0,0,4,0,1,0,1,0
Apache ZooKeeper - Server,org.apache.zookeeper.server,SnapshotComparer.TreeInfo.TreeNode,142,0,10,0,30,0,8,0,3,0
Apache ZooKeeper - Server,org.apache.zookeeper.server,UnimplementedRequestProcessor,41,0,0,0,11,0,3,0,3,0
Apache ZooKeeper - Server,org.apache.zookeeper.server,ReferenceCountedACLCache,417,0,40,0,105,0,32,0,12,0
Apache ZooKeeper - Server,org.apache.zookeeper.server,PrepRequestProcessor.DigestOpCode,27,0,0,0,2,0,1,0,1,0
Apache ZooKeeper - Server,org.apache.zookeeper.server,ZooKeeperThread,28,0,0,0,7,0,4,0,4,0
Apache ZooKeeper - Server,org.apache.zookeeper.server,BlueThrottle,479,0,42,0,128,0,48,0,27,0
Apache ZooKeeper - Server,org.apache.zookeeper.server,DataTree,3524,0,334,0,845,0,262,0,83,0
Apache ZooKeeper - Server,org.apache.zookeeper.server,ServerCnxn,791,0,69,0,215,0,75,0,40,0
Apache ZooKeeper - Server,org.apache.zookeeper.server,NettyServerCnxnFactory.DualModeSslHandler,126,0,8,0,27,0,9,0,5,0
Apache ZooKeeper - Server,org.apache.zookeeper.server,TxnLogProposalIterator,100,0,6,0,28,0,10,0,7,0
Apache ZooKeeper - Server,org.apache.zookeeper.server,EphemeralTypeEmulate353,64,0,10,0,13,0,8,0,3,0
Apache ZooKeeper - Server,org.apache.zookeeper.server,ServerStats,299,0,8,0,83,0,41,0,37,0
Apache ZooKeeper - Server,org.apache.zookeeper.server,ServerCnxnHelper,15,0,4,0,6,0,4,0,2,0
Apache ZooKeeper - Server,org.apache.zookeeper.server,ServerCnxnFactory,547,0,56,0,153,0,56,0,28,0
Apache ZooKeeper - Server,org.apache.zookeeper.server,DatadirCleanupManager,110,0,6,0,32,0,12,0,9,0
Apache ZooKeeper - Server,org.apache.zookeeper.server,EphemeralType.new EphemeralType() {...},30,0,4,0,6,0,6,0,4,0
Apache ZooKeeper - Server,org.apache.zookeeper.server,ZKDatabase.new FileTxnSnapLog.PlayBackListener() {...},13,0,0,0,3,0,2,0,2,0
Apache ZooKeeper - Server,org.apache.zookeeper.server,ZKDatabase,813,0,50,0,225,0,81,0,56,0
Apache ZooKeeper - Server,org.apache.zookeeper.server,ResponseCache.LRUCache,20,0,2,0,4,0,3,0,2,0
Apache ZooKeeper - Server,org.apache.zookeeper.server,ResponseCache.Entry,9,0,0,0,4,0,1,0,1,0
Apache ZooKeeper - Server,org.apache.zookeeper.server,NIOServerCnxn.SendBufferWriter,62,0,8,0,16,0,9,0,5,0
Apache ZooKeeper - Server,org.apache.zookeeper.server,NodeHashMapImpl,133,0,12,0,38,0,19,0,13,0
Apache ZooKeeper - Server,org.apache.zookeeper.server,ZooKeeperServer,4134,0,399,0,1035,0,366,0,163,0
Apache ZooKeeper - Server,org.apache.zookeeper.server,DataTree.ProcessTxnResult,36,0,6,0,6,0,6,0,3,0
Apache ZooKeeper - Server,org.apache.zookeeper.server,RequestRecord,14,0,0,0,3,0,3,0,3,0
Apache ZooKeeper - Server,org.apache.zookeeper.server,PurgeTxnLog,253,0,24,0,70,0,21,0,9,0
Apache ZooKeeper - Server,org.apache.zookeeper.server,EphemeralType,148,0,22,0,37,0,21,0,10,0
Apache ZooKeeper - Server,org.apache.zookeeper.server,NettyServerCnxnFactory,779,0,70,0,203,0,69,0,34,0
Apache ZooKeeper - Server,org.apache.zookeeper.server,DataTreeBean,32,0,0,0,10,0,8,0,8,0
Apache ZooKeeper - Server,org.apache.zookeeper.server,SnapshotFormatter,591,0,48,0,122,0,36,0,12,0
Apache ZooKeeper - Server,org.apache.zookeeper.server,SessionTrackerImpl.SessionImpl,26,0,0,0,9,0,5,0,5,0
Apache ZooKeeper - Server,org.apache.zookeeper.server,NIOServerCnxnFactory.IOWorkRequest,83,0,12,0,23,0,9,0,3,0
Apache ZooKeeper - Server,org.apache.zookeeper.server,NettyServerCnxnFactory.new ChannelInitializer() {...},51,0,6,0,10,0,5,0,2,0
Apache ZooKeeper - Server,org.apache.zookeeper.server,WorkerService.WorkRequest,4,0,0,0,2,0,2,0,2,0
Apache ZooKeeper - Server,org.apache.zookeeper.server,DataNode,215,0,12,0,59,0,22,0,16,0
Apache ZooKeeper - Server,org.apache.zookeeper.server,NIOServerCnxnFactory.new ThreadLocal() {...},6,0,0,0,2,0,2,0,2,0
Apache ZooKeeper - Server,org.apache.zookeeper.server,ResponseCache,69,0,6,0,17,0,9,0,6,0
Apache ZooKeeper - Server,org.apache.zookeeper.server,DigestCalculator,109,0,10,0,29,0,9,0,4,0
Apache ZooKeeper - Server,org.apache.zookeeper.server,ZooKeeperServer.MissingSessionException,4,0,0,0,2,0,1,0,1,0
Apache ZooKeeper - Server,org.apache.zookeeper.server,ZooKeeperServerShutdownHandler,16,0,4,0,6,0,4,0,2,0
Apache ZooKeeper - Server,org.apache.zookeeper.server,NIOServerCnxnFactory.AcceptThread,259,0,28,0,69,0,20,0,6,0
Apache ZooKeeper - Server,org.apache.zookeeper.server,TraceFormatter,112,0,6,0,32,0,5,0,2,0
Apache ZooKeeper - Server,org.apache.zookeeper.server,NettyServerCnxnFactory.CnxnChannelHandler,446,0,68,0,111,0,43,0,9,0
Apache ZooKeeper - Server,org.apache.zookeeper.server,ZooKeeperServerMain,398,0,38,0,134,0,31,0,12,0
Apache ZooKeeper - Server,org.apache.zookeeper.server,NettyServerCnxn.SendBufferWriter,67,0,8,0,16,0,9,0,5,0
Apache ZooKeeper - Server,org.apache.zookeeper.server,NettyServerCnxn.HandshakeState,21,0,0,0,4,0,1,0,1,0
Apache ZooKeeper - Server,org.apache.zookeeper.server,NIOServerCnxn,1133,0,128,0,308,0,104,0,40,0
Apache ZooKeeper - Server,org.apache.zookeeper.server,ClientCnxnLimitException,4,0,0,0,2,0,1,0,1,0
Apache ZooKeeper - Server,org.apache.zookeeper.server,SimpleRequestRecord,50,0,2,0,15,0,5,0,4,0
Apache ZooKeeper - Server,org.apache.zookeeper.server,ContainerManager.new TimerTask() {...},26,0,0,0,10,0,2,0,2,0
Apache ZooKeeper - Server,org.apache.zookeeper.server,ServerCnxn.DisconnectReason,217,0,0,0,34,0,3,0,3,0
Apache ZooKeeper - Server,org.apache.zookeeper.server,PrepRequestProcessor,2709,0,249,0,589,0,162,0,27,0
Apache ZooKeeper - Server,org.apache.zookeeper.server,Request,708,0,109,0,191,0,115,0,43,0
Apache ZooKeeper - Server,org.apache.zookeeper.server,ReferenceCountedACLCache.AtomicLongWithEquals,40,0,8,0,9,0,8,0,4,0
Apache ZooKeeper - Server,org.apache.zookeeper.server,ZooKeeperCriticalThread,27,0,0,0,8,0,3,0,3,0
Apache ZooKeeper - Server,org.apache.zookeeper.server,DatadirCleanupManager.PurgeTaskStatus,21,0,0,0,4,0,1,0,1,0
Apache ZooKeeper - Server,org.apache.zookeeper.server,NettyServerCnxnFactory.ReadIssuedTrackingHandler,38,0,4,0,11,0,5,0,3,0
Apache ZooKeeper - Server,org.apache.zookeeper.server,WorkerService,188,0,20,0,51,0,17,0,7,0
Apache ZooKeeper - Server,org.apache.zookeeper.server,DatadirCleanupManager.PurgeTask,32,0,0,0,12,0,2,0,2,0
Apache ZooKeeper - Server,org.apache.zookeeper.server,PurgeTxnLog.new FileFilter() {...},43,0,6,0,9,0,5,0,2,0
Apache ZooKeeper - Server,org.apache.zookeeper.server.watch,PathParentIterator,97,0,12,0,21,0,15,0,9,0
Apache ZooKeeper - Server,org.apache.zookeeper.server.watch,WatchManager,852,0,119,0,186,0,84,0,23,0
Apache ZooKeeper - Server,org.apache.zookeeper.server.watch,WatchesSummary,48,0,0,0,13,0,5,0,5,0
Apache ZooKeeper - Server,org.apache.zookeeper.server.watch,WatcherMode,58,0,3,0,15,0,7,0,5,0
Apache ZooKeeper - Server,org.apache.zookeeper.server.watch,WatcherOrBitSet,49,0,8,0,17,0,9,0,5,0
Apache ZooKeeper - Server,org.apache.zookeeper.server.watch,WatcherCleaner.new WorkerService.WorkRequest() {...},64,0,0,0,12,0,2,0,2,0
Apache ZooKeeper - Server,org.apache.zookeeper.server.watch,WatchStats,115,0,4,0,15,0,8,0,6,0
Apache ZooKeeper - Server,org.apache.zookeeper.server.watch,WatchesReport,62,0,4,0,12,0,7,0,5,0
Apache ZooKeeper - Server,org.apache.zookeeper.server.watch,WatchManagerOptimized,730,0,79,0,160,0,62,0,21,0
Apache ZooKeeper - Server,org.apache.zookeeper.server.watch,WatcherCleaner,308,0,24,0,81,0,18,0,6,0
Apache ZooKeeper - Server,org.apache.zookeeper.server.watch,WatchManagerFactory,41,0,2,0,11,0,4,0,3,0
Apache ZooKeeper - Server,org.apache.zookeeper.server.watch,IWatchManager,42,0,10,0,9,0,8,0,3,0
Apache ZooKeeper - Server,org.apache.zookeeper.server.watch,WatchesPathReport,60,0,4,0,12,0,7,0,5,0
Apache ZooKeeper - Server,org.apache.zookeeper.server.persistence,FileTxnSnapLog.SnapDirContentCheckException,4,0,0,0,2,0,1,0,1,0
Apache ZooKeeper - Server,org.apache.zookeeper.server.persistence,TxnLogToolkit.TxnLogToolkitException,12,0,0,0,4,0,2,0,2,0
Apache ZooKeeper - Server,org.apache.zookeeper.server.persistence,FileTxnSnapLog,757,0,73,0,171,0,66,0,29,0
Apache ZooKeeper - Server,org.apache.zookeeper.server.persistence,TxnLogToolkit,1054,0,98,0,238,0,74,0,21,0
Apache ZooKeeper - Server,org.apache.zookeeper.server.persistence,SnapshotInfo,9,0,0,0,4,0,1,0,1,0
Apache ZooKeeper - Server,org.apache.zookeeper.server.persistence,FileTxnLog.PositionInputStream,84,0,8,0,23,0,13,0,9,0
Apache ZooKeeper - Server,org.apache.zookeeper.server.persistence,FilePadding,102,0,10,0,28,0,13,0,8,0
Apache ZooKeeper - Server,org.apache.zookeeper.server.persistence,Util,178,0,16,0,49,0,25,0,17,0
Apache ZooKeeper - Server,org.apache.zookeeper.server.persistence,FileTxnSnapLog.new FilenameFilter() {...},9,0,0,0,2,0,2,0,2,0
Apache ZooKeeper - Server,org.apache.zookeeper.server.persistence,FileTxnSnapLog.new FilenameFilter() {...},9,0,0,0,2,0,2,0,2,0
Apache ZooKeeper - Server,org.apache.zookeeper.server.persistence,SnapStream.StreamMode,72,0,6,0,14,0,8,0,5,0
Apache ZooKeeper - Server,org.apache.zookeeper.server.persistence,TxnLogToolkit.TxnLogToolkitParseException,12,0,0,0,4,0,2,0,2,0
Apache ZooKeeper - Server,org.apache.zookeeper.server.persistence,FileSnap,339,0,36,0,93,0,29,0,11,0
Apache ZooKeeper - Server,org.apache.zookeeper.server.persistence,Util.DataDirFileComparator,43,0,6,0,8,0,5,0,2,0
Apache ZooKeeper - Server,org.apache.zookeeper.server.persistence,FileTxnSnapLog.DatadirException,9,0,0,0,4,0,2,0,2,0
Apache ZooKeeper - Server,org.apache.zookeeper.server.persistence,FileTxnLog,728,0,66,0,180,0,56,0,23,0
Apache ZooKeeper - Server,org.apache.zookeeper.server.persistence,FileTxnSnapLog.LogDirContentCheckException,4,0,0,0,2,0,1,0,1,0
Apache ZooKeeper - Server,org.apache.zookeeper.server.persistence,FileTxnLog.FileTxnIterator,353,0,40,0,92,0,33,0,13,0
Apache ZooKeeper - Server,org.apache.zookeeper.server.persistence,SnapStream,426,0,37,0,101,0,33,0,13,0
Apache ZooKeeper - Server,org.apache.zookeeper.util,SecurityUtils,337,0,24,0,85,0,18,0,6,0
Apache ZooKeeper - Server,org.apache.zookeeper.util,CircularBlockingQueue,255,0,10,0,68,0,34,0,29,0
Apache ZooKeeper - Server,org.apache.zookeeper.util,SecurityUtils.new PrivilegedExceptionAction() {...},75,0,0,0,6,0,2,0,2,0
Apache ZooKeeper - Server,org.apache.zookeeper.util,SecurityUtils.new PrivilegedExceptionAction() {...},35,0,0,0,6,0,2,0,2,0
Apache ZooKeeper - Server,org.apache.zookeeper.util,PemReader,306,0,14,0,76,0,17,0,10,0
Apache ZooKeeper - Server,org.apache.zookeeper.util,ServiceUtils,52,0,4,0,19,0,7,0,5,0
Apache ZooKeeper - Server,org.apache.zookeeper.server.quorum.auth,NullQuorumAuthServer,5,0,0,0,3,0,3,0,3,0
Apache ZooKeeper - Server,org.apache.zookeeper.server.quorum.auth,QuorumAuth.Status,56,0,4,0,15,0,7,0,4,0
Apache ZooKeeper - Server,org.apache.zookeeper.server.quorum.auth,QuorumAuth,37,0,2,0,8,0,5,0,4,0
Apache ZooKeeper - Server,org.apache.zookeeper.server.quorum.auth,SaslQuorumAuthLearner,330,0,28,0,83,0,24,0,9,0
Apache ZooKeeper - Server,org.apache.zookeeper.server.quorum.auth,SaslQuorumServerCallbackHandler,255,0,34,0,62,0,24,0,7,0
Apache ZooKeeper - Server,org.apache.zookeeper.server.quorum.auth,NullQuorumAuthLearner,5,0,0,0,3,0,3,0,3,0
Apache ZooKeeper - Server,org.apache.zookeeper.server.quorum.auth,SaslQuorumAuthServer,280,0,30,0,79,0,22,0,7,0
Apache ZooKeeper - Server,org.apache.zookeeper.server.quorum.auth,SaslQuorumAuthLearner.new PrivilegedExceptionAction() {...},25,0,0,0,3,0,2,0,2,0
Apache ZooKeeper - Server,org.apache.zookeeper.server.quorum.flexible,QuorumOracleMaj,337,0,52,0,78,0,41,0,15,0
Apache ZooKeeper - Server,org.apache.zookeeper.server.quorum.flexible,QuorumMaj,319,0,28,0,67,0,27,0,13,0
Apache ZooKeeper - Server,org.apache.zookeeper.server.quorum.flexible,QuorumVerifier,14,0,0,0,7,0,7,0,7,0
Apache ZooKeeper - Server,org.apache.zookeeper.server.quorum.flexible,QuorumHierarchical,996,0,88,0,186,0,60,0,16,0
Apache ZooKeeper - Server,org.apache.zookeeper.server.metric,AvgMinMaxPercentileCounter,108,0,0,0,23,0,6,0,6,0
Apache ZooKeeper - Server,org.apache.zookeeper.server.metric,AvgMinMaxPercentileCounterSet,111,0,8,0,26,0,11,0,7,0
Apache ZooKeeper - Server,org.apache.zookeeper.server.metric,Metric,7,0,0,0,5,0,5,0,5,0
Apache ZooKeeper - Server,org.apache.zookeeper.server.metric,AvgMinMaxPercentileCounter.ResettableUniformReservoir,129,0,10,0,26,0,11,0,6,0
Apache ZooKeeper - Server,org.apache.zookeeper.server.metric,SimpleCounter,40,0,0,0,12,0,5,0,5,0
Apache ZooKeeper - Server,org.apache.zookeeper.server.metric,SimpleCounterSet,54,0,0,0,12,0,6,0,6,0
Apache ZooKeeper - Server,org.apache.zookeeper.server.metric,AvgMinMaxCounter,217,0,14,0,45,0,20,0,13,0
Apache ZooKeeper - Server,org.apache.zookeeper.server.metric,AvgMinMaxCounterSet,99,0,6,0,22,0,11,0,8,0
Apache ZooKeeper - Server,org.apache.zookeeper.server.quorum,Leader.Proposal,39,0,0,0,13,0,7,0,7,0
Apache ZooKeeper - Server,org.apache.zookeeper.server.quorum,LeaderBean,116,0,6,0,28,0,17,0,14,0
Apache ZooKeeper - Server,org.apache.zookeeper.server.quorum,Leader.PureRequestProposal,28,0,0,0,7,0,4,0,4,0
Apache ZooKeeper - Server,org.apache.zookeeper.server.quorum,QuorumPeerConfig,1877,0,296,0,455,0,213,0,65,0
Apache ZooKeeper - Server,org.apache.zookeeper.server.quorum,QuorumCnxManager,1239,0,84,0,289,0,75,0,33,0
Apache ZooKeeper - Server,org.apache.zookeeper.server.quorum,Leader.LearnerCnxAcceptor,109,0,6,0,28,0,7,0,4,0
Apache ZooKeeper - Server,org.apache.zookeeper.server.quorum,BufferStats,76,0,6,0,18,0,10,0,7,0
Apache ZooKeeper - Server,org.apache.zookeeper.server.quorum,ObserverMaster,944,0,80,0,221,0,81,0,41,0
Apache ZooKeeper - Server,org.apache.zookeeper.server.quorum,FastLeaderElection.Messenger.WorkerSender,63,0,4,0,18,0,5,0,3,0
Apache ZooKeeper - Server,org.apache.zookeeper.server.quorum,LearnerSyncThrottler.SyncType,15,0,0,0,3,0,1,0,1,0
Apache ZooKeeper - Server,org.apache.zookeeper.server.quorum,MultipleAddresses,255,0,16,0,64,0,34,0,26,0
Apache ZooKeeper - Server,org.apache.zookeeper.server.quorum,QuorumCnxManager.RecvWorker,168,0,12,0,38,0,9,0,3,0
Apache ZooKeeper - Server,org.apache.zookeeper.server.quorum,UnifiedServerSocket.UnifiedInputStream,76,0,2,0,24,0,12,0,11,0
Apache ZooKeeper - Server,org.apache.zookeeper.server.quorum,LeaderSessionTracker,262,0,38,0,78,0,37,0,18,0
Apache ZooKeeper - Server,org.apache.zookeeper.server.quorum,CommitProcessor,866,0,128,0,225,0,88,0,23,0
Apache ZooKeeper - Server,org.apache.zookeeper.server.quorum,Learner,1702,0,144,0,404,0,102,0,28,0
Apache ZooKeeper - Server,org.apache.zookeeper.server.quorum,LearnerMaster,89,0,0,0,23,0,8,0,8,0
Apache ZooKeeper - Server,org.apache.zookeeper.server.quorum,FastLeaderElection,1350,0,111,0,270,0,82,0,25,0
Apache ZooKeeper - Server,org.apache.zookeeper.server.quorum,QuorumPeer.LearnerType,15,0,0,0,3,0,1,0,1,0
Apache ZooKeeper - Server,org.apache.zookeeper.server.quorum,LearnerHandler.SyncLimitCheck,114,0,12,0,32,0,11,0,5,0
Apache ZooKeeper - Server,org.apache.zookeeper.server.quorum,AckRequestProcessor,34,0,2,0,11,0,5,0,4,0
Apache ZooKeeper - Server,org.apache.zookeeper.server.quorum,PrependableSocket,40,0,6,0,13,0,6,0,3,0
Apache ZooKeeper - Server,org.apache.zookeeper.server.quorum,SyncedLearnerTracker,129,0,14,0,26,0,13,0,6,0
Apache ZooKeeper - Server,org.apache.zookeeper.server.quorum,Observer,469,0,35,0,130,0,36,0,15,0
Apache ZooKeeper - Server,org.apache.zookeeper.server.quorum,ReadOnlyZooKeeperServer,331,0,15,0,97,0,24,0,16,0
Apache ZooKeeper - Server,org.apache.zookeeper.server.quorum,QuorumCnxManager.Message,9,0,0,0,4,0,1,0,1,0
Apache ZooKeeper - Server,org.apache.zookeeper.server.quorum,Follower,541,0,50,0,132,0,38,0,10,0
Apache ZooKeeper - Server,org.apache.zookeeper.server.quorum,QuorumPeer.AddressTuple,15,0,0,0,6,0,1,0,1,0
Apache ZooKeeper - Server,org.apache.zookeeper.server.quorum,QuorumPeer.SyncMode,27,0,0,0,5,0,1,0,1,0
Apache ZooKeeper - Server,org.apache.zookeeper.server.quorum,LearnerHandler.MarkerQuorumPacket,43,0,8,0,10,0,7,0,3,0
Apache ZooKeeper - Server,org.apache.zookeeper.server.quorum,QuorumPeer.ResponderThread,143,0,8,0,41,0,7,0,2,0
Apache ZooKeeper - Server,org.apache.zookeeper.server.quorum,QuorumStats,95,0,10,0,20,0,9,0,4,0
Apache ZooKeeper - Server,org.apache.zookeeper.server.quorum,LeaderZooKeeperServer,449,0,18,0,122,0,40,0,31,0
Apache ZooKeeper - Server,org.apache.zookeeper.server.quorum,LeaderElectionBean,16,0,0,0,5,0,4,0,4,0
Apache ZooKeeper - Server,org.apache.zookeeper.server.quorum,ProposalRequestProcessor,109,0,10,0,33,0,11,0,6,0
Apache ZooKeeper - Server,org.apache.zookeeper.server.quorum,LocalPeerBean,135,0,2,0,31,0,24,0,23,0
Apache ZooKeeper - Server,org.apache.zookeeper.server.quorum,StateSummary,68,0,12,0,12,0,12,0,6,0
Apache ZooKeeper - Server,org.apache.zookeeper.server.quorum,ObserverZooKeeperServer,131,0,6,0,31,0,12,0,9,0
Apache ZooKeeper - Server,org.apache.zookeeper.server.quorum,QuorumPeer.ZabState,27,0,0,0,5,0,1,0,1,0
Apache ZooKeeper - Server,org.apache.zookeeper.server.quorum,QuorumPeerConfig.new AtomicFileWritingIdiom.OutputStreamStatement() {...},32,0,2,0,6,0,3,0,2,0
Apache ZooKeeper - Server,org.apache.zookeeper.server.quorum,QuorumPeerConfig.new AtomicFileWritingIdiom.WriterStatement() {...},71,0,6,0,14,0,5,0,2,0
Apache ZooKeeper - Server,org.apache.zookeeper.server.quorum,QuorumPeerConfig.new AtomicFileWritingIdiom.WriterStatement() {...},103,0,24,0,19,0,14,0,2,0
Apache ZooKeeper - Server,org.apache.zookeeper.server.quorum,QuorumBean,56,0,0,0,21,0,14,0,14,0
Apache ZooKeeper - Server,org.apache.zookeeper.server.quorum,FastLeaderElection.ToSend,27,0,0,0,10,0,1,0,1,0
Apache ZooKeeper - Server,org.apache.zookeeper.server.quorum,FollowerZooKeeperServer,252,0,12,0,61,0,21,0,15,0
Apache ZooKeeper - Server,org.apache.zookeeper.server.quorum,LearnerZooKeeperServer,179,0,12,0,61,0,16,0,10,0
Apache ZooKeeper - Server,org.apache.zookeeper.server.quorum,QuorumPeer.QuorumServer,960,0,119,0,197,0,84,0,24,0
Apache ZooKeeper - Server,org.apache.zookeeper.server.quorum,LearnerSyncThrottler,110,0,8,0,30,0,10,0,6,0
Apache ZooKeeper - Server,org.apache.zookeeper.server.quorum,ObserverMaster.Revalidation,77,0,12,0,15,0,9,0,3,0
Apache ZooKeeper - Server,org.apache.zookeeper.server.quorum,FollowerBean,85,0,10,0,23,0,17,0,12,0
Apache ZooKeeper - Server,org.apache.zookeeper.server.quorum,Learner.LeaderConnector,246,0,20,0,49,0,13,0,3,0
Apache ZooKeeper - Server,org.apache.zookeeper.server.quorum,LearnerHandlerBean,72,0,2,0,17,0,7,0,6,0
Apache ZooKeeper - Server,org.apache.zookeeper.server.quorum,LearnerSyncRequest,12,0,0,0,3,0,1,0,1,0
Apache ZooKeeper - Server,org.apache.zookeeper.server.quorum,QuorumCnxManager.SendWorker,348,0,26,0,91,0,21,0,8,0
Apache ZooKeeper - Server,org.apache.zookeeper.server.quorum,Leader.ToBeAppliedRequestProcessor,71,0,10,0,22,0,8,0,3,0
Apache ZooKeeper - Server,org.apache.zookeeper.server.quorum,LearnerHandler,1983,0,179,0,515,0,133,0,34,0
Apache ZooKeeper - Server,org.apache.zookeeper.server.quorum,QuorumPeer,3675,0,380,0,977,0,369,0,175,0
Apache ZooKeeper - Server,org.apache.zookeeper.server.quorum,SyncThrottleException,28,0,0,0,6,0,2,0,2,0
Apache ZooKeeper - Server,org.apache.zookeeper.server.quorum,LearnerSender,105,0,6,0,31,0,8,0,5,0
Apache ZooKeeper - Server,org.apache.zookeeper.server.quorum,QuorumPeer.new AtomicFileWritingIdiom.WriterStatement() {...},15,0,0,0,3,0,2,0,2,0
Apache ZooKeeper - Server,org.apache.zookeeper.server.quorum,QuorumPeer.new Thread() {...},37,0,2,0,10,0,3,0,2,0
Apache ZooKeeper - Server,org.apache.zookeeper.server.quorum,Leader.LearnerCnxAcceptor.LearnerCnxAcceptorHandler,139,0,12,0,39,0,9,0,3,0
Apache ZooKeeper - Server,org.apache.zookeeper.server.quorum,SendAckRequestProcessor,59,0,2,0,20,0,6,0,5,0
Apache ZooKeeper - Server,org.apache.zookeeper.server.quorum,UpgradeableSessionTracker,153,0,24,0,34,0,26,0,14,0
Apache ZooKeeper - Server,org.apache.zookeeper.server.quorum,UnifiedServerSocket.UnifiedSocket.Mode,21,0,0,0,4,0,1,0,1,0
Apache ZooKeeper - Server,org.apache.zookeeper.server.quorum,ReadOnlyRequestProcessor,138,0,17,0,46,0,15,0,6,0
Apache ZooKeeper - Server,org.apache.zookeeper.server.quorum,FastLeaderElection.Messenger.WorkerReceiver,696,0,47,0,148,0,27,0,2,0
Apache ZooKeeper - Server,org.apache.zookeeper.server.quorum,QuorumCnxManager.QuorumConnectionReqThread,29,0,0,0,8,0,2,0,2,0
Apache ZooKeeper - Server,org.apache.zookeeper.server.quorum,UnifiedServerSocket,79,0,4,0,24,0,8,0,6,0
Apache ZooKeeper - Server,org.apache.zookeeper.server.quorum,ObserverRequestProcessor,187,0,22,0,57,0,17,0,5,0
Apache ZooKeeper - Server,org.apache.zookeeper.server.quorum,ObserverMaster.new Runnable() {...},22,0,2,0,5,0,3,0,2,0
Apache ZooKeeper - Server,org.apache.zookeeper.server.quorum,SyncedLearnerTracker.QuorumVerifierAcksetPair,15,0,0,0,6,0,3,0,3,0
Apache ZooKeeper - Server,org.apache.zookeeper.server.quorum,UnifiedServerSocket.UnifiedOutputStream,46,0,2,0,17,0,8,0,7,0
Apache ZooKeeper - Server,org.apache.zookeeper.server.quorum,LeaderRequestProcessor,77,0,6,0,26,0,7,0,4,0
Apache ZooKeeper - Server,org.apache.zookeeper.server.quorum,QuorumCnxManager.InitialMessage,213,0,16,0,36,0,12,0,4,0
Apache ZooKeeper - Server,org.apache.zookeeper.server.quorum,Leader,2818,0,292,0,629,0,227,0,72,0
Apache ZooKeeper - Server,org.apache.zookeeper.server.quorum,FastLeaderElection.Messenger,52,0,0,0,12,0,3,0,3,0
Apache ZooKeeper - Server,org.apache.zookeeper.server.quorum,RemotePeerBean,68,0,2,0,17,0,10,0,9,0
Apache ZooKeeper - Server,org.apache.zookeeper.server.quorum,QuorumPeerMain,458,0,22,0,129,0,19,0,8,0
Apache ZooKeeper - Server,org.apache.zookeeper.server.quorum,ServerBean,14,0,0,0,4,0,3,0,3,0
Apache ZooKeeper - Server,org.apache.zookeeper.server.quorum,LearnerSessionTracker,300,0,38,0,79,0,36,0,17,0
Apache ZooKeeper - Server,org.apache.zookeeper.server.quorum,QuorumCnxManager.Listener.ListenerHandler,264,0,24,0,68,0,17,0,5,0
Apache ZooKeeper - Server,org.apache.zookeeper.server.quorum,FastLeaderElection.Notification,3,0,0,0,1,0,1,0,1,0
Apache ZooKeeper - Server,org.apache.zookeeper.server.quorum,ReadOnlyBean,6,0,0,0,3,0,2,0,2,0
Apache ZooKeeper - Server,org.apache.zookeeper.server.quorum,UnifiedServerSocket.UnifiedSocket,411,0,26,0,116,0,62,0,49,0
Apache ZooKeeper - Server,org.apache.zookeeper.server.quorum,LearnerHandler.new Thread() {...},24,0,0,0,7,0,2,0,2,0
Apache ZooKeeper - Server,org.apache.zookeeper.server.quorum,QuorumCnxManager.QuorumConnectionReceiverThread,19,0,0,0,6,0,2,0,2,0
Apache ZooKeeper - Server,org.apache.zookeeper.server.quorum,LocalSessionTracker,29,0,0,0,8,0,5,0,5,0
Apache ZooKeeper - Server,org.apache.zookeeper.server.quorum,Vote,224,0,26,0,56,0,27,0,14,0
Apache ZooKeeper - Server,org.apache.zookeeper.server.quorum,QuorumCnxManager.Listener,232,0,18,0,54,0,15,0,6,0
Apache ZooKeeper - Server,org.apache.zookeeper.server.quorum,Leader.XidRolloverException,4,0,0,0,2,0,1,0,1,0
Apache ZooKeeper - Server,org.apache.zookeeper.server.quorum,FollowerRequestProcessor,220,0,28,0,67,0,22,0,7,0
Apache ZooKeeper - Server,org.apache.zookeeper.server.quorum,QuorumPeer.ServerState,27,0,0,0,5,0,1,0,1,0
Apache ZooKeeper - Server,org.apache.zookeeper.server.quorum,FastLeaderElection.ToSend.mType,27,0,0,0,5,0,1,0,1,0
Apache ZooKeeper - Server,org.apache.zookeeper.server.quorum,Learner.PacketInFlight,13,0,0,0,2,0,2,0,2,0
Apache ZooKeeper - Server,org.apache.zookeeper.server.quorum,CommitProcessor.CommitWorkRequest,64,0,6,0,18,0,6,0,3,0
Apache ZooKeeper - Server,org.apache.zookeeper.server.quorum,QuorumCnxManager.InitialMessage.InitialMessageException,6,0,0,0,2,0,1,0,1,0
Apache ZooKeeper - Server,org.apache.zookeeper.server.quorum,QuorumZooKeeperServer,331,0,37,0,87,0,31,0,12,0
Apache ZooKeeper - Server,org.apache.zookeeper.metrics.impl,DefaultMetricsProvider,31,0,0,0,12,0,7,0,7,0
Apache ZooKeeper - Server,org.apache.zookeeper.metrics.impl,NullMetricsProvider.NullCounterSet,6,0,0,0,2,0,2,0,2,0
Apache ZooKeeper - Server,org.apache.zookeeper.metrics.impl,NullMetricsProvider,15,0,0,0,8,0,8,0,8,0
Apache ZooKeeper - Server,org.apache.zookeeper.metrics.impl,NullMetricsProvider.NullSummarySet,6,0,0,0,2,0,2,0,2,0
Apache ZooKeeper - Server,org.apache.zookeeper.metrics.impl,NullMetricsProvider.NullCounter,8,0,0,0,3,0,3,0,3,0
Apache ZooKeeper - Server,org.apache.zookeeper.metrics.impl,NullMetricsProvider.NullMetricsContext,22,0,0,0,11,0,11,0,11,0
Apache ZooKeeper - Server,org.apache.zookeeper.metrics.impl,DefaultMetricsProvider.DefaultMetricsContext,375,0,18,0,92,0,41,0,32,0
Apache ZooKeeper - Server,org.apache.zookeeper.metrics.impl,NullMetricsProvider.NullSummary,6,0,0,0,2,0,2,0,2,0
Apache ZooKeeper - Server,org.apache.zookeeper.metrics.impl,MetricsProviderBootstrap,50,0,0,0,14,0,3,0,3,0
Apache ZooKeeper - Server,org.apache.zookeeper.client,FourLetterWordMain,243,0,20,0,55,0,18,0,8,0
Apache ZooKeeper - Server,org.apache.zookeeper.client,HostProviderFactory,38,0,2,0,7,0,4,0,3,0
Apache ZooKeeper - Server,org.apache.zookeeper.client,ZooKeeperOptions,65,0,0,0,22,0,10,0,10,0
Apache ZooKeeper - Server,org.apache.zookeeper.client,Chroot.NotRoot,100,0,8,0,20,0,13,0,9,0
Apache ZooKeeper - Server,org.apache.zookeeper.client,ChrootWatcher,72,0,8,0,14,0,8,0,4,0
Apache ZooKeeper - Server,org.apache.zookeeper.client,HostProvider,1,0,0,0,1,0,1,0,1,0
Apache ZooKeeper - Server,org.apache.zookeeper.client,ChrootCreateCallback,55,0,4,0,14,0,6,0,4,0
Apache ZooKeeper - Server,org.apache.zookeeper.client,StaticHostProvider,91,0,0,0,22,0,10,0,10,0
Apache ZooKeeper - Server,org.apache.zookeeper.client,DnsSrvHostProvider.new TimerTask() {...},10,0,0,0,3,0,2,0,2,0
Apache ZooKeeper - Server,org.apache.zookeeper.client,Chroot,11,0,2,0,3,0,2,0,1,0
Apache ZooKeeper - Server,org.apache.zookeeper.client,ConnectStringParser,189,0,18,0,47,0,17,0,8,0
Apache ZooKeeper - Server,org.apache.zookeeper.client,DnsSrvHostProvider.DefaultDnsResolver,42,0,4,0,8,0,4,0,2,0
Apache ZooKeeper - Server,org.apache.zookeeper.client,ZooKeeperSaslClient,545,0,70,0,156,0,53,0,18,0
Apache ZooKeeper - Server,org.apache.zookeeper.client,ZKClientConfig,105,0,2,0,30,0,10,0,9,0
Apache ZooKeeper - Server,org.apache.zookeeper.client,DnsSrvHostProvider,423,0,36,0,105,0,33,0,15,0
Apache ZooKeeper - Server,org.apache.zookeeper.client,ZooKeeperSaslClient.new PrivilegedExceptionAction() {...},23,0,0,0,3,0,2,0,2,0
Apache ZooKeeper - Server,org.apache.zookeeper.client,HostConnectionManager,592,0,76,0,126,0,50,0,12,0
Apache ZooKeeper - Server,org.apache.zookeeper.client,ConnectStringParser.ConnectionType,15,0,0,0,3,0,1,0,1,0
Apache ZooKeeper - Server,org.apache.zookeeper.client,ZooKeeperSaslClient.ServerSaslResponseCallback,39,0,4,0,12,0,4,0,2,0
Apache ZooKeeper - Server,org.apache.zookeeper.client,ZooKeeperBuilder,93,0,0,0,23,0,10,0,10,0
Apache ZooKeeper - Server,org.apache.zookeeper.client,Chroot.Root,13,0,0,0,6,0,6,0,6,0
Apache ZooKeeper - Server,org.apache.zookeeper.client,ZooKeeperSaslClient.SaslState,27,0,0,0,5,0,1,0,1,0
Apache ZooKeeper - Server,org.apache.zookeeper.server.controller,CommandListener.CommandHandler,57,0,0,0,18,0,2,0,2,0
Apache ZooKeeper - Server,org.apache.zookeeper.server.controller,CommandListener,65,0,2,0,21,0,4,0,3,0
Apache ZooKeeper - Server,org.apache.zookeeper.server.controller,ControllableConnection,79,0,4,0,21,0,6,0,4,0
Apache ZooKeeper - Server,org.apache.zookeeper.server.controller,ControllerServerConfig,199,0,14,0,51,0,16,0,9,0
Apache ZooKeeper - Server,org.apache.zookeeper.server.controller,CommandClient,163,0,6,0,43,0,11,0,8,0
Apache ZooKeeper - Server,org.apache.zookeeper.server.controller,ControllableConnectionFactory,120,0,12,0,39,0,18,0,12,0
Apache ZooKeeper - Server,org.apache.zookeeper.server.controller,ZooKeeperServerController,272,0,47,0,73,0,38,0,10,0
Apache ZooKeeper - Server,org.apache.zookeeper.server.controller,ControlCommand.Action,63,0,0,0,11,0,1,0,1,0
Apache ZooKeeper - Server,org.apache.zookeeper.server.controller,ControlCommand,84,0,10,0,21,0,11,0,6,0
Apache ZooKeeper - Server,org.apache.zookeeper.server.controller,ControllerService,183,0,14,0,62,0,21,0,14,0
Apache ZooKeeper - Server,org.apache.zookeeper,KeeperException.QuotaExceededException,0,9,0,0,0,4,0,2,0,2
Apache ZooKeeper - Server,org.apache.zookeeper,KeeperException.AuthFailedException,0,4,0,0,0,2,0,1,0,1
Apache ZooKeeper - Server,org.apache.zookeeper,ZooKeeper,2989,0,181,0,738,0,201,0,109,0
Apache ZooKeeper - Server,org.apache.zookeeper,Login.new Runnable() {...},296,0,28,0,78,0,16,0,2,0
Apache ZooKeeper - Server,org.apache.zookeeper,Shell.ExitCodeException,10,0,0,0,4,0,2,0,2,0
Apache ZooKeeper - Server,org.apache.zookeeper,KeeperException.NodeExistsException,0,9,0,0,0,4,0,2,0,2
Apache ZooKeeper - Server,org.apache.zookeeper,ClientCnxnSocketNetty.new ChannelFutureListener() {...},117,0,8,0,31,0,6,0,2,0
Apache ZooKeeper - Server,org.apache.zookeeper,KeeperException.SessionExpiredException,0,4,0,0,0,2,0,1,0,1
Apache ZooKeeper - Server,org.apache.zookeeper,KeeperException.Code,0,277,0,4,0,46,0,6,0,4
Apache ZooKeeper - Server,org.apache.zookeeper,ZooKeeper.ServerDataWatchRegistration,13,0,0,0,4,0,2,0,2,0
Apache ZooKeeper - Server,org.apache.zookeeper,ClientCnxn.SendThread,1524,0,154,0,344,0,99,0,21,0
Apache ZooKeeper - Server,org.apache.zookeeper,KeeperException.ConnectionLossException,0,4,0,0,0,2,0,1,0,1
Apache ZooKeeper - Server,org.apache.zookeeper,ZooKeeper.WatchRegistration,56,0,6,0,15,0,6,0,3,0
Apache ZooKeeper - Server,org.apache.zookeeper,SaslClientCallbackHandler,149,0,16,0,33,0,11,0,3,0
Apache ZooKeeper - Server,org.apache.zookeeper,KeeperException.SystemErrorException,0,4,0,0,0,2,0,1,0,1
Apache ZooKeeper - Server,org.apache.zookeeper,Login,421,0,44,0,112,0,42,0,20,0
Apache ZooKeeper - Server,org.apache.zookeeper,WatchedEvent,78,0,0,0,20,0,9,0,9,0
Apache ZooKeeper - Server,org.apache.zookeeper,KeeperException.NoNodeException,0,9,0,0,0,4,0,2,0,2
Apache ZooKeeper - Server,org.apache.zookeeper,OpResult.GetChildrenResult,47,0,8,0,11,0,8,0,4,0
Apache ZooKeeper - Server,org.apache.zookeeper,ZooDefs.Ids,43,0,0,0,5,0,1,0,1,0
Apache ZooKeeper - Server,org.apache.zookeeper,Op.Check,67,0,10,0,12,0,10,0,5,0
Apache ZooKeeper - Server,org.apache.zookeeper,KeeperException.BadVersionException,0,9,0,0,0,4,0,2,0,2
Apache ZooKeeper - Server,org.apache.zookeeper,KeeperException.InvalidACLException,0,9,0,0,0,4,0,2,0,2
Apache ZooKeeper - Server,org.apache.zookeeper,ClientCnxn.LocalCallback,15,0,0,0,6,0,1,0,1,0
Apache ZooKeeper - Server,org.apache.zookeeper,Environment.Entry,21,0,0,0,7,0,4,0,4,0
Apache ZooKeeper - Server,org.apache.zookeeper,Op.OpKind,15,0,0,0,3,0,1,0,1,0
Apache ZooKeeper - Server,org.apache.zookeeper,DeleteContainerRequest,32,0,0,0,11,0,5,0,5,0
Apache ZooKeeper - Server,org.apache.zookeeper,ClientCnxnSocket,237,0,12,0,54,0,20,0,14,0
Apache ZooKeeper - Server,org.apache.zookeeper,ClientCnxn.RWServerFoundException,4,0,0,0,2,0,1,0,1,0
Apache ZooKeeper - Server,org.apache.zookeeper,Op.GetData,53,0,8,0,11,0,9,0,5,0
Apache ZooKeeper - Server,org.apache.zookeeper,ClientCnxn.EventThread,822,0,102,0,168,0,59,0,8,0
Apache ZooKeeper - Server,org.apache.zookeeper,KeeperException.RuntimeInconsistencyException,0,4,0,0,0,2,0,1,0,1
Apache ZooKeeper - Server,org.apache.zookeeper,KeeperException.EphemeralOnLocalSessionException,0,4,0,0,0,2,0,1,0,1
Apache ZooKeeper - Server,org.apache.zookeeper,ZooKeeper.AddWatchRegistration,52,0,7,0,9,0,7,0,3,0
Apache ZooKeeper - Server,org.apache.zookeeper,ZKWatchManager,1054,0,81,0,234,0,67,0,21,0
Apache ZooKeeper - Server,org.apache.zookeeper,Quotas,17,0,0,0,5,0,5,0,5,0
Apache ZooKeeper - Server,org.apache.zookeeper,Op.Create,187,0,24,0,44,0,22,0,10,0
Apache ZooKeeper - Server,org.apache.zookeeper,CreateOptions,30,0,0,0,10,0,5,0,5,0
Apache ZooKeeper - Server,org.apache.zookeeper,KeeperException.SessionClosedRequireAuthException,0,9,0,0,0,4,0,2,0,2
Apache ZooKeeper - Server,org.apache.zookeeper,ClientCnxn.EndOfStreamException,8,0,0,0,3,0,2,0,2,0
Apache ZooKeeper - Server,org.apache.zookeeper,ClientCnxnSocketNetty.ZKClientHandler,163,0,12,0,37,0,11,0,5,0
Apache ZooKeeper - Server,org.apache.zookeeper,KeeperException.InvalidCallbackException,0,4,0,0,0,2,0,1,0,1
Apache ZooKeeper - Server,org.apache.zookeeper,ClientCnxn.ConnectionTimeoutException,4,0,0,0,2,0,1,0,1,0
Apache ZooKeeper - Server,org.apache.zookeeper,Op.CreateTTL,91,0,6,0,14,0,10,0,7,0
Apache ZooKeeper - Server,org.apache.zookeeper,OpResult,9,0,0,0,4,0,2,0,2,0
Apache ZooKeeper - Server,org.apache.zookeeper,KeeperException.ReconfigInProgress,0,4,0,0,0,2,0,1,0,1
Apache ZooKeeper - Server,org.apache.zookeeper,KeeperException.RequestTimeoutException,0,4,0,0,0,2,0,1,0,1
Apache ZooKeeper - Server,org.apache.zookeeper,KeeperException.APIErrorException,0,4,0,0,0,2,0,1,0,1
Apache ZooKeeper - Server,org.apache.zookeeper,ZooKeeperTestable,55,0,0,0,16,0,5,0,5,0
Apache ZooKeeper - Server,org.apache.zookeeper,ClientCnxn.SessionExpiredException,4,0,0,0,2,0,1,0,1,0
Apache ZooKeeper - Server,org.apache.zookeeper,ClientCnxn.AuthData,9,0,0,0,4,0,1,0,1,0
Apache ZooKeeper - Server,org.apache.zookeeper,Shell,377,0,34,0,92,0,36,0,19,0
Apache ZooKeeper - Server,org.apache.zookeeper,Transaction,65,0,0,0,15,0,7,0,7,0
Apache ZooKeeper - Server,org.apache.zookeeper,SaslServerPrincipal.WrapperInetAddress,18,0,0,0,6,0,4,0,4,0
Apache ZooKeeper - Server,org.apache.zookeeper,ZooKeeperMain.MyCommandOptions,223,0,22,0,54,0,20,0,9,0
Apache ZooKeeper - Server,org.apache.zookeeper,ZKUtil.BatchedDeleteCbContext,15,0,0,0,4,0,1,0,1,0
Apache ZooKeeper - Server,org.apache.zookeeper,SaslServerPrincipal,95,0,8,0,25,0,8,0,4,0
Apache ZooKeeper - Server,org.apache.zookeeper,OpResult.ErrorResult,45,0,8,0,11,0,8,0,4,0
Apache ZooKeeper - Server,org.apache.zookeeper,ClientCnxnSocketNetty.ZKClientPipelineFactory,71,0,4,0,16,0,5,0,3,0
Apache ZooKeeper - Server,org.apache.zookeeper,ZooKeeper.DataWatchRegistration,18,0,0,0,4,0,2,0,2,0
Apache ZooKeeper - Server,org.apache.zookeeper,ClientCnxn,768,0,45,0,186,0,55,0,32,0
Apache ZooKeeper - Server,org.apache.zookeeper,KeeperException.NotEmptyException,0,9,0,0,0,4,0,2,0,2
Apache ZooKeeper - Server,org.apache.zookeeper,Watcher.WatcherType,66,0,6,0,17,0,9,0,4,0
Apache ZooKeeper - Server,org.apache.zookeeper,ZooKeeperMain,804,0,72,0,174,0,55,0,19,0
Apache ZooKeeper - Server,org.apache.zookeeper,AddWatchMode,28,0,0,0,7,0,3,0,3,0
Apache ZooKeeper - Server,org.apache.zookeeper,KeeperException.DataInconsistencyException,0,4,0,0,0,2,0,1,0,1
Apache ZooKeeper - Server,org.apache.zookeeper,Watcher.Event.EventType,93,0,9,0,23,0,12,0,4,0
Apache ZooKeeper - Server,org.apache.zookeeper,ClientCnxn.Packet,138,0,6,0,33,0,6,0,3,0
Apache ZooKeeper - Server,org.apache.zookeeper,ZooKeeperMain.MyWatcher,32,0,8,0,9,0,6,0,2,0
Apache ZooKeeper - Server,org.apache.zookeeper,CreateMode,163,0,16,0,41,0,23,0,9,0
Apache ZooKeeper - Server,org.apache.zookeeper,Testable,1,0,0,0,1,0,1,0,1,0
Apache ZooKeeper - Server,org.apache.zookeeper,ClientCnxnSocketNetty,468,0,60,0,131,0,56,0,26,0
Apache ZooKeeper - Server,org.apache.zookeeper,ClientCnxn.WatcherSetEventPair,9,0,0,0,4,0,1,0,1,0
Apache ZooKeeper - Server,org.apache.zookeeper,KeeperException.OperationTimeoutException,0,4,0,0,0,2,0,1,0,1
Apache ZooKeeper - Server,org.apache.zookeeper,ZKUtil,440,0,50,0,101,0,40,0,15,0
Apache ZooKeeper - Server,org.apache.zookeeper,KeeperException.UnknownSessionException,0,4,0,0,0,2,0,1,0,1
Apache ZooKeeper - Server,org.apache.zookeeper,ZookeeperBanner,67,0,2,0,5,0,4,0,3,0
Apache ZooKeeper - Server,org.apache.zookeeper,ServerAdminClient,563,0,28,0,169,0,24,0,10,0
Apache ZooKeeper - Server,org.apache.zookeeper,Watcher.Event.KeeperState,102,0,10,0,25,0,13,0,4,0
Apache ZooKeeper - Server,org.apache.zookeeper,KeeperException,0,314,0,68,0,90,0,77,0,14
Apache ZooKeeper - Server,org.apache.zookeeper,ClientCnxnSocketNetty.WakeupPacket,15,0,0,0,4,0,3,0,3,0
Apache ZooKeeper - Server,org.apache.zookeeper,KeeperException.UnimplementedException,0,4,0,0,0,2,0,1,0,1
Apache ZooKeeper - Server,org.apache.zookeeper,KeeperException.ThrottledOpException,0,4,0,0,0,2,0,1,0,1
Apache ZooKeeper - Server,org.apache.zookeeper,KeeperException.NoChildrenForEphemeralsException,0,9,0,0,0,4,0,2,0,2
Apache ZooKeeper - Server,org.apache.zookeeper,ClientCnxn.SessionTimeoutException,4,0,0,0,2,0,1,0,1,0
Apache ZooKeeper - Server,org.apache.zookeeper,ClientCnxnSocketNIO,625,0,86,0,194,0,68,0,25,0
Apache ZooKeeper - Server,org.apache.zookeeper,Op,147,0,6,0,28,0,19,0,16,0
Apache ZooKeeper - Server,org.apache.zookeeper,StatsTrack,261,0,20,0,60,0,28,0,18,0
Apache ZooKeeper - Server,org.apache.zookeeper,KeeperException.NoAuthException,0,4,0,0,0,2,0,1,0,1
Apache ZooKeeper - Server,org.apache.zookeeper,SaslServerPrincipal.WrapperInetSocketAddress,40,0,4,0,10,0,6,0,4,0
Apache ZooKeeper - Server,org.apache.zookeeper,ZooKeeper.ExistsWatchRegistration,39,0,6,0,6,0,6,0,3,0
Apache ZooKeeper - Server,org.apache.zookeeper,WatchDeregistration,34,0,0,0,9,0,3,0,3,0
Apache ZooKeeper - Server,org.apache.zookeeper,KeeperException.BadArgumentsException,0,9,0,0,0,4,0,2,0,2
Apache ZooKeeper - Server,org.apache.zookeeper,OpResult.CreateResult,102,0,22,0,19,0,18,0,7,0
Apache ZooKeeper - Server,org.apache.zookeeper,Op.Delete,67,0,10,0,12,0,10,0,5,0
Apache ZooKeeper - Server,org.apache.zookeeper,JLineZNodeCompleter,129,0,14,0,29,0,12,0,5,0
Apache ZooKeeper - Server,org.apache.zookeeper,MultiOperationRecord,397,0,40,0,99,0,34,0,11,0
Apache ZooKeeper - Server,org.apache.zookeeper,OpResult.DeleteResult,29,0,6,0,9,0,6,0,3,0
Apache ZooKeeper - Server,org.apache.zookeeper,ZooDefs,3,0,0,0,1,0,1,0,1,0
Apache ZooKeeper - Server,org.apache.zookeeper,Shell.new Thread() {...},44,0,4,0,10,0,4,0,2,0
Apache ZooKeeper - Server,org.apache.zookeeper,KeeperException.ReconfigDisabledException,0,9,0,0,0,4,0,2,0,2
Apache ZooKeeper - Server,org.apache.zookeeper,KeeperException.NewConfigNoQuorum,0,4,0,0,0,2,0,1,0,1
Apache ZooKeeper - Server,org.apache.zookeeper,ZooKeeper.ChildWatchRegistration,18,0,0,0,4,0,2,0,2,0
Apache ZooKeeper - Server,org.apache.zookeeper,Version,81,0,14,0,22,0,16,0,9,0
Apache ZooKeeper - Server,org.apache.zookeeper,Op.SetData,84,0,12,0,15,0,11,0,5,0
Apache ZooKeeper - Server,org.apache.zookeeper,OpResult.GetDataResult,82,0,14,0,13,0,12,0,5,0
Apache ZooKeeper - Server,org.apache.zookeeper,KeeperException.SessionMovedException,0,4,0,0,0,2,0,1,0,1
Apache ZooKeeper - Server,org.apache.zookeeper,Environment,162,0,2,0,33,0,5,0,4,0
Apache ZooKeeper - Server,org.apache.zookeeper,Op.GetChildren,53,0,8,0,11,0,9,0,5,0
Apache ZooKeeper - Server,org.apache.zookeeper,Shell.ShellTimeoutTimerTask,28,0,4,0,11,0,4,0,2,0
Apache ZooKeeper - Server,org.apache.zookeeper,KeeperException.NotReadOnlyException,0,4,0,0,0,2,0,1,0,1
Apache ZooKeeper - Server,org.apache.zookeeper,Shell.ShellCommandExecutor,127,0,12,0,31,0,15,0,9,0
Apache ZooKeeper - Server,org.apache.zookeeper,KeeperException.NoWatcherException,0,9,0,0,0,4,0,2,0,2
Apache ZooKeeper - Server,org.apache.zookeeper,ZooKeeper.States,65,0,8,0,10,0,7,0,3,0
Apache ZooKeeper - Server,org.apache.zookeeper,OpResult.SetDataResult,51,0,8,0,11,0,8,0,4,0
Apache ZooKeeper - Server,org.apache.zookeeper,OpResult.CheckResult,29,0,6,0,9,0,6,0,3,0
Apache ZooKeeper - Server,org.apache.zookeeper,KeeperException.MarshallingErrorException,0,4,0,0,0,2,0,1,0,1
Apache ZooKeeper - Server,org.apache.zookeeper,CreateOptions.Builder,33,0,0,0,8,0,3,0,3,0
Apache ZooKeeper - Server,org.apache.zookeeper,MultiResponse,402,0,41,0,92,0,36,0,9,0
Apache ZooKeeper - Server,org.apache.zookeeper.jmx,ManagedUtil,176,0,6,0,44,0,7,0,4,0
Apache ZooKeeper - Server,org.apache.zookeeper.jmx,MBeanRegistry,323,0,32,0,80,0,29,0,13,0
